2024-11-05 13:18:17,962 DEBUG    root            Loaded Command Group: ['gcloud', 'container', 'clusters']
2024-11-05 13:18:17,965 DEBUG    root            Loaded Command Group: ['gcloud', 'container', 'clusters', 'create']
2024-11-05 13:18:17,998 DEBUG    root            Running [gcloud.container.clusters.create] with arguments: [--num-nodes: "3", NAME: "scaling-demo"]
2024-11-05 13:18:18,002 INFO     ___FILE_ONLY___ Note: The Kubelet readonly port (10255) is now deprecated. Please update your workloads to use the recommended alternatives. See https://cloud.google.com/kubernetes-engine/docs/how-to/disable-kubelet-readonly-port for ways to check usage and for migration instructions.

2024-11-05 13:18:18,003 INFO     ___FILE_ONLY___ Note: Your Pod address range (`--cluster-ipv4-cidr`) can accommodate at most 1008 node(s).

2024-11-05 13:18:18,004 DEBUG    urllib3.connectionpool Starting new HTTPS connection (1): container.googleapis.com:443
2024-11-05 13:18:22,701 DEBUG    urllib3.connectionpool https://container.googleapis.com:443 "POST /v1/projects/proyectotest-1/locations/europe-west1-b/clusters?alt=json HTTP/1.1" 200 None
2024-11-05 13:18:22,707 INFO     ___FILE_ONLY___ Creating cluster scaling-demo in europe-west1-b...
2024-11-05 13:18:22,710 DEBUG    urllib3.connectionpool Starting new HTTPS connection (1): container.googleapis.com:443
2024-11-05 13:18:23,214 DEBUG    urllib3.connectionpool https://container.googleapis.com:443 "GET /v1/projects/proyectotest-1/locations/europe-west1-b/operations/operation-1730809102643-54d7f722-c778-47bb-bc6c-e0a11fa7c2bf?alt=json HTTP/1.1" 200 None
2024-11-05 13:18:28,223 DEBUG    urllib3.connectionpool Starting new HTTPS connection (1): container.googleapis.com:443
2024-11-05 13:18:28,999 DEBUG    urllib3.connectionpool https://container.googleapis.com:443 "GET /v1/projects/proyectotest-1/locations/europe-west1-b/operations/operation-1730809102643-54d7f722-c778-47bb-bc6c-e0a11fa7c2bf?alt=json HTTP/1.1" 200 None
2024-11-05 13:18:34,008 DEBUG    urllib3.connectionpool Starting new HTTPS connection (1): container.googleapis.com:443
2024-11-05 13:18:34,466 DEBUG    urllib3.connectionpool https://container.googleapis.com:443 "GET /v1/projects/proyectotest-1/locations/europe-west1-b/operations/operation-1730809102643-54d7f722-c778-47bb-bc6c-e0a11fa7c2bf?alt=json HTTP/1.1" 200 None
2024-11-05 13:18:39,473 DEBUG    urllib3.connectionpool Starting new HTTPS connection (1): container.googleapis.com:443
2024-11-05 13:18:39,788 DEBUG    urllib3.connectionpool https://container.googleapis.com:443 "GET /v1/projects/proyectotest-1/locations/europe-west1-b/operations/operation-1730809102643-54d7f722-c778-47bb-bc6c-e0a11fa7c2bf?alt=json HTTP/1.1" 200 None
2024-11-05 13:18:44,794 DEBUG    urllib3.connectionpool Starting new HTTPS connection (1): container.googleapis.com:443
2024-11-05 13:18:45,214 DEBUG    urllib3.connectionpool https://container.googleapis.com:443 "GET /v1/projects/proyectotest-1/locations/europe-west1-b/operations/operation-1730809102643-54d7f722-c778-47bb-bc6c-e0a11fa7c2bf?alt=json HTTP/1.1" 200 None
2024-11-05 13:18:50,221 DEBUG    urllib3.connectionpool Starting new HTTPS connection (1): container.googleapis.com:443
2024-11-05 13:18:50,637 DEBUG    urllib3.connectionpool https://container.googleapis.com:443 "GET /v1/projects/proyectotest-1/locations/europe-west1-b/operations/operation-1730809102643-54d7f722-c778-47bb-bc6c-e0a11fa7c2bf?alt=json HTTP/1.1" 200 None
2024-11-05 13:18:55,644 DEBUG    urllib3.connectionpool Starting new HTTPS connection (1): container.googleapis.com:443
2024-11-05 13:18:55,960 DEBUG    urllib3.connectionpool https://container.googleapis.com:443 "GET /v1/projects/proyectotest-1/locations/europe-west1-b/operations/operation-1730809102643-54d7f722-c778-47bb-bc6c-e0a11fa7c2bf?alt=json HTTP/1.1" 200 None
2024-11-05 13:19:00,967 DEBUG    urllib3.connectionpool Starting new HTTPS connection (1): container.googleapis.com:443
2024-11-05 13:19:01,441 DEBUG    urllib3.connectionpool https://container.googleapis.com:443 "GET /v1/projects/proyectotest-1/locations/europe-west1-b/operations/operation-1730809102643-54d7f722-c778-47bb-bc6c-e0a11fa7c2bf?alt=json HTTP/1.1" 200 None
2024-11-05 13:19:06,449 DEBUG    urllib3.connectionpool Starting new HTTPS connection (1): container.googleapis.com:443
2024-11-05 13:19:06,892 DEBUG    urllib3.connectionpool https://container.googleapis.com:443 "GET /v1/projects/proyectotest-1/locations/europe-west1-b/operations/operation-1730809102643-54d7f722-c778-47bb-bc6c-e0a11fa7c2bf?alt=json HTTP/1.1" 200 None
2024-11-05 13:19:11,900 DEBUG    urllib3.connectionpool Starting new HTTPS connection (1): container.googleapis.com:443
2024-11-05 13:19:12,334 DEBUG    urllib3.connectionpool https://container.googleapis.com:443 "GET /v1/projects/proyectotest-1/locations/europe-west1-b/operations/operation-1730809102643-54d7f722-c778-47bb-bc6c-e0a11fa7c2bf?alt=json HTTP/1.1" 200 None
2024-11-05 13:19:17,343 DEBUG    urllib3.connectionpool Starting new HTTPS connection (1): container.googleapis.com:443
2024-11-05 13:19:17,772 DEBUG    urllib3.connectionpool https://container.googleapis.com:443 "GET /v1/projects/proyectotest-1/locations/europe-west1-b/operations/operation-1730809102643-54d7f722-c778-47bb-bc6c-e0a11fa7c2bf?alt=json HTTP/1.1" 200 None
2024-11-05 13:19:22,780 DEBUG    urllib3.connectionpool Starting new HTTPS connection (1): container.googleapis.com:443
2024-11-05 13:19:23,201 DEBUG    urllib3.connectionpool https://container.googleapis.com:443 "GET /v1/projects/proyectotest-1/locations/europe-west1-b/operations/operation-1730809102643-54d7f722-c778-47bb-bc6c-e0a11fa7c2bf?alt=json HTTP/1.1" 200 None
2024-11-05 13:19:28,209 DEBUG    urllib3.connectionpool Starting new HTTPS connection (1): container.googleapis.com:443
2024-11-05 13:19:28,428 DEBUG    urllib3.connectionpool https://container.googleapis.com:443 "GET /v1/projects/proyectotest-1/locations/europe-west1-b/operations/operation-1730809102643-54d7f722-c778-47bb-bc6c-e0a11fa7c2bf?alt=json HTTP/1.1" 200 None
2024-11-05 13:19:33,433 DEBUG    urllib3.connectionpool Starting new HTTPS connection (1): container.googleapis.com:443
2024-11-05 13:19:33,749 DEBUG    urllib3.connectionpool https://container.googleapis.com:443 "GET /v1/projects/proyectotest-1/locations/europe-west1-b/operations/operation-1730809102643-54d7f722-c778-47bb-bc6c-e0a11fa7c2bf?alt=json HTTP/1.1" 200 None
2024-11-05 13:19:38,755 DEBUG    urllib3.connectionpool Starting new HTTPS connection (1): container.googleapis.com:443
2024-11-05 13:19:39,070 DEBUG    urllib3.connectionpool https://container.googleapis.com:443 "GET /v1/projects/proyectotest-1/locations/europe-west1-b/operations/operation-1730809102643-54d7f722-c778-47bb-bc6c-e0a11fa7c2bf?alt=json HTTP/1.1" 200 None
2024-11-05 13:19:44,077 DEBUG    urllib3.connectionpool Starting new HTTPS connection (1): container.googleapis.com:443
2024-11-05 13:19:44,397 DEBUG    urllib3.connectionpool https://container.googleapis.com:443 "GET /v1/projects/proyectotest-1/locations/europe-west1-b/operations/operation-1730809102643-54d7f722-c778-47bb-bc6c-e0a11fa7c2bf?alt=json HTTP/1.1" 200 None
2024-11-05 13:19:49,405 DEBUG    urllib3.connectionpool Starting new HTTPS connection (1): container.googleapis.com:443
2024-11-05 13:19:49,823 DEBUG    urllib3.connectionpool https://container.googleapis.com:443 "GET /v1/projects/proyectotest-1/locations/europe-west1-b/operations/operation-1730809102643-54d7f722-c778-47bb-bc6c-e0a11fa7c2bf?alt=json HTTP/1.1" 200 None
2024-11-05 13:19:54,826 DEBUG    urllib3.connectionpool Starting new HTTPS connection (1): container.googleapis.com:443
2024-11-05 13:19:55,353 DEBUG    urllib3.connectionpool https://container.googleapis.com:443 "GET /v1/projects/proyectotest-1/locations/europe-west1-b/operations/operation-1730809102643-54d7f722-c778-47bb-bc6c-e0a11fa7c2bf?alt=json HTTP/1.1" 200 None
2024-11-05 13:20:00,358 DEBUG    urllib3.connectionpool Starting new HTTPS connection (1): container.googleapis.com:443
2024-11-05 13:20:00,678 DEBUG    urllib3.connectionpool https://container.googleapis.com:443 "GET /v1/projects/proyectotest-1/locations/europe-west1-b/operations/operation-1730809102643-54d7f722-c778-47bb-bc6c-e0a11fa7c2bf?alt=json HTTP/1.1" 200 None
2024-11-05 13:20:05,683 DEBUG    urllib3.connectionpool Starting new HTTPS connection (1): container.googleapis.com:443
2024-11-05 13:20:06,107 DEBUG    urllib3.connectionpool https://container.googleapis.com:443 "GET /v1/projects/proyectotest-1/locations/europe-west1-b/operations/operation-1730809102643-54d7f722-c778-47bb-bc6c-e0a11fa7c2bf?alt=json HTTP/1.1" 200 None
2024-11-05 13:20:11,112 DEBUG    urllib3.connectionpool Starting new HTTPS connection (1): container.googleapis.com:443
2024-11-05 13:20:11,434 DEBUG    urllib3.connectionpool https://container.googleapis.com:443 "GET /v1/projects/proyectotest-1/locations/europe-west1-b/operations/operation-1730809102643-54d7f722-c778-47bb-bc6c-e0a11fa7c2bf?alt=json HTTP/1.1" 200 None
2024-11-05 13:20:16,440 DEBUG    urllib3.connectionpool Starting new HTTPS connection (1): container.googleapis.com:443
2024-11-05 13:20:16,701 DEBUG    urllib3.connectionpool https://container.googleapis.com:443 "GET /v1/projects/proyectotest-1/locations/europe-west1-b/operations/operation-1730809102643-54d7f722-c778-47bb-bc6c-e0a11fa7c2bf?alt=json HTTP/1.1" 200 None
2024-11-05 13:20:21,708 DEBUG    urllib3.connectionpool Starting new HTTPS connection (1): container.googleapis.com:443
2024-11-05 13:20:22,037 DEBUG    urllib3.connectionpool https://container.googleapis.com:443 "GET /v1/projects/proyectotest-1/locations/europe-west1-b/operations/operation-1730809102643-54d7f722-c778-47bb-bc6c-e0a11fa7c2bf?alt=json HTTP/1.1" 200 None
2024-11-05 13:20:27,043 DEBUG    urllib3.connectionpool Starting new HTTPS connection (1): container.googleapis.com:443
2024-11-05 13:20:27,423 DEBUG    urllib3.connectionpool https://container.googleapis.com:443 "GET /v1/projects/proyectotest-1/locations/europe-west1-b/operations/operation-1730809102643-54d7f722-c778-47bb-bc6c-e0a11fa7c2bf?alt=json HTTP/1.1" 200 None
2024-11-05 13:20:32,430 DEBUG    urllib3.connectionpool Starting new HTTPS connection (1): container.googleapis.com:443
2024-11-05 13:20:32,964 DEBUG    urllib3.connectionpool https://container.googleapis.com:443 "GET /v1/projects/proyectotest-1/locations/europe-west1-b/operations/operation-1730809102643-54d7f722-c778-47bb-bc6c-e0a11fa7c2bf?alt=json HTTP/1.1" 200 None
2024-11-05 13:20:38,034 DEBUG    urllib3.connectionpool Starting new HTTPS connection (1): container.googleapis.com:443
2024-11-05 13:20:38,501 DEBUG    urllib3.connectionpool https://container.googleapis.com:443 "GET /v1/projects/proyectotest-1/locations/europe-west1-b/operations/operation-1730809102643-54d7f722-c778-47bb-bc6c-e0a11fa7c2bf?alt=json HTTP/1.1" 200 None
2024-11-05 13:20:43,507 DEBUG    urllib3.connectionpool Starting new HTTPS connection (1): container.googleapis.com:443
2024-11-05 13:20:43,914 DEBUG    urllib3.connectionpool https://container.googleapis.com:443 "GET /v1/projects/proyectotest-1/locations/europe-west1-b/operations/operation-1730809102643-54d7f722-c778-47bb-bc6c-e0a11fa7c2bf?alt=json HTTP/1.1" 200 None
2024-11-05 13:20:48,920 DEBUG    urllib3.connectionpool Starting new HTTPS connection (1): container.googleapis.com:443
2024-11-05 13:20:49,243 DEBUG    urllib3.connectionpool https://container.googleapis.com:443 "GET /v1/projects/proyectotest-1/locations/europe-west1-b/operations/operation-1730809102643-54d7f722-c778-47bb-bc6c-e0a11fa7c2bf?alt=json HTTP/1.1" 200 None
2024-11-05 13:20:54,248 DEBUG    urllib3.connectionpool Starting new HTTPS connection (1): container.googleapis.com:443
2024-11-05 13:20:54,774 DEBUG    urllib3.connectionpool https://container.googleapis.com:443 "GET /v1/projects/proyectotest-1/locations/europe-west1-b/operations/operation-1730809102643-54d7f722-c778-47bb-bc6c-e0a11fa7c2bf?alt=json HTTP/1.1" 200 None
2024-11-05 13:20:59,781 DEBUG    urllib3.connectionpool Starting new HTTPS connection (1): container.googleapis.com:443
2024-11-05 13:21:00,052 DEBUG    urllib3.connectionpool https://container.googleapis.com:443 "GET /v1/projects/proyectotest-1/locations/europe-west1-b/operations/operation-1730809102643-54d7f722-c778-47bb-bc6c-e0a11fa7c2bf?alt=json HTTP/1.1" 200 None
2024-11-05 13:21:05,057 DEBUG    urllib3.connectionpool Starting new HTTPS connection (1): container.googleapis.com:443
2024-11-05 13:21:05,532 DEBUG    urllib3.connectionpool https://container.googleapis.com:443 "GET /v1/projects/proyectotest-1/locations/europe-west1-b/operations/operation-1730809102643-54d7f722-c778-47bb-bc6c-e0a11fa7c2bf?alt=json HTTP/1.1" 200 None
2024-11-05 13:21:10,537 DEBUG    urllib3.connectionpool Starting new HTTPS connection (1): container.googleapis.com:443
2024-11-05 13:21:10,964 DEBUG    urllib3.connectionpool https://container.googleapis.com:443 "GET /v1/projects/proyectotest-1/locations/europe-west1-b/operations/operation-1730809102643-54d7f722-c778-47bb-bc6c-e0a11fa7c2bf?alt=json HTTP/1.1" 200 None
2024-11-05 13:21:15,969 DEBUG    urllib3.connectionpool Starting new HTTPS connection (1): container.googleapis.com:443
2024-11-05 13:21:16,321 DEBUG    urllib3.connectionpool https://container.googleapis.com:443 "GET /v1/projects/proyectotest-1/locations/europe-west1-b/operations/operation-1730809102643-54d7f722-c778-47bb-bc6c-e0a11fa7c2bf?alt=json HTTP/1.1" 200 None
2024-11-05 13:21:21,329 DEBUG    urllib3.connectionpool Starting new HTTPS connection (1): container.googleapis.com:443
2024-11-05 13:21:21,821 DEBUG    urllib3.connectionpool https://container.googleapis.com:443 "GET /v1/projects/proyectotest-1/locations/europe-west1-b/operations/operation-1730809102643-54d7f722-c778-47bb-bc6c-e0a11fa7c2bf?alt=json HTTP/1.1" 200 None
2024-11-05 13:21:26,826 DEBUG    urllib3.connectionpool Starting new HTTPS connection (1): container.googleapis.com:443
2024-11-05 13:21:27,149 DEBUG    urllib3.connectionpool https://container.googleapis.com:443 "GET /v1/projects/proyectotest-1/locations/europe-west1-b/operations/operation-1730809102643-54d7f722-c778-47bb-bc6c-e0a11fa7c2bf?alt=json HTTP/1.1" 200 None
2024-11-05 13:21:32,156 DEBUG    urllib3.connectionpool Starting new HTTPS connection (1): container.googleapis.com:443
2024-11-05 13:21:32,577 DEBUG    urllib3.connectionpool https://container.googleapis.com:443 "GET /v1/projects/proyectotest-1/locations/europe-west1-b/operations/operation-1730809102643-54d7f722-c778-47bb-bc6c-e0a11fa7c2bf?alt=json HTTP/1.1" 200 None
2024-11-05 13:21:37,582 DEBUG    urllib3.connectionpool Starting new HTTPS connection (1): container.googleapis.com:443
2024-11-05 13:21:37,915 DEBUG    urllib3.connectionpool https://container.googleapis.com:443 "GET /v1/projects/proyectotest-1/locations/europe-west1-b/operations/operation-1730809102643-54d7f722-c778-47bb-bc6c-e0a11fa7c2bf?alt=json HTTP/1.1" 200 None
2024-11-05 13:21:42,919 DEBUG    urllib3.connectionpool Starting new HTTPS connection (1): container.googleapis.com:443
2024-11-05 13:21:43,364 DEBUG    urllib3.connectionpool https://container.googleapis.com:443 "GET /v1/projects/proyectotest-1/locations/europe-west1-b/operations/operation-1730809102643-54d7f722-c778-47bb-bc6c-e0a11fa7c2bf?alt=json HTTP/1.1" 200 None
2024-11-05 13:21:48,369 DEBUG    urllib3.connectionpool Starting new HTTPS connection (1): container.googleapis.com:443
2024-11-05 13:21:48,776 DEBUG    urllib3.connectionpool https://container.googleapis.com:443 "GET /v1/projects/proyectotest-1/locations/europe-west1-b/operations/operation-1730809102643-54d7f722-c778-47bb-bc6c-e0a11fa7c2bf?alt=json HTTP/1.1" 200 None
2024-11-05 13:21:53,778 DEBUG    urllib3.connectionpool Starting new HTTPS connection (1): container.googleapis.com:443
2024-11-05 13:21:54,080 DEBUG    urllib3.connectionpool https://container.googleapis.com:443 "GET /v1/projects/proyectotest-1/locations/europe-west1-b/operations/operation-1730809102643-54d7f722-c778-47bb-bc6c-e0a11fa7c2bf?alt=json HTTP/1.1" 200 None
2024-11-05 13:21:59,083 DEBUG    urllib3.connectionpool Starting new HTTPS connection (1): container.googleapis.com:443
2024-11-05 13:21:59,462 DEBUG    urllib3.connectionpool https://container.googleapis.com:443 "GET /v1/projects/proyectotest-1/locations/europe-west1-b/operations/operation-1730809102643-54d7f722-c778-47bb-bc6c-e0a11fa7c2bf?alt=json HTTP/1.1" 200 None
2024-11-05 13:22:04,464 DEBUG    urllib3.connectionpool Starting new HTTPS connection (1): container.googleapis.com:443
2024-11-05 13:22:04,963 DEBUG    urllib3.connectionpool https://container.googleapis.com:443 "GET /v1/projects/proyectotest-1/locations/europe-west1-b/operations/operation-1730809102643-54d7f722-c778-47bb-bc6c-e0a11fa7c2bf?alt=json HTTP/1.1" 200 None
2024-11-05 13:22:09,967 DEBUG    urllib3.connectionpool Starting new HTTPS connection (1): container.googleapis.com:443
2024-11-05 13:22:10,267 DEBUG    urllib3.connectionpool https://container.googleapis.com:443 "GET /v1/projects/proyectotest-1/locations/europe-west1-b/operations/operation-1730809102643-54d7f722-c778-47bb-bc6c-e0a11fa7c2bf?alt=json HTTP/1.1" 200 None
2024-11-05 13:22:15,270 DEBUG    urllib3.connectionpool Starting new HTTPS connection (1): container.googleapis.com:443
2024-11-05 13:22:15,832 DEBUG    urllib3.connectionpool https://container.googleapis.com:443 "GET /v1/projects/proyectotest-1/locations/europe-west1-b/operations/operation-1730809102643-54d7f722-c778-47bb-bc6c-e0a11fa7c2bf?alt=json HTTP/1.1" 200 None
2024-11-05 13:22:20,834 DEBUG    urllib3.connectionpool Starting new HTTPS connection (1): container.googleapis.com:443
2024-11-05 13:22:21,370 DEBUG    urllib3.connectionpool https://container.googleapis.com:443 "GET /v1/projects/proyectotest-1/locations/europe-west1-b/operations/operation-1730809102643-54d7f722-c778-47bb-bc6c-e0a11fa7c2bf?alt=json HTTP/1.1" 200 None
2024-11-05 13:22:26,373 DEBUG    urllib3.connectionpool Starting new HTTPS connection (1): container.googleapis.com:443
2024-11-05 13:22:26,671 DEBUG    urllib3.connectionpool https://container.googleapis.com:443 "GET /v1/projects/proyectotest-1/locations/europe-west1-b/operations/operation-1730809102643-54d7f722-c778-47bb-bc6c-e0a11fa7c2bf?alt=json HTTP/1.1" 200 None
2024-11-05 13:22:31,675 DEBUG    urllib3.connectionpool Starting new HTTPS connection (1): container.googleapis.com:443
2024-11-05 13:22:32,100 DEBUG    urllib3.connectionpool https://container.googleapis.com:443 "GET /v1/projects/proyectotest-1/locations/europe-west1-b/operations/operation-1730809102643-54d7f722-c778-47bb-bc6c-e0a11fa7c2bf?alt=json HTTP/1.1" 200 None
2024-11-05 13:22:37,103 DEBUG    urllib3.connectionpool Starting new HTTPS connection (1): container.googleapis.com:443
2024-11-05 13:22:37,481 DEBUG    urllib3.connectionpool https://container.googleapis.com:443 "GET /v1/projects/proyectotest-1/locations/europe-west1-b/operations/operation-1730809102643-54d7f722-c778-47bb-bc6c-e0a11fa7c2bf?alt=json HTTP/1.1" 200 None
2024-11-05 13:22:42,483 DEBUG    urllib3.connectionpool Starting new HTTPS connection (1): container.googleapis.com:443
2024-11-05 13:22:42,849 DEBUG    urllib3.connectionpool https://container.googleapis.com:443 "GET /v1/projects/proyectotest-1/locations/europe-west1-b/operations/operation-1730809102643-54d7f722-c778-47bb-bc6c-e0a11fa7c2bf?alt=json HTTP/1.1" 200 None
2024-11-05 13:22:47,852 DEBUG    urllib3.connectionpool Starting new HTTPS connection (1): container.googleapis.com:443
2024-11-05 13:22:48,297 DEBUG    urllib3.connectionpool https://container.googleapis.com:443 "GET /v1/projects/proyectotest-1/locations/europe-west1-b/operations/operation-1730809102643-54d7f722-c778-47bb-bc6c-e0a11fa7c2bf?alt=json HTTP/1.1" 200 None
2024-11-05 13:22:53,304 DEBUG    urllib3.connectionpool Starting new HTTPS connection (1): container.googleapis.com:443
2024-11-05 13:22:53,804 DEBUG    urllib3.connectionpool https://container.googleapis.com:443 "GET /v1/projects/proyectotest-1/locations/europe-west1-b/operations/operation-1730809102643-54d7f722-c778-47bb-bc6c-e0a11fa7c2bf?alt=json HTTP/1.1" 200 None
2024-11-05 13:22:58,812 DEBUG    urllib3.connectionpool Starting new HTTPS connection (1): container.googleapis.com:443
2024-11-05 13:22:59,241 DEBUG    urllib3.connectionpool https://container.googleapis.com:443 "GET /v1/projects/proyectotest-1/locations/europe-west1-b/operations/operation-1730809102643-54d7f722-c778-47bb-bc6c-e0a11fa7c2bf?alt=json HTTP/1.1" 200 None
2024-11-05 13:23:04,248 DEBUG    urllib3.connectionpool Starting new HTTPS connection (1): container.googleapis.com:443
2024-11-05 13:23:04,692 DEBUG    urllib3.connectionpool https://container.googleapis.com:443 "GET /v1/projects/proyectotest-1/locations/europe-west1-b/operations/operation-1730809102643-54d7f722-c778-47bb-bc6c-e0a11fa7c2bf?alt=json HTTP/1.1" 200 None
2024-11-05 13:23:09,697 DEBUG    urllib3.connectionpool Starting new HTTPS connection (1): container.googleapis.com:443
2024-11-05 13:23:10,295 DEBUG    urllib3.connectionpool https://container.googleapis.com:443 "GET /v1/projects/proyectotest-1/locations/europe-west1-b/operations/operation-1730809102643-54d7f722-c778-47bb-bc6c-e0a11fa7c2bf?alt=json HTTP/1.1" 200 None
2024-11-05 13:23:15,304 DEBUG    urllib3.connectionpool Starting new HTTPS connection (1): container.googleapis.com:443
2024-11-05 13:23:15,839 DEBUG    urllib3.connectionpool https://container.googleapis.com:443 "GET /v1/projects/proyectotest-1/locations/europe-west1-b/operations/operation-1730809102643-54d7f722-c778-47bb-bc6c-e0a11fa7c2bf?alt=json HTTP/1.1" 200 None
2024-11-05 13:23:20,848 DEBUG    urllib3.connectionpool Starting new HTTPS connection (1): container.googleapis.com:443
2024-11-05 13:23:21,205 DEBUG    urllib3.connectionpool https://container.googleapis.com:443 "GET /v1/projects/proyectotest-1/locations/europe-west1-b/operations/operation-1730809102643-54d7f722-c778-47bb-bc6c-e0a11fa7c2bf?alt=json HTTP/1.1" 200 None
2024-11-05 13:23:26,212 DEBUG    urllib3.connectionpool Starting new HTTPS connection (1): container.googleapis.com:443
2024-11-05 13:23:26,746 DEBUG    urllib3.connectionpool https://container.googleapis.com:443 "GET /v1/projects/proyectotest-1/locations/europe-west1-b/operations/operation-1730809102643-54d7f722-c778-47bb-bc6c-e0a11fa7c2bf?alt=json HTTP/1.1" 200 None
2024-11-05 13:23:31,755 DEBUG    urllib3.connectionpool Starting new HTTPS connection (1): container.googleapis.com:443
2024-11-05 13:23:32,388 DEBUG    urllib3.connectionpool https://container.googleapis.com:443 "GET /v1/projects/proyectotest-1/locations/europe-west1-b/operations/operation-1730809102643-54d7f722-c778-47bb-bc6c-e0a11fa7c2bf?alt=json HTTP/1.1" 200 None
2024-11-05 13:23:37,394 DEBUG    urllib3.connectionpool Starting new HTTPS connection (1): container.googleapis.com:443
2024-11-05 13:23:37,785 DEBUG    urllib3.connectionpool https://container.googleapis.com:443 "GET /v1/projects/proyectotest-1/locations/europe-west1-b/operations/operation-1730809102643-54d7f722-c778-47bb-bc6c-e0a11fa7c2bf?alt=json HTTP/1.1" 200 None
2024-11-05 13:23:42,793 DEBUG    urllib3.connectionpool Starting new HTTPS connection (1): container.googleapis.com:443
2024-11-05 13:23:43,231 DEBUG    urllib3.connectionpool https://container.googleapis.com:443 "GET /v1/projects/proyectotest-1/locations/europe-west1-b/operations/operation-1730809102643-54d7f722-c778-47bb-bc6c-e0a11fa7c2bf?alt=json HTTP/1.1" 200 None
2024-11-05 13:23:48,238 DEBUG    urllib3.connectionpool Starting new HTTPS connection (1): container.googleapis.com:443
2024-11-05 13:23:48,745 DEBUG    urllib3.connectionpool https://container.googleapis.com:443 "GET /v1/projects/proyectotest-1/locations/europe-west1-b/operations/operation-1730809102643-54d7f722-c778-47bb-bc6c-e0a11fa7c2bf?alt=json HTTP/1.1" 200 None
2024-11-05 13:23:53,753 DEBUG    urllib3.connectionpool Starting new HTTPS connection (1): container.googleapis.com:443
2024-11-05 13:23:54,060 DEBUG    urllib3.connectionpool https://container.googleapis.com:443 "GET /v1/projects/proyectotest-1/locations/europe-west1-b/operations/operation-1730809102643-54d7f722-c778-47bb-bc6c-e0a11fa7c2bf?alt=json HTTP/1.1" 200 None
2024-11-05 13:23:59,067 DEBUG    urllib3.connectionpool Starting new HTTPS connection (1): container.googleapis.com:443
2024-11-05 13:23:59,493 DEBUG    urllib3.connectionpool https://container.googleapis.com:443 "GET /v1/projects/proyectotest-1/locations/europe-west1-b/operations/operation-1730809102643-54d7f722-c778-47bb-bc6c-e0a11fa7c2bf?alt=json HTTP/1.1" 200 None
2024-11-05 13:24:04,500 DEBUG    urllib3.connectionpool Starting new HTTPS connection (1): container.googleapis.com:443
2024-11-05 13:24:05,225 DEBUG    urllib3.connectionpool https://container.googleapis.com:443 "GET /v1/projects/proyectotest-1/locations/europe-west1-b/operations/operation-1730809102643-54d7f722-c778-47bb-bc6c-e0a11fa7c2bf?alt=json HTTP/1.1" 200 None
2024-11-05 13:24:10,230 DEBUG    urllib3.connectionpool Starting new HTTPS connection (1): container.googleapis.com:443
2024-11-05 13:24:10,968 DEBUG    urllib3.connectionpool https://container.googleapis.com:443 "GET /v1/projects/proyectotest-1/locations/europe-west1-b/operations/operation-1730809102643-54d7f722-c778-47bb-bc6c-e0a11fa7c2bf?alt=json HTTP/1.1" 200 None
2024-11-05 13:24:15,974 DEBUG    urllib3.connectionpool Starting new HTTPS connection (1): container.googleapis.com:443
2024-11-05 13:24:16,388 DEBUG    urllib3.connectionpool https://container.googleapis.com:443 "GET /v1/projects/proyectotest-1/locations/europe-west1-b/operations/operation-1730809102643-54d7f722-c778-47bb-bc6c-e0a11fa7c2bf?alt=json HTTP/1.1" 200 None
2024-11-05 13:24:21,394 DEBUG    urllib3.connectionpool Starting new HTTPS connection (1): container.googleapis.com:443
2024-11-05 13:24:21,818 DEBUG    urllib3.connectionpool https://container.googleapis.com:443 "GET /v1/projects/proyectotest-1/locations/europe-west1-b/operations/operation-1730809102643-54d7f722-c778-47bb-bc6c-e0a11fa7c2bf?alt=json HTTP/1.1" 200 None
2024-11-05 13:24:26,823 DEBUG    urllib3.connectionpool Starting new HTTPS connection (1): container.googleapis.com:443
2024-11-05 13:24:27,556 DEBUG    urllib3.connectionpool https://container.googleapis.com:443 "GET /v1/projects/proyectotest-1/locations/europe-west1-b/operations/operation-1730809102643-54d7f722-c778-47bb-bc6c-e0a11fa7c2bf?alt=json HTTP/1.1" 200 None
2024-11-05 13:24:32,564 DEBUG    urllib3.connectionpool Starting new HTTPS connection (1): container.googleapis.com:443
2024-11-05 13:24:32,976 DEBUG    urllib3.connectionpool https://container.googleapis.com:443 "GET /v1/projects/proyectotest-1/locations/europe-west1-b/operations/operation-1730809102643-54d7f722-c778-47bb-bc6c-e0a11fa7c2bf?alt=json HTTP/1.1" 200 None
2024-11-05 13:24:32,980 INFO     root            Operation <Operation
 clusterConditions: []
 endTime: '2024-11-05T12:24:31.46457043Z'
 name: 'operation-1730809102643-54d7f722-c778-47bb-bc6c-e0a11fa7c2bf'
 nodepoolConditions: []
 operationType: OperationTypeValueValuesEnum(CREATE_CLUSTER, 1)
 progress: <OperationProgress
 metrics: [<Metric
 intValue: 10
 name: 'CLUSTER_CONFIGURING'>, <Metric
 intValue: 10
 name: 'CLUSTER_CONFIGURING_TOTAL'>, <Metric
 intValue: 12
 name: 'CLUSTER_DEPLOYING'>, <Metric
 intValue: 12
 name: 'CLUSTER_DEPLOYING_TOTAL'>, <Metric
 intValue: 1
 name: 'CLUSTER_HEALTHCHECKING'>, <Metric
 intValue: 2
 name: 'CLUSTER_HEALTHCHECKING_TOTAL'>]
 stages: []>
 selfLink: 'https://container.googleapis.com/v1/projects/166772230865/zones/europe-west1-b/operations/operation-1730809102643-54d7f722-c778-47bb-bc6c-e0a11fa7c2bf'
 startTime: '2024-11-05T12:18:22.643697175Z'
 status: StatusValueValuesEnum(DONE, 3)
 targetLink: 'https://container.googleapis.com/v1/projects/166772230865/zones/europe-west1-b/clusters/scaling-demo'
 zone: 'europe-west1-b'> finished after 3.7e+02 seconds
2024-11-05 13:24:33,124 DEBUG    urllib3.connectionpool Starting new HTTPS connection (1): container.googleapis.com:443
2024-11-05 13:24:33,638 DEBUG    urllib3.connectionpool https://container.googleapis.com:443 "GET /v1/projects/proyectotest-1/locations/europe-west1-b/clusters/scaling-demo?alt=json HTTP/1.1" 200 None
2024-11-05 13:24:33,646 INFO     ___FILE_ONLY___ Created [https://container.googleapis.com/v1/projects/proyectotest-1/zones/europe-west1-b/clusters/scaling-demo].

2024-11-05 13:24:33,646 INFO     ___FILE_ONLY___ To inspect the contents of your cluster, go to: https://console.cloud.google.com/kubernetes/workload_/gcloud/europe-west1-b/scaling-demo?project=proyectotest-1

2024-11-05 13:24:33,701 DEBUG    root            Saved kubeconfig to /home/javierdrp/.kube/config
2024-11-05 13:24:33,701 INFO     ___FILE_ONLY___ kubeconfig entry generated for scaling-demo.

2024-11-05 13:24:33,701 DEBUG    root            Chosen display Format:
    table(
        name,
        zone:label=LOCATION,
        master_version():label=MASTER_VERSION,
        endpoint:label=MASTER_IP,
        nodePools[0].config.machineType,
        currentNodeVersion:label=NODE_VERSION,
        firstof(currentNodeCount,initialNodeCount):label=NUM_NODES,
        status
    )

2024-11-05 13:24:33,702 INFO     root            Display format: "
    table(
        name,
        zone:label=LOCATION,
        master_version():label=MASTER_VERSION,
        endpoint:label=MASTER_IP,
        nodePools[0].config.machineType,
        currentNodeVersion:label=NODE_VERSION,
        firstof(currentNodeCount,initialNodeCount):label=NUM_NODES,
        status
    )
"
2024-11-05 13:24:33,720 INFO     ___FILE_ONLY___ NAME
2024-11-05 13:24:33,720 INFO     ___FILE_ONLY___           
2024-11-05 13:24:33,720 INFO     ___FILE_ONLY___ LOCATION
2024-11-05 13:24:33,720 INFO     ___FILE_ONLY___         
2024-11-05 13:24:33,720 INFO     ___FILE_ONLY___ MASTER_VERSION
2024-11-05 13:24:33,720 INFO     ___FILE_ONLY___       
2024-11-05 13:24:33,720 INFO     ___FILE_ONLY___ MASTER_IP
2024-11-05 13:24:33,720 INFO     ___FILE_ONLY___       
2024-11-05 13:24:33,720 INFO     ___FILE_ONLY___ MACHINE_TYPE
2024-11-05 13:24:33,720 INFO     ___FILE_ONLY___   
2024-11-05 13:24:33,720 INFO     ___FILE_ONLY___ NODE_VERSION
2024-11-05 13:24:33,720 INFO     ___FILE_ONLY___         
2024-11-05 13:24:33,720 INFO     ___FILE_ONLY___ NUM_NODES
2024-11-05 13:24:33,720 INFO     ___FILE_ONLY___   
2024-11-05 13:24:33,720 INFO     ___FILE_ONLY___ STATUS
2024-11-05 13:24:33,720 INFO     ___FILE_ONLY___ 

2024-11-05 13:24:33,720 INFO     ___FILE_ONLY___ scaling-demo
2024-11-05 13:24:33,720 INFO     ___FILE_ONLY___   
2024-11-05 13:24:33,720 INFO     ___FILE_ONLY___ europe-west1-b
2024-11-05 13:24:33,720 INFO     ___FILE_ONLY___   
2024-11-05 13:24:33,720 INFO     ___FILE_ONLY___ 1.30.5-gke.1355000
2024-11-05 13:24:33,720 INFO     ___FILE_ONLY___   
2024-11-05 13:24:33,720 INFO     ___FILE_ONLY___ 34.38.175.219
2024-11-05 13:24:33,720 INFO     ___FILE_ONLY___   
2024-11-05 13:24:33,720 INFO     ___FILE_ONLY___ e2-medium
2024-11-05 13:24:33,720 INFO     ___FILE_ONLY___      
2024-11-05 13:24:33,720 INFO     ___FILE_ONLY___ 1.30.5-gke.1355000
2024-11-05 13:24:33,720 INFO     ___FILE_ONLY___   
2024-11-05 13:24:33,721 INFO     ___FILE_ONLY___ 3
2024-11-05 13:24:33,721 INFO     ___FILE_ONLY___           
2024-11-05 13:24:33,721 INFO     ___FILE_ONLY___ RUNNING
2024-11-05 13:24:33,721 INFO     ___FILE_ONLY___ 

2024-11-05 13:24:33,721 DEBUG    root            SDK update checks are disabled.
