2024-11-05 13:24:53,132 DEBUG    root            Loaded Command Group: ['gcloud', 'container', 'clusters']
2024-11-05 13:24:53,133 DEBUG    root            Loaded Command Group: ['gcloud', 'container', 'clusters', 'update']
2024-11-05 13:24:53,169 DEBUG    root            Running [gcloud.container.clusters.update] with arguments: [--autoscaling-profile: "optimize-utilization", NAME: "scaling-demo"]
2024-11-05 13:24:53,171 DEBUG    urllib3.connectionpool Starting new HTTPS connection (1): container.googleapis.com:443
2024-11-05 13:24:53,778 DEBUG    urllib3.connectionpool https://container.googleapis.com:443 "GET /v1/projects/proyectotest-1/locations/europe-west1-b/clusters/scaling-demo?alt=json HTTP/1.1" 200 None
2024-11-05 13:24:53,786 DEBUG    urllib3.connectionpool Starting new HTTPS connection (1): container.googleapis.com:443
2024-11-05 13:24:54,175 DEBUG    urllib3.connectionpool https://container.googleapis.com:443 "GET /v1/projects/proyectotest-1/locations/europe-west1-b/clusters/scaling-demo?alt=json HTTP/1.1" 200 None
2024-11-05 13:24:54,183 DEBUG    urllib3.connectionpool Starting new HTTPS connection (1): container.googleapis.com:443
2024-11-05 13:24:54,785 DEBUG    urllib3.connectionpool https://container.googleapis.com:443 "PUT /v1/projects/proyectotest-1/locations/europe-west1-b/clusters/scaling-demo?alt=json HTTP/1.1" 200 None
2024-11-05 13:24:54,790 INFO     ___FILE_ONLY___ Updating scaling-demo...
2024-11-05 13:24:54,792 DEBUG    urllib3.connectionpool Starting new HTTPS connection (1): container.googleapis.com:443
2024-11-05 13:24:55,636 DEBUG    urllib3.connectionpool https://container.googleapis.com:443 "GET /v1/projects/proyectotest-1/locations/europe-west1-b/operations/operation-1730809494631-58c5b1e0-ed0b-4420-800a-109474000a8a?alt=json HTTP/1.1" 200 None
2024-11-05 13:25:00,643 DEBUG    urllib3.connectionpool Starting new HTTPS connection (1): container.googleapis.com:443
2024-11-05 13:25:01,378 DEBUG    urllib3.connectionpool https://container.googleapis.com:443 "GET /v1/projects/proyectotest-1/locations/europe-west1-b/operations/operation-1730809494631-58c5b1e0-ed0b-4420-800a-109474000a8a?alt=json HTTP/1.1" 200 None
2024-11-05 13:25:06,386 DEBUG    urllib3.connectionpool Starting new HTTPS connection (1): container.googleapis.com:443
2024-11-05 13:25:07,081 DEBUG    urllib3.connectionpool https://container.googleapis.com:443 "GET /v1/projects/proyectotest-1/locations/europe-west1-b/operations/operation-1730809494631-58c5b1e0-ed0b-4420-800a-109474000a8a?alt=json HTTP/1.1" 200 None
2024-11-05 13:25:12,090 DEBUG    urllib3.connectionpool Starting new HTTPS connection (1): container.googleapis.com:443
2024-11-05 13:25:12,615 DEBUG    urllib3.connectionpool https://container.googleapis.com:443 "GET /v1/projects/proyectotest-1/locations/europe-west1-b/operations/operation-1730809494631-58c5b1e0-ed0b-4420-800a-109474000a8a?alt=json HTTP/1.1" 200 None
2024-11-05 13:25:17,624 DEBUG    urllib3.connectionpool Starting new HTTPS connection (1): container.googleapis.com:443
2024-11-05 13:25:18,041 DEBUG    urllib3.connectionpool https://container.googleapis.com:443 "GET /v1/projects/proyectotest-1/locations/europe-west1-b/operations/operation-1730809494631-58c5b1e0-ed0b-4420-800a-109474000a8a?alt=json HTTP/1.1" 200 None
2024-11-05 13:25:23,050 DEBUG    urllib3.connectionpool Starting new HTTPS connection (1): container.googleapis.com:443
2024-11-05 13:25:23,512 DEBUG    urllib3.connectionpool https://container.googleapis.com:443 "GET /v1/projects/proyectotest-1/locations/europe-west1-b/operations/operation-1730809494631-58c5b1e0-ed0b-4420-800a-109474000a8a?alt=json HTTP/1.1" 200 None
2024-11-05 13:25:28,519 DEBUG    urllib3.connectionpool Starting new HTTPS connection (1): container.googleapis.com:443
2024-11-05 13:25:29,100 DEBUG    urllib3.connectionpool https://container.googleapis.com:443 "GET /v1/projects/proyectotest-1/locations/europe-west1-b/operations/operation-1730809494631-58c5b1e0-ed0b-4420-800a-109474000a8a?alt=json HTTP/1.1" 200 None
2024-11-05 13:25:34,109 DEBUG    urllib3.connectionpool Starting new HTTPS connection (1): container.googleapis.com:443
2024-11-05 13:25:34,733 DEBUG    urllib3.connectionpool https://container.googleapis.com:443 "GET /v1/projects/proyectotest-1/locations/europe-west1-b/operations/operation-1730809494631-58c5b1e0-ed0b-4420-800a-109474000a8a?alt=json HTTP/1.1" 200 None
2024-11-05 13:25:39,741 DEBUG    urllib3.connectionpool Starting new HTTPS connection (1): container.googleapis.com:443
2024-11-05 13:25:40,089 DEBUG    urllib3.connectionpool https://container.googleapis.com:443 "GET /v1/projects/proyectotest-1/locations/europe-west1-b/operations/operation-1730809494631-58c5b1e0-ed0b-4420-800a-109474000a8a?alt=json HTTP/1.1" 200 None
2024-11-05 13:25:45,097 DEBUG    urllib3.connectionpool Starting new HTTPS connection (1): container.googleapis.com:443
2024-11-05 13:25:45,802 DEBUG    urllib3.connectionpool https://container.googleapis.com:443 "GET /v1/projects/proyectotest-1/locations/europe-west1-b/operations/operation-1730809494631-58c5b1e0-ed0b-4420-800a-109474000a8a?alt=json HTTP/1.1" 200 None
2024-11-05 13:25:50,809 DEBUG    urllib3.connectionpool Starting new HTTPS connection (1): container.googleapis.com:443
2024-11-05 13:25:51,538 DEBUG    urllib3.connectionpool https://container.googleapis.com:443 "GET /v1/projects/proyectotest-1/locations/europe-west1-b/operations/operation-1730809494631-58c5b1e0-ed0b-4420-800a-109474000a8a?alt=json HTTP/1.1" 200 None
2024-11-05 13:25:56,544 DEBUG    urllib3.connectionpool Starting new HTTPS connection (1): container.googleapis.com:443
2024-11-05 13:25:57,190 DEBUG    urllib3.connectionpool https://container.googleapis.com:443 "GET /v1/projects/proyectotest-1/locations/europe-west1-b/operations/operation-1730809494631-58c5b1e0-ed0b-4420-800a-109474000a8a?alt=json HTTP/1.1" 200 None
2024-11-05 13:26:02,197 DEBUG    urllib3.connectionpool Starting new HTTPS connection (1): container.googleapis.com:443
2024-11-05 13:26:03,011 DEBUG    urllib3.connectionpool https://container.googleapis.com:443 "GET /v1/projects/proyectotest-1/locations/europe-west1-b/operations/operation-1730809494631-58c5b1e0-ed0b-4420-800a-109474000a8a?alt=json HTTP/1.1" 200 None
2024-11-05 13:26:08,017 DEBUG    urllib3.connectionpool Starting new HTTPS connection (1): container.googleapis.com:443
2024-11-05 13:26:08,684 DEBUG    urllib3.connectionpool https://container.googleapis.com:443 "GET /v1/projects/proyectotest-1/locations/europe-west1-b/operations/operation-1730809494631-58c5b1e0-ed0b-4420-800a-109474000a8a?alt=json HTTP/1.1" 200 None
2024-11-05 13:26:13,691 DEBUG    urllib3.connectionpool Starting new HTTPS connection (1): container.googleapis.com:443
2024-11-05 13:26:14,593 DEBUG    urllib3.connectionpool https://container.googleapis.com:443 "GET /v1/projects/proyectotest-1/locations/europe-west1-b/operations/operation-1730809494631-58c5b1e0-ed0b-4420-800a-109474000a8a?alt=json HTTP/1.1" 200 None
2024-11-05 13:26:19,600 DEBUG    urllib3.connectionpool Starting new HTTPS connection (1): container.googleapis.com:443
2024-11-05 13:26:20,022 DEBUG    urllib3.connectionpool https://container.googleapis.com:443 "GET /v1/projects/proyectotest-1/locations/europe-west1-b/operations/operation-1730809494631-58c5b1e0-ed0b-4420-800a-109474000a8a?alt=json HTTP/1.1" 200 None
2024-11-05 13:26:25,029 DEBUG    urllib3.connectionpool Starting new HTTPS connection (1): container.googleapis.com:443
2024-11-05 13:26:25,864 DEBUG    urllib3.connectionpool https://container.googleapis.com:443 "GET /v1/projects/proyectotest-1/locations/europe-west1-b/operations/operation-1730809494631-58c5b1e0-ed0b-4420-800a-109474000a8a?alt=json HTTP/1.1" 200 None
2024-11-05 13:26:30,870 DEBUG    urllib3.connectionpool Starting new HTTPS connection (1): container.googleapis.com:443
2024-11-05 13:26:31,270 DEBUG    urllib3.connectionpool https://container.googleapis.com:443 "GET /v1/projects/proyectotest-1/locations/europe-west1-b/operations/operation-1730809494631-58c5b1e0-ed0b-4420-800a-109474000a8a?alt=json HTTP/1.1" 200 None
2024-11-05 13:26:36,276 DEBUG    urllib3.connectionpool Starting new HTTPS connection (1): container.googleapis.com:443
2024-11-05 13:26:36,709 DEBUG    urllib3.connectionpool https://container.googleapis.com:443 "GET /v1/projects/proyectotest-1/locations/europe-west1-b/operations/operation-1730809494631-58c5b1e0-ed0b-4420-800a-109474000a8a?alt=json HTTP/1.1" 200 None
2024-11-05 13:26:41,715 DEBUG    urllib3.connectionpool Starting new HTTPS connection (1): container.googleapis.com:443
2024-11-05 13:26:42,168 DEBUG    urllib3.connectionpool https://container.googleapis.com:443 "GET /v1/projects/proyectotest-1/locations/europe-west1-b/operations/operation-1730809494631-58c5b1e0-ed0b-4420-800a-109474000a8a?alt=json HTTP/1.1" 200 None
2024-11-05 13:26:47,176 DEBUG    urllib3.connectionpool Starting new HTTPS connection (1): container.googleapis.com:443
2024-11-05 13:26:47,668 DEBUG    urllib3.connectionpool https://container.googleapis.com:443 "GET /v1/projects/proyectotest-1/locations/europe-west1-b/operations/operation-1730809494631-58c5b1e0-ed0b-4420-800a-109474000a8a?alt=json HTTP/1.1" 200 None
2024-11-05 13:26:52,677 DEBUG    urllib3.connectionpool Starting new HTTPS connection (1): container.googleapis.com:443
2024-11-05 13:26:53,208 DEBUG    urllib3.connectionpool https://container.googleapis.com:443 "GET /v1/projects/proyectotest-1/locations/europe-west1-b/operations/operation-1730809494631-58c5b1e0-ed0b-4420-800a-109474000a8a?alt=json HTTP/1.1" 200 None
2024-11-05 13:26:58,217 DEBUG    urllib3.connectionpool Starting new HTTPS connection (1): container.googleapis.com:443
2024-11-05 13:26:58,819 DEBUG    urllib3.connectionpool https://container.googleapis.com:443 "GET /v1/projects/proyectotest-1/locations/europe-west1-b/operations/operation-1730809494631-58c5b1e0-ed0b-4420-800a-109474000a8a?alt=json HTTP/1.1" 200 None
2024-11-05 13:27:03,827 DEBUG    urllib3.connectionpool Starting new HTTPS connection (1): container.googleapis.com:443
2024-11-05 13:27:04,347 DEBUG    urllib3.connectionpool https://container.googleapis.com:443 "GET /v1/projects/proyectotest-1/locations/europe-west1-b/operations/operation-1730809494631-58c5b1e0-ed0b-4420-800a-109474000a8a?alt=json HTTP/1.1" 200 None
2024-11-05 13:27:09,357 DEBUG    urllib3.connectionpool Starting new HTTPS connection (1): container.googleapis.com:443
2024-11-05 13:27:10,296 DEBUG    urllib3.connectionpool https://container.googleapis.com:443 "GET /v1/projects/proyectotest-1/locations/europe-west1-b/operations/operation-1730809494631-58c5b1e0-ed0b-4420-800a-109474000a8a?alt=json HTTP/1.1" 200 None
2024-11-05 13:27:15,305 DEBUG    urllib3.connectionpool Starting new HTTPS connection (1): container.googleapis.com:443
2024-11-05 13:27:15,716 DEBUG    urllib3.connectionpool https://container.googleapis.com:443 "GET /v1/projects/proyectotest-1/locations/europe-west1-b/operations/operation-1730809494631-58c5b1e0-ed0b-4420-800a-109474000a8a?alt=json HTTP/1.1" 200 None
2024-11-05 13:27:20,725 DEBUG    urllib3.connectionpool Starting new HTTPS connection (1): container.googleapis.com:443
2024-11-05 13:27:21,143 DEBUG    urllib3.connectionpool https://container.googleapis.com:443 "GET /v1/projects/proyectotest-1/locations/europe-west1-b/operations/operation-1730809494631-58c5b1e0-ed0b-4420-800a-109474000a8a?alt=json HTTP/1.1" 200 None
2024-11-05 13:27:26,152 DEBUG    urllib3.connectionpool Starting new HTTPS connection (1): container.googleapis.com:443
2024-11-05 13:27:26,601 DEBUG    urllib3.connectionpool https://container.googleapis.com:443 "GET /v1/projects/proyectotest-1/locations/europe-west1-b/operations/operation-1730809494631-58c5b1e0-ed0b-4420-800a-109474000a8a?alt=json HTTP/1.1" 200 None
2024-11-05 13:27:31,608 DEBUG    urllib3.connectionpool Starting new HTTPS connection (1): container.googleapis.com:443
2024-11-05 13:27:32,297 DEBUG    urllib3.connectionpool https://container.googleapis.com:443 "GET /v1/projects/proyectotest-1/locations/europe-west1-b/operations/operation-1730809494631-58c5b1e0-ed0b-4420-800a-109474000a8a?alt=json HTTP/1.1" 200 None
2024-11-05 13:27:37,304 DEBUG    urllib3.connectionpool Starting new HTTPS connection (1): container.googleapis.com:443
2024-11-05 13:27:37,946 DEBUG    urllib3.connectionpool https://container.googleapis.com:443 "GET /v1/projects/proyectotest-1/locations/europe-west1-b/operations/operation-1730809494631-58c5b1e0-ed0b-4420-800a-109474000a8a?alt=json HTTP/1.1" 200 None
2024-11-05 13:27:42,954 DEBUG    urllib3.connectionpool Starting new HTTPS connection (1): container.googleapis.com:443
2024-11-05 13:27:43,505 DEBUG    urllib3.connectionpool https://container.googleapis.com:443 "GET /v1/projects/proyectotest-1/locations/europe-west1-b/operations/operation-1730809494631-58c5b1e0-ed0b-4420-800a-109474000a8a?alt=json HTTP/1.1" 200 None
2024-11-05 13:27:48,514 DEBUG    urllib3.connectionpool Starting new HTTPS connection (1): container.googleapis.com:443
2024-11-05 13:27:49,125 DEBUG    urllib3.connectionpool https://container.googleapis.com:443 "GET /v1/projects/proyectotest-1/locations/europe-west1-b/operations/operation-1730809494631-58c5b1e0-ed0b-4420-800a-109474000a8a?alt=json HTTP/1.1" 200 None
2024-11-05 13:27:54,130 DEBUG    urllib3.connectionpool Starting new HTTPS connection (1): container.googleapis.com:443
2024-11-05 13:27:54,837 DEBUG    urllib3.connectionpool https://container.googleapis.com:443 "GET /v1/projects/proyectotest-1/locations/europe-west1-b/operations/operation-1730809494631-58c5b1e0-ed0b-4420-800a-109474000a8a?alt=json HTTP/1.1" 200 None
2024-11-05 13:27:59,840 DEBUG    urllib3.connectionpool Starting new HTTPS connection (1): container.googleapis.com:443
2024-11-05 13:28:00,386 DEBUG    urllib3.connectionpool https://container.googleapis.com:443 "GET /v1/projects/proyectotest-1/locations/europe-west1-b/operations/operation-1730809494631-58c5b1e0-ed0b-4420-800a-109474000a8a?alt=json HTTP/1.1" 200 None
2024-11-05 13:28:05,389 DEBUG    urllib3.connectionpool Starting new HTTPS connection (1): container.googleapis.com:443
2024-11-05 13:28:05,690 DEBUG    urllib3.connectionpool https://container.googleapis.com:443 "GET /v1/projects/proyectotest-1/locations/europe-west1-b/operations/operation-1730809494631-58c5b1e0-ed0b-4420-800a-109474000a8a?alt=json HTTP/1.1" 200 None
2024-11-05 13:28:10,692 DEBUG    urllib3.connectionpool Starting new HTTPS connection (1): container.googleapis.com:443
2024-11-05 13:28:11,129 DEBUG    urllib3.connectionpool https://container.googleapis.com:443 "GET /v1/projects/proyectotest-1/locations/europe-west1-b/operations/operation-1730809494631-58c5b1e0-ed0b-4420-800a-109474000a8a?alt=json HTTP/1.1" 200 None
2024-11-05 13:28:16,132 DEBUG    urllib3.connectionpool Starting new HTTPS connection (1): container.googleapis.com:443
2024-11-05 13:28:16,752 DEBUG    urllib3.connectionpool https://container.googleapis.com:443 "GET /v1/projects/proyectotest-1/locations/europe-west1-b/operations/operation-1730809494631-58c5b1e0-ed0b-4420-800a-109474000a8a?alt=json HTTP/1.1" 200 None
2024-11-05 13:28:21,755 DEBUG    urllib3.connectionpool Starting new HTTPS connection (1): container.googleapis.com:443
2024-11-05 13:28:22,256 DEBUG    urllib3.connectionpool https://container.googleapis.com:443 "GET /v1/projects/proyectotest-1/locations/europe-west1-b/operations/operation-1730809494631-58c5b1e0-ed0b-4420-800a-109474000a8a?alt=json HTTP/1.1" 200 None
2024-11-05 13:28:27,259 DEBUG    urllib3.connectionpool Starting new HTTPS connection (1): container.googleapis.com:443
2024-11-05 13:28:27,844 DEBUG    urllib3.connectionpool https://container.googleapis.com:443 "GET /v1/projects/proyectotest-1/locations/europe-west1-b/operations/operation-1730809494631-58c5b1e0-ed0b-4420-800a-109474000a8a?alt=json HTTP/1.1" 200 None
2024-11-05 13:28:32,846 DEBUG    urllib3.connectionpool Starting new HTTPS connection (1): container.googleapis.com:443
2024-11-05 13:28:33,488 DEBUG    urllib3.connectionpool https://container.googleapis.com:443 "GET /v1/projects/proyectotest-1/locations/europe-west1-b/operations/operation-1730809494631-58c5b1e0-ed0b-4420-800a-109474000a8a?alt=json HTTP/1.1" 200 None
2024-11-05 13:28:38,493 DEBUG    urllib3.connectionpool Starting new HTTPS connection (1): container.googleapis.com:443
2024-11-05 13:28:39,201 DEBUG    urllib3.connectionpool https://container.googleapis.com:443 "GET /v1/projects/proyectotest-1/locations/europe-west1-b/operations/operation-1730809494631-58c5b1e0-ed0b-4420-800a-109474000a8a?alt=json HTTP/1.1" 200 None
2024-11-05 13:28:44,205 DEBUG    urllib3.connectionpool Starting new HTTPS connection (1): container.googleapis.com:443
2024-11-05 13:28:44,827 DEBUG    urllib3.connectionpool https://container.googleapis.com:443 "GET /v1/projects/proyectotest-1/locations/europe-west1-b/operations/operation-1730809494631-58c5b1e0-ed0b-4420-800a-109474000a8a?alt=json HTTP/1.1" 200 None
2024-11-05 13:28:49,830 DEBUG    urllib3.connectionpool Starting new HTTPS connection (1): container.googleapis.com:443
2024-11-05 13:28:50,352 DEBUG    urllib3.connectionpool https://container.googleapis.com:443 "GET /v1/projects/proyectotest-1/locations/europe-west1-b/operations/operation-1730809494631-58c5b1e0-ed0b-4420-800a-109474000a8a?alt=json HTTP/1.1" 200 None
2024-11-05 13:28:55,356 DEBUG    urllib3.connectionpool Starting new HTTPS connection (1): container.googleapis.com:443
2024-11-05 13:28:55,980 DEBUG    urllib3.connectionpool https://container.googleapis.com:443 "GET /v1/projects/proyectotest-1/locations/europe-west1-b/operations/operation-1730809494631-58c5b1e0-ed0b-4420-800a-109474000a8a?alt=json HTTP/1.1" 200 None
2024-11-05 13:29:00,987 DEBUG    urllib3.connectionpool Starting new HTTPS connection (1): container.googleapis.com:443
2024-11-05 13:29:01,614 DEBUG    urllib3.connectionpool https://container.googleapis.com:443 "GET /v1/projects/proyectotest-1/locations/europe-west1-b/operations/operation-1730809494631-58c5b1e0-ed0b-4420-800a-109474000a8a?alt=json HTTP/1.1" 200 None
2024-11-05 13:29:06,621 DEBUG    urllib3.connectionpool Starting new HTTPS connection (1): container.googleapis.com:443
2024-11-05 13:29:07,363 DEBUG    urllib3.connectionpool https://container.googleapis.com:443 "GET /v1/projects/proyectotest-1/locations/europe-west1-b/operations/operation-1730809494631-58c5b1e0-ed0b-4420-800a-109474000a8a?alt=json HTTP/1.1" 200 None
2024-11-05 13:29:12,370 DEBUG    urllib3.connectionpool Starting new HTTPS connection (1): container.googleapis.com:443
2024-11-05 13:29:12,875 DEBUG    urllib3.connectionpool https://container.googleapis.com:443 "GET /v1/projects/proyectotest-1/locations/europe-west1-b/operations/operation-1730809494631-58c5b1e0-ed0b-4420-800a-109474000a8a?alt=json HTTP/1.1" 200 None
2024-11-05 13:29:17,884 DEBUG    urllib3.connectionpool Starting new HTTPS connection (1): container.googleapis.com:443
2024-11-05 13:29:18,841 DEBUG    urllib3.connectionpool https://container.googleapis.com:443 "GET /v1/projects/proyectotest-1/locations/europe-west1-b/operations/operation-1730809494631-58c5b1e0-ed0b-4420-800a-109474000a8a?alt=json HTTP/1.1" 200 None
2024-11-05 13:29:23,847 DEBUG    urllib3.connectionpool Starting new HTTPS connection (1): container.googleapis.com:443
2024-11-05 13:29:24,451 DEBUG    urllib3.connectionpool https://container.googleapis.com:443 "GET /v1/projects/proyectotest-1/locations/europe-west1-b/operations/operation-1730809494631-58c5b1e0-ed0b-4420-800a-109474000a8a?alt=json HTTP/1.1" 200 None
2024-11-05 13:29:29,457 DEBUG    urllib3.connectionpool Starting new HTTPS connection (1): container.googleapis.com:443
2024-11-05 13:29:29,887 DEBUG    urllib3.connectionpool https://container.googleapis.com:443 "GET /v1/projects/proyectotest-1/locations/europe-west1-b/operations/operation-1730809494631-58c5b1e0-ed0b-4420-800a-109474000a8a?alt=json HTTP/1.1" 200 None
2024-11-05 13:29:34,894 DEBUG    urllib3.connectionpool Starting new HTTPS connection (1): container.googleapis.com:443
2024-11-05 13:29:35,306 DEBUG    urllib3.connectionpool https://container.googleapis.com:443 "GET /v1/projects/proyectotest-1/locations/europe-west1-b/operations/operation-1730809494631-58c5b1e0-ed0b-4420-800a-109474000a8a?alt=json HTTP/1.1" 200 None
2024-11-05 13:29:40,313 DEBUG    urllib3.connectionpool Starting new HTTPS connection (1): container.googleapis.com:443
2024-11-05 13:29:40,730 DEBUG    urllib3.connectionpool https://container.googleapis.com:443 "GET /v1/projects/proyectotest-1/locations/europe-west1-b/operations/operation-1730809494631-58c5b1e0-ed0b-4420-800a-109474000a8a?alt=json HTTP/1.1" 200 None
2024-11-05 13:29:45,738 DEBUG    urllib3.connectionpool Starting new HTTPS connection (1): container.googleapis.com:443
2024-11-05 13:29:46,481 DEBUG    urllib3.connectionpool https://container.googleapis.com:443 "GET /v1/projects/proyectotest-1/locations/europe-west1-b/operations/operation-1730809494631-58c5b1e0-ed0b-4420-800a-109474000a8a?alt=json HTTP/1.1" 200 None
2024-11-05 13:29:51,489 DEBUG    urllib3.connectionpool Starting new HTTPS connection (1): container.googleapis.com:443
2024-11-05 13:29:51,894 DEBUG    urllib3.connectionpool https://container.googleapis.com:443 "GET /v1/projects/proyectotest-1/locations/europe-west1-b/operations/operation-1730809494631-58c5b1e0-ed0b-4420-800a-109474000a8a?alt=json HTTP/1.1" 200 None
2024-11-05 13:29:56,901 DEBUG    urllib3.connectionpool Starting new HTTPS connection (1): container.googleapis.com:443
2024-11-05 13:29:57,250 DEBUG    urllib3.connectionpool https://container.googleapis.com:443 "GET /v1/projects/proyectotest-1/locations/europe-west1-b/operations/operation-1730809494631-58c5b1e0-ed0b-4420-800a-109474000a8a?alt=json HTTP/1.1" 200 None
2024-11-05 13:30:02,259 DEBUG    urllib3.connectionpool Starting new HTTPS connection (1): container.googleapis.com:443
2024-11-05 13:30:02,756 DEBUG    urllib3.connectionpool https://container.googleapis.com:443 "GET /v1/projects/proyectotest-1/locations/europe-west1-b/operations/operation-1730809494631-58c5b1e0-ed0b-4420-800a-109474000a8a?alt=json HTTP/1.1" 200 None
2024-11-05 13:30:07,762 DEBUG    urllib3.connectionpool Starting new HTTPS connection (1): container.googleapis.com:443
2024-11-05 13:30:08,592 DEBUG    urllib3.connectionpool https://container.googleapis.com:443 "GET /v1/projects/proyectotest-1/locations/europe-west1-b/operations/operation-1730809494631-58c5b1e0-ed0b-4420-800a-109474000a8a?alt=json HTTP/1.1" 200 None
2024-11-05 13:30:13,600 DEBUG    urllib3.connectionpool Starting new HTTPS connection (1): container.googleapis.com:443
2024-11-05 13:30:13,908 DEBUG    urllib3.connectionpool https://container.googleapis.com:443 "GET /v1/projects/proyectotest-1/locations/europe-west1-b/operations/operation-1730809494631-58c5b1e0-ed0b-4420-800a-109474000a8a?alt=json HTTP/1.1" 200 None
2024-11-05 13:30:18,916 DEBUG    urllib3.connectionpool Starting new HTTPS connection (1): container.googleapis.com:443
2024-11-05 13:30:19,646 DEBUG    urllib3.connectionpool https://container.googleapis.com:443 "GET /v1/projects/proyectotest-1/locations/europe-west1-b/operations/operation-1730809494631-58c5b1e0-ed0b-4420-800a-109474000a8a?alt=json HTTP/1.1" 200 None
2024-11-05 13:30:24,654 DEBUG    urllib3.connectionpool Starting new HTTPS connection (1): container.googleapis.com:443
2024-11-05 13:30:25,403 DEBUG    urllib3.connectionpool https://container.googleapis.com:443 "GET /v1/projects/proyectotest-1/locations/europe-west1-b/operations/operation-1730809494631-58c5b1e0-ed0b-4420-800a-109474000a8a?alt=json HTTP/1.1" 200 None
2024-11-05 13:30:30,411 DEBUG    urllib3.connectionpool Starting new HTTPS connection (1): container.googleapis.com:443
2024-11-05 13:30:30,828 DEBUG    urllib3.connectionpool https://container.googleapis.com:443 "GET /v1/projects/proyectotest-1/locations/europe-west1-b/operations/operation-1730809494631-58c5b1e0-ed0b-4420-800a-109474000a8a?alt=json HTTP/1.1" 200 None
2024-11-05 13:30:35,834 DEBUG    urllib3.connectionpool Starting new HTTPS connection (1): container.googleapis.com:443
2024-11-05 13:30:36,243 DEBUG    urllib3.connectionpool https://container.googleapis.com:443 "GET /v1/projects/proyectotest-1/locations/europe-west1-b/operations/operation-1730809494631-58c5b1e0-ed0b-4420-800a-109474000a8a?alt=json HTTP/1.1" 200 None
2024-11-05 13:30:41,250 DEBUG    urllib3.connectionpool Starting new HTTPS connection (1): container.googleapis.com:443
2024-11-05 13:30:41,738 DEBUG    urllib3.connectionpool https://container.googleapis.com:443 "GET /v1/projects/proyectotest-1/locations/europe-west1-b/operations/operation-1730809494631-58c5b1e0-ed0b-4420-800a-109474000a8a?alt=json HTTP/1.1" 200 None
2024-11-05 13:30:46,745 DEBUG    urllib3.connectionpool Starting new HTTPS connection (1): container.googleapis.com:443
2024-11-05 13:30:47,194 DEBUG    urllib3.connectionpool https://container.googleapis.com:443 "GET /v1/projects/proyectotest-1/locations/europe-west1-b/operations/operation-1730809494631-58c5b1e0-ed0b-4420-800a-109474000a8a?alt=json HTTP/1.1" 200 None
2024-11-05 13:30:52,202 DEBUG    urllib3.connectionpool Starting new HTTPS connection (1): container.googleapis.com:443
2024-11-05 13:30:52,631 DEBUG    urllib3.connectionpool https://container.googleapis.com:443 "GET /v1/projects/proyectotest-1/locations/europe-west1-b/operations/operation-1730809494631-58c5b1e0-ed0b-4420-800a-109474000a8a?alt=json HTTP/1.1" 200 None
2024-11-05 13:30:57,639 DEBUG    urllib3.connectionpool Starting new HTTPS connection (1): container.googleapis.com:443
2024-11-05 13:30:58,490 DEBUG    urllib3.connectionpool https://container.googleapis.com:443 "GET /v1/projects/proyectotest-1/locations/europe-west1-b/operations/operation-1730809494631-58c5b1e0-ed0b-4420-800a-109474000a8a?alt=json HTTP/1.1" 200 None
2024-11-05 13:31:03,499 DEBUG    urllib3.connectionpool Starting new HTTPS connection (1): container.googleapis.com:443
2024-11-05 13:31:06,774 DEBUG    urllib3.connectionpool https://container.googleapis.com:443 "GET /v1/projects/proyectotest-1/locations/europe-west1-b/operations/operation-1730809494631-58c5b1e0-ed0b-4420-800a-109474000a8a?alt=json HTTP/1.1" 200 None
2024-11-05 13:31:11,782 DEBUG    urllib3.connectionpool Starting new HTTPS connection (1): container.googleapis.com:443
2024-11-05 13:31:12,182 DEBUG    urllib3.connectionpool https://container.googleapis.com:443 "GET /v1/projects/proyectotest-1/locations/europe-west1-b/operations/operation-1730809494631-58c5b1e0-ed0b-4420-800a-109474000a8a?alt=json HTTP/1.1" 200 None
2024-11-05 13:31:17,190 DEBUG    urllib3.connectionpool Starting new HTTPS connection (1): container.googleapis.com:443
2024-11-05 13:31:17,714 DEBUG    urllib3.connectionpool https://container.googleapis.com:443 "GET /v1/projects/proyectotest-1/locations/europe-west1-b/operations/operation-1730809494631-58c5b1e0-ed0b-4420-800a-109474000a8a?alt=json HTTP/1.1" 200 None
2024-11-05 13:31:22,722 DEBUG    urllib3.connectionpool Starting new HTTPS connection (1): container.googleapis.com:443
2024-11-05 13:31:24,211 DEBUG    urllib3.connectionpool https://container.googleapis.com:443 "GET /v1/projects/proyectotest-1/locations/europe-west1-b/operations/operation-1730809494631-58c5b1e0-ed0b-4420-800a-109474000a8a?alt=json HTTP/1.1" 200 None
2024-11-05 13:31:24,214 INFO     root            Operation <Operation
 clusterConditions: []
 endTime: '2024-11-05T12:31:20.640271728Z'
 name: 'operation-1730809494631-58c5b1e0-ed0b-4420-800a-109474000a8a'
 nodepoolConditions: []
 operationType: OperationTypeValueValuesEnum(UPDATE_CLUSTER, 6)
 selfLink: 'https://container.googleapis.com/v1/projects/166772230865/zones/europe-west1-b/operations/operation-1730809494631-58c5b1e0-ed0b-4420-800a-109474000a8a'
 startTime: '2024-11-05T12:24:54.631005053Z'
 status: StatusValueValuesEnum(DONE, 3)
 targetLink: 'https://container.googleapis.com/v1/projects/166772230865/zones/europe-west1-b/clusters/scaling-demo'
 zone: 'europe-west1-b'> finished after 3.89e+02 seconds
2024-11-05 13:31:24,329 INFO     ___FILE_ONLY___ Updated [https://container.googleapis.com/v1/projects/proyectotest-1/zones/europe-west1-b/clusters/scaling-demo].

2024-11-05 13:31:24,329 INFO     ___FILE_ONLY___ To inspect the contents of your cluster, go to: https://console.cloud.google.com/kubernetes/workload_/gcloud/europe-west1-b/scaling-demo?project=proyectotest-1

2024-11-05 13:31:24,330 DEBUG    root            Chosen display Format:none
2024-11-05 13:31:24,330 INFO     root            Display format: "none"
2024-11-05 13:31:24,331 DEBUG    root            SDK update checks are disabled.
