2024-11-05 16:02:03,202 DEBUG    root            Loaded Command Group: ['gcloud', 'config']
2024-11-05 16:02:03,203 DEBUG    root            Loaded Command Group: ['gcloud', 'config', 'config_helper']
2024-11-05 16:02:03,204 DEBUG    root            Running [gcloud.config.config-helper] with arguments: [--format: "json"]
2024-11-05 16:02:03,839 DEBUG    google.auth.transport.requests Making request: POST https://oauth2.googleapis.com/token
2024-11-05 16:02:03,840 DEBUG    urllib3.connectionpool Starting new HTTPS connection (1): oauth2.googleapis.com:443
2024-11-05 16:02:04,474 DEBUG    urllib3.connectionpool https://oauth2.googleapis.com:443 "POST /token HTTP/1.1" 200 None
2024-11-05 16:02:04,506 DEBUG    root            Chosen display Format:default json
2024-11-05 16:02:04,507 INFO     root            Display format: "default json"
2024-11-05 16:02:04,520 INFO     ___FILE_ONLY___ {
  "configuration": {
    "active_configuration": "default",
    "properties": {
      "compute": {
        "region": "europe-west1",
        "zone": "europe-west1-b"
      },
      "core": {
        "account": "jdiazderabago@gmail.com",
        "disable_usage_reporting": "True",
        "project": "proyectotest-1"
      }
    }
  },
  "credential": {
    "access_token": "ya29.a0AeDClZCs_GK0rDzJZ6FvGBX_8QBaoXLPkTcxNEdGQVlaiqXz7KQLE5a-9PQyCkZkpOZrJdywo04jP3b-XuggoHT5K_YiHS9pQefndCJCpZKBcWBv-4E2d9irdfTbz_DyE9QhU0BlPT0c48YEU5hLrMGoIIRy8OwefDUyecfXd5pJXFsaCgYKASoSARISFQHGX2MibuXFMR3T4xDy7k6-ak26cg0182",
    "id_token": "eyJhbGciOiJSUzI1NiIsImtpZCI6ImU4NjNmZTI5MmZhMmEyOTY3Y2Q3NTUxYzQyYTEyMTFiY2FjNTUwNzEiLCJ0eXAiOiJKV1QifQ.eyJpc3MiOiJodHRwczovL2FjY291bnRzLmdvb2dsZS5jb20iLCJhenAiOiIzMjU1NTk0MDU1OS5hcHBzLmdvb2dsZXVzZXJjb250ZW50LmNvbSIsImF1ZCI6IjMyNTU1OTQwNTU5LmFwcHMuZ29vZ2xldXNlcmNvbnRlbnQuY29tIiwic3ViIjoiMTExOTExMDA5MTcwOTYxOTU4NjUzIiwiZW1haWwiOiJqZGlhemRlcmFiYWdvQGdtYWlsLmNvbSIsImVtYWlsX3ZlcmlmaWVkIjp0cnVlLCJhdF9oYXNoIjoiQzR6UWo4Qkh5UDBpUHpzMVAtejFVZyIsImlhdCI6MTczMDgxODkyNCwiZXhwIjoxNzMwODIyNTI0fQ.uM1DJr3fQdSVM2hXu_OQ3lAvqH4R63qgbHekypAfbYoB2syjbs0Dp1kpDD22k0Dwt1UBM5Ui7bpQHahCWrp1nfWz15f1a7T_vxx9-hLG2iJx5DVdL_eiTtQzQBuGS1FYKa5CpJb80rSxJ-cCBUcYWzoM1DSX6_hns7gjq-PcRGuARwD1aWzxJlOFSnwmLpRhyiTDbGyA3LUFhUrRvqc0MZ2ax03crgPmnSW2W2xgTlfN0cfmHAbCoyyF868DZ0fsqtaUurkL5O2_Z4Str3AdqfGkcXPb3BBGH38VY2EObE0Po704j22G0FaFlQLmenpefs636FSBwOjLCr1czGhcLA",
    "token_expiry": "2024-11-05T16:02:03Z"
  },
  "sentinels": {
    "config_sentinel": "/home/javierdrp/.config/gcloud/config_sentinel"
  }
}
2024-11-05 16:02:04,520 INFO     ___FILE_ONLY___ 

2024-11-05 16:02:04,520 DEBUG    root            SDK update checks are disabled.
