2024-10-29 16:41:14,076 DEBUG    root            Loaded Command Group: ['gcloud', 'container', 'clusters']
2024-10-29 16:41:14,077 DEBUG    root            Loaded Command Group: ['gcloud', 'container', 'clusters', 'list']
2024-10-29 16:41:14,101 DEBUG    root            Running [gcloud.container.clusters.list] with arguments: []
2024-10-29 16:41:14,102 DEBUG    urllib3.connectionpool Starting new HTTPS connection (1): container.googleapis.com:443
2024-10-29 16:41:14,721 DEBUG    urllib3.connectionpool https://container.googleapis.com:443 "GET /v1/projects/practica5-1234/locations/-/clusters?alt=json HTTP/1.1" 200 None
2024-10-29 16:41:14,729 DEBUG    root            Chosen display Format:
    table(
        name,
        zone:label=LOCATION,
        master_version():label=MASTER_VERSION,
        endpoint:label=MASTER_IP,
        nodePools[0].config.machineType,
        currentNodeVersion:label=NODE_VERSION,
        firstof(currentNodeCount,initialNodeCount):label=NUM_NODES,
        status
    )

2024-10-29 16:41:14,730 INFO     root            Display format: "
    table(
        name,
        zone:label=LOCATION,
        master_version():label=MASTER_VERSION,
        endpoint:label=MASTER_IP,
        nodePools[0].config.machineType,
        currentNodeVersion:label=NODE_VERSION,
        firstof(currentNodeCount,initialNodeCount):label=NUM_NODES,
        status
    )
"
2024-10-29 16:41:14,742 INFO     ___FILE_ONLY___ NAME
2024-10-29 16:41:14,742 INFO     ___FILE_ONLY___       
2024-10-29 16:41:14,742 INFO     ___FILE_ONLY___ LOCATION
2024-10-29 16:41:14,742 INFO     ___FILE_ONLY___         
2024-10-29 16:41:14,742 INFO     ___FILE_ONLY___ MASTER_VERSION
2024-10-29 16:41:14,742 INFO     ___FILE_ONLY___       
2024-10-29 16:41:14,742 INFO     ___FILE_ONLY___ MASTER_IP
2024-10-29 16:41:14,742 INFO     ___FILE_ONLY___       
2024-10-29 16:41:14,742 INFO     ___FILE_ONLY___ MACHINE_TYPE
2024-10-29 16:41:14,742 INFO     ___FILE_ONLY___   
2024-10-29 16:41:14,742 INFO     ___FILE_ONLY___ NODE_VERSION
2024-10-29 16:41:14,742 INFO     ___FILE_ONLY___         
2024-10-29 16:41:14,742 INFO     ___FILE_ONLY___ NUM_NODES
2024-10-29 16:41:14,742 INFO     ___FILE_ONLY___   
2024-10-29 16:41:14,742 INFO     ___FILE_ONLY___ STATUS
2024-10-29 16:41:14,742 INFO     ___FILE_ONLY___ 

2024-10-29 16:41:14,742 INFO     ___FILE_ONLY___ cluster1
2024-10-29 16:41:14,742 INFO     ___FILE_ONLY___   
2024-10-29 16:41:14,742 INFO     ___FILE_ONLY___ europe-west1-b
2024-10-29 16:41:14,742 INFO     ___FILE_ONLY___   
2024-10-29 16:41:14,742 INFO     ___FILE_ONLY___ 1.30.5-gke.1014001
2024-10-29 16:41:14,742 INFO     ___FILE_ONLY___   
2024-10-29 16:41:14,742 INFO     ___FILE_ONLY___ 35.189.198.26
2024-10-29 16:41:14,742 INFO     ___FILE_ONLY___   
2024-10-29 16:41:14,742 INFO     ___FILE_ONLY___ e2-medium
2024-10-29 16:41:14,742 INFO     ___FILE_ONLY___      
2024-10-29 16:41:14,742 INFO     ___FILE_ONLY___ 1.30.5-gke.1014001
2024-10-29 16:41:14,742 INFO     ___FILE_ONLY___   
2024-10-29 16:41:14,742 INFO     ___FILE_ONLY___ 3
2024-10-29 16:41:14,743 INFO     ___FILE_ONLY___           
2024-10-29 16:41:14,743 INFO     ___FILE_ONLY___ STOPPING
2024-10-29 16:41:14,743 INFO     ___FILE_ONLY___ 

2024-10-29 16:41:14,743 DEBUG    root            SDK update checks are disabled.
