2024-10-29 16:41:54,584 DEBUG    root            Loaded Command Group: ['gcloud', 'container', 'clusters']
2024-10-29 16:41:54,586 DEBUG    root            Loaded Command Group: ['gcloud', 'container', 'clusters', 'list']
2024-10-29 16:41:54,609 DEBUG    root            Running [gcloud.container.clusters.list] with arguments: []
2024-10-29 16:41:54,610 DEBUG    urllib3.connectionpool Starting new HTTPS connection (1): container.googleapis.com:443
2024-10-29 16:41:55,270 DEBUG    urllib3.connectionpool https://container.googleapis.com:443 "GET /v1/projects/practica5-1234/locations/-/clusters?alt=json HTTP/1.1" 200 None
2024-10-29 16:41:55,274 DEBUG    root            Chosen display Format:
    table(
        name,
        zone:label=LOCATION,
        master_version():label=MASTER_VERSION,
        endpoint:label=MASTER_IP,
        nodePools[0].config.machineType,
        currentNodeVersion:label=NODE_VERSION,
        firstof(currentNodeCount,initialNodeCount):label=NUM_NODES,
        status
    )

2024-10-29 16:41:55,275 INFO     root            Display format: "
    table(
        name,
        zone:label=LOCATION,
        master_version():label=MASTER_VERSION,
        endpoint:label=MASTER_IP,
        nodePools[0].config.machineType,
        currentNodeVersion:label=NODE_VERSION,
        firstof(currentNodeCount,initialNodeCount):label=NUM_NODES,
        status
    )
"
2024-10-29 16:41:55,275 DEBUG    root            SDK update checks are disabled.
