2024-10-29 16:57:10,848 DEBUG    root            Loaded Command Group: ['gcloud', 'container', 'clusters']
2024-10-29 16:57:10,848 DEBUG    root            Loaded Command Group: ['gcloud', 'container', 'clusters', 'delete']
2024-10-29 16:57:10,872 DEBUG    root            Running [gcloud.container.clusters.delete] with arguments: [--quiet: "True", NAME:1: "['cluster1']"]
2024-10-29 16:57:10,872 DEBUG    root            Chosen display Format:list[title="The following clusters will be deleted."]
2024-10-29 16:57:10,874 DEBUG    urllib3.connectionpool Starting new HTTPS connection (1): container.googleapis.com:443
2024-10-29 16:57:11,867 DEBUG    urllib3.connectionpool https://container.googleapis.com:443 "DELETE /v1/projects/practica5-1234/locations/europe-west1-b/clusters/cluster1?alt=json HTTP/1.1" 200 None
2024-10-29 16:57:11,872 INFO     ___FILE_ONLY___ Deleting cluster cluster1...
2024-10-29 16:57:11,874 DEBUG    urllib3.connectionpool Starting new HTTPS connection (1): container.googleapis.com:443
2024-10-29 16:57:12,181 DEBUG    urllib3.connectionpool https://container.googleapis.com:443 "GET /v1/projects/practica5-1234/locations/europe-west1-b/operations/operation-1730217431692-69f8c634-82d0-4598-b0c7-44362ce3f565?alt=json HTTP/1.1" 200 None
2024-10-29 16:57:17,190 DEBUG    urllib3.connectionpool Starting new HTTPS connection (1): container.googleapis.com:443
2024-10-29 16:57:17,713 DEBUG    urllib3.connectionpool https://container.googleapis.com:443 "GET /v1/projects/practica5-1234/locations/europe-west1-b/operations/operation-1730217431692-69f8c634-82d0-4598-b0c7-44362ce3f565?alt=json HTTP/1.1" 200 None
2024-10-29 16:57:22,720 DEBUG    urllib3.connectionpool Starting new HTTPS connection (1): container.googleapis.com:443
2024-10-29 16:57:22,996 DEBUG    urllib3.connectionpool https://container.googleapis.com:443 "GET /v1/projects/practica5-1234/locations/europe-west1-b/operations/operation-1730217431692-69f8c634-82d0-4598-b0c7-44362ce3f565?alt=json HTTP/1.1" 200 None
2024-10-29 16:57:28,004 DEBUG    urllib3.connectionpool Starting new HTTPS connection (1): container.googleapis.com:443
2024-10-29 16:57:28,273 DEBUG    urllib3.connectionpool https://container.googleapis.com:443 "GET /v1/projects/practica5-1234/locations/europe-west1-b/operations/operation-1730217431692-69f8c634-82d0-4598-b0c7-44362ce3f565?alt=json HTTP/1.1" 200 None
2024-10-29 16:57:33,279 DEBUG    urllib3.connectionpool Starting new HTTPS connection (1): container.googleapis.com:443
2024-10-29 16:57:33,532 DEBUG    urllib3.connectionpool https://container.googleapis.com:443 "GET /v1/projects/practica5-1234/locations/europe-west1-b/operations/operation-1730217431692-69f8c634-82d0-4598-b0c7-44362ce3f565?alt=json HTTP/1.1" 200 None
2024-10-29 16:57:38,540 DEBUG    urllib3.connectionpool Starting new HTTPS connection (1): container.googleapis.com:443
2024-10-29 16:57:38,799 DEBUG    urllib3.connectionpool https://container.googleapis.com:443 "GET /v1/projects/practica5-1234/locations/europe-west1-b/operations/operation-1730217431692-69f8c634-82d0-4598-b0c7-44362ce3f565?alt=json HTTP/1.1" 200 None
2024-10-29 16:57:43,807 DEBUG    urllib3.connectionpool Starting new HTTPS connection (1): container.googleapis.com:443
2024-10-29 16:57:44,121 DEBUG    urllib3.connectionpool https://container.googleapis.com:443 "GET /v1/projects/practica5-1234/locations/europe-west1-b/operations/operation-1730217431692-69f8c634-82d0-4598-b0c7-44362ce3f565?alt=json HTTP/1.1" 200 None
2024-10-29 16:57:49,129 DEBUG    urllib3.connectionpool Starting new HTTPS connection (1): container.googleapis.com:443
2024-10-29 16:57:49,454 DEBUG    urllib3.connectionpool https://container.googleapis.com:443 "GET /v1/projects/practica5-1234/locations/europe-west1-b/operations/operation-1730217431692-69f8c634-82d0-4598-b0c7-44362ce3f565?alt=json HTTP/1.1" 200 None
2024-10-29 16:57:54,458 DEBUG    urllib3.connectionpool Starting new HTTPS connection (1): container.googleapis.com:443
2024-10-29 16:57:54,460 DEBUG    root            Caught socket error, retrying: HTTPSConnectionPool(host='container.googleapis.com', port=443): Max retries exceeded with url: /v1/projects/practica5-1234/locations/europe-west1-b/operations/operation-1730217431692-69f8c634-82d0-4598-b0c7-44362ce3f565?alt=json (Caused by NewConnectionError('<urllib3.connection.HTTPSConnection object at 0x76b1d4790590>: Failed to establish a new connection: [Errno -3] Temporary failure in name resolution'))
2024-10-29 16:57:54,460 DEBUG    root            Retrying request to url https://container.googleapis.com/v1/projects/practica5-1234/locations/europe-west1-b/operations/operation-1730217431692-69f8c634-82d0-4598-b0c7-44362ce3f565?alt=json after exception HTTPSConnectionPool(host='container.googleapis.com', port=443): Max retries exceeded with url: /v1/projects/practica5-1234/locations/europe-west1-b/operations/operation-1730217431692-69f8c634-82d0-4598-b0c7-44362ce3f565?alt=json (Caused by NewConnectionError('<urllib3.connection.HTTPSConnection object at 0x76b1d4790590>: Failed to establish a new connection: [Errno -3] Temporary failure in name resolution'))
2024-10-29 16:57:56,012 DEBUG    urllib3.connectionpool Starting new HTTPS connection (1): container.googleapis.com:443
2024-10-29 16:57:56,016 DEBUG    root            Caught socket error, retrying: HTTPSConnectionPool(host='container.googleapis.com', port=443): Max retries exceeded with url: /v1/projects/practica5-1234/locations/europe-west1-b/operations/operation-1730217431692-69f8c634-82d0-4598-b0c7-44362ce3f565?alt=json (Caused by NewConnectionError('<urllib3.connection.HTTPSConnection object at 0x76b1d4791010>: Failed to establish a new connection: [Errno -3] Temporary failure in name resolution'))
2024-10-29 16:57:56,016 DEBUG    root            Retrying request to url https://container.googleapis.com/v1/projects/practica5-1234/locations/europe-west1-b/operations/operation-1730217431692-69f8c634-82d0-4598-b0c7-44362ce3f565?alt=json after exception HTTPSConnectionPool(host='container.googleapis.com', port=443): Max retries exceeded with url: /v1/projects/practica5-1234/locations/europe-west1-b/operations/operation-1730217431692-69f8c634-82d0-4598-b0c7-44362ce3f565?alt=json (Caused by NewConnectionError('<urllib3.connection.HTTPSConnection object at 0x76b1d4791010>: Failed to establish a new connection: [Errno -3] Temporary failure in name resolution'))
2024-10-29 17:01:12,276 DEBUG    urllib3.connectionpool Starting new HTTPS connection (1): container.googleapis.com:443
2024-10-29 17:01:12,279 DEBUG    root            Caught socket error, retrying: HTTPSConnectionPool(host='container.googleapis.com', port=443): Max retries exceeded with url: /v1/projects/practica5-1234/locations/europe-west1-b/operations/operation-1730217431692-69f8c634-82d0-4598-b0c7-44362ce3f565?alt=json (Caused by NewConnectionError('<urllib3.connection.HTTPSConnection object at 0x76b1d4790ed0>: Failed to establish a new connection: [Errno -3] Temporary failure in name resolution'))
2024-10-29 17:01:12,279 DEBUG    root            Retrying request to url https://container.googleapis.com/v1/projects/practica5-1234/locations/europe-west1-b/operations/operation-1730217431692-69f8c634-82d0-4598-b0c7-44362ce3f565?alt=json after exception HTTPSConnectionPool(host='container.googleapis.com', port=443): Max retries exceeded with url: /v1/projects/practica5-1234/locations/europe-west1-b/operations/operation-1730217431692-69f8c634-82d0-4598-b0c7-44362ce3f565?alt=json (Caused by NewConnectionError('<urllib3.connection.HTTPSConnection object at 0x76b1d4790ed0>: Failed to establish a new connection: [Errno -3] Temporary failure in name resolution'))
2024-10-29 17:01:21,392 DEBUG    urllib3.connectionpool Starting new HTTPS connection (1): container.googleapis.com:443
2024-10-29 17:01:21,785 DEBUG    urllib3.connectionpool https://container.googleapis.com:443 "GET /v1/projects/practica5-1234/locations/europe-west1-b/operations/operation-1730217431692-69f8c634-82d0-4598-b0c7-44362ce3f565?alt=json HTTP/1.1" 200 None
2024-10-29 17:01:26,796 DEBUG    urllib3.connectionpool Starting new HTTPS connection (1): container.googleapis.com:443
2024-10-29 17:01:27,212 DEBUG    urllib3.connectionpool https://container.googleapis.com:443 "GET /v1/projects/practica5-1234/locations/europe-west1-b/operations/operation-1730217431692-69f8c634-82d0-4598-b0c7-44362ce3f565?alt=json HTTP/1.1" 200 None
2024-10-29 17:01:32,215 DEBUG    urllib3.connectionpool Starting new HTTPS connection (1): container.googleapis.com:443
2024-10-29 17:01:32,491 DEBUG    urllib3.connectionpool https://container.googleapis.com:443 "GET /v1/projects/practica5-1234/locations/europe-west1-b/operations/operation-1730217431692-69f8c634-82d0-4598-b0c7-44362ce3f565?alt=json HTTP/1.1" 200 None
2024-10-29 17:01:37,496 DEBUG    urllib3.connectionpool Starting new HTTPS connection (1): container.googleapis.com:443
2024-10-29 17:01:37,850 DEBUG    urllib3.connectionpool https://container.googleapis.com:443 "GET /v1/projects/practica5-1234/locations/europe-west1-b/operations/operation-1730217431692-69f8c634-82d0-4598-b0c7-44362ce3f565?alt=json HTTP/1.1" 200 None
2024-10-29 17:01:37,854 INFO     root            Operation <Operation
 clusterConditions: []
 endTime: '2024-10-29T16:01:33.467464439Z'
 name: 'operation-1730217431692-69f8c634-82d0-4598-b0c7-44362ce3f565'
 nodepoolConditions: []
 operationType: OperationTypeValueValuesEnum(DELETE_CLUSTER, 2)
 selfLink: 'https://container.googleapis.com/v1/projects/453953318241/zones/europe-west1-b/operations/operation-1730217431692-69f8c634-82d0-4598-b0c7-44362ce3f565'
 startTime: '2024-10-29T15:57:11.692847561Z'
 status: StatusValueValuesEnum(DONE, 3)
 targetLink: 'https://container.googleapis.com/v1/projects/453953318241/zones/europe-west1-b/clusters/cluster1'
 zone: 'europe-west1-b'> finished after 2.66e+02 seconds
2024-10-29 17:01:37,894 DEBUG    root            Purged cluster config from /home/javierdrp/.config/gcloud/kubernetes/practica5-1234_europe-west1-b_cluster1
2024-10-29 17:01:37,894 INFO     ___FILE_ONLY___ Deleted [https://container.googleapis.com/v1/projects/practica5-1234/zones/europe-west1-b/clusters/cluster1].

2024-10-29 17:01:37,895 DEBUG    root            Chosen display Format:none
2024-10-29 17:01:37,895 INFO     root            Display format: "none"
2024-10-29 17:01:37,895 DEBUG    root            SDK update checks are disabled.
