2024-10-29 21:26:45,914 DEBUG    root            Loaded Command Group: ['gcloud', 'container', 'clusters']
2024-10-29 21:26:45,917 DEBUG    root            Loaded Command Group: ['gcloud', 'container', 'clusters', 'create']
2024-10-29 21:26:45,948 DEBUG    root            Running [gcloud.container.clusters.create] with arguments: [--disk-size: "37580963840", --enable-ip-alias: "True", --enable-master-authorized-networks: "True", --master-authorized-networks: "['81.33.142.0/32']", NAME: "k8-hello-world"]
2024-10-29 21:26:45,951 INFO     ___FILE_ONLY___ Note: The Kubelet readonly port (10255) is now deprecated. Please update your workloads to use the recommended alternatives. See https://cloud.google.com/kubernetes-engine/docs/how-to/disable-kubelet-readonly-port for ways to check usage and for migration instructions.

2024-10-29 21:26:45,953 DEBUG    urllib3.connectionpool Starting new HTTPS connection (1): container.googleapis.com:443
2024-10-29 21:26:50,981 DEBUG    urllib3.connectionpool https://container.googleapis.com:443 "POST /v1/projects/practica5-1234/locations/europe-west1-b/clusters?alt=json HTTP/1.1" 200 None
2024-10-29 21:26:50,987 INFO     ___FILE_ONLY___ Creating cluster k8-hello-world in europe-west1-b...
2024-10-29 21:26:50,990 DEBUG    urllib3.connectionpool Starting new HTTPS connection (1): container.googleapis.com:443
2024-10-29 21:26:51,290 DEBUG    urllib3.connectionpool https://container.googleapis.com:443 "GET /v1/projects/practica5-1234/locations/europe-west1-b/operations/operation-1730233610722-36ca2f27-f1da-4fad-b517-0d2d3fbd9c2d?alt=json HTTP/1.1" 200 None
2024-10-29 21:26:56,299 DEBUG    urllib3.connectionpool Starting new HTTPS connection (1): container.googleapis.com:443
2024-10-29 21:26:56,715 DEBUG    urllib3.connectionpool https://container.googleapis.com:443 "GET /v1/projects/practica5-1234/locations/europe-west1-b/operations/operation-1730233610722-36ca2f27-f1da-4fad-b517-0d2d3fbd9c2d?alt=json HTTP/1.1" 200 None
2024-10-29 21:27:01,723 DEBUG    urllib3.connectionpool Starting new HTTPS connection (1): container.googleapis.com:443
2024-10-29 21:27:02,037 DEBUG    urllib3.connectionpool https://container.googleapis.com:443 "GET /v1/projects/practica5-1234/locations/europe-west1-b/operations/operation-1730233610722-36ca2f27-f1da-4fad-b517-0d2d3fbd9c2d?alt=json HTTP/1.1" 200 None
2024-10-29 21:27:07,045 DEBUG    urllib3.connectionpool Starting new HTTPS connection (1): container.googleapis.com:443
2024-10-29 21:27:07,466 DEBUG    urllib3.connectionpool https://container.googleapis.com:443 "GET /v1/projects/practica5-1234/locations/europe-west1-b/operations/operation-1730233610722-36ca2f27-f1da-4fad-b517-0d2d3fbd9c2d?alt=json HTTP/1.1" 200 None
2024-10-29 21:27:12,473 DEBUG    urllib3.connectionpool Starting new HTTPS connection (1): container.googleapis.com:443
2024-10-29 21:27:12,804 DEBUG    urllib3.connectionpool https://container.googleapis.com:443 "GET /v1/projects/practica5-1234/locations/europe-west1-b/operations/operation-1730233610722-36ca2f27-f1da-4fad-b517-0d2d3fbd9c2d?alt=json HTTP/1.1" 200 None
2024-10-29 21:27:17,813 DEBUG    urllib3.connectionpool Starting new HTTPS connection (1): container.googleapis.com:443
2024-10-29 21:27:18,118 DEBUG    urllib3.connectionpool https://container.googleapis.com:443 "GET /v1/projects/practica5-1234/locations/europe-west1-b/operations/operation-1730233610722-36ca2f27-f1da-4fad-b517-0d2d3fbd9c2d?alt=json HTTP/1.1" 200 None
2024-10-29 21:27:23,126 DEBUG    urllib3.connectionpool Starting new HTTPS connection (1): container.googleapis.com:443
2024-10-29 21:27:23,441 DEBUG    urllib3.connectionpool https://container.googleapis.com:443 "GET /v1/projects/practica5-1234/locations/europe-west1-b/operations/operation-1730233610722-36ca2f27-f1da-4fad-b517-0d2d3fbd9c2d?alt=json HTTP/1.1" 200 None
2024-10-29 21:27:28,449 DEBUG    urllib3.connectionpool Starting new HTTPS connection (1): container.googleapis.com:443
2024-10-29 21:27:28,868 DEBUG    urllib3.connectionpool https://container.googleapis.com:443 "GET /v1/projects/practica5-1234/locations/europe-west1-b/operations/operation-1730233610722-36ca2f27-f1da-4fad-b517-0d2d3fbd9c2d?alt=json HTTP/1.1" 200 None
2024-10-29 21:27:33,877 DEBUG    urllib3.connectionpool Starting new HTTPS connection (1): container.googleapis.com:443
2024-10-29 21:27:34,194 DEBUG    urllib3.connectionpool https://container.googleapis.com:443 "GET /v1/projects/practica5-1234/locations/europe-west1-b/operations/operation-1730233610722-36ca2f27-f1da-4fad-b517-0d2d3fbd9c2d?alt=json HTTP/1.1" 200 None
2024-10-29 21:27:39,202 DEBUG    urllib3.connectionpool Starting new HTTPS connection (1): container.googleapis.com:443
2024-10-29 21:27:39,519 DEBUG    urllib3.connectionpool https://container.googleapis.com:443 "GET /v1/projects/practica5-1234/locations/europe-west1-b/operations/operation-1730233610722-36ca2f27-f1da-4fad-b517-0d2d3fbd9c2d?alt=json HTTP/1.1" 200 None
2024-10-29 21:27:44,527 DEBUG    urllib3.connectionpool Starting new HTTPS connection (1): container.googleapis.com:443
2024-10-29 21:27:44,842 DEBUG    urllib3.connectionpool https://container.googleapis.com:443 "GET /v1/projects/practica5-1234/locations/europe-west1-b/operations/operation-1730233610722-36ca2f27-f1da-4fad-b517-0d2d3fbd9c2d?alt=json HTTP/1.1" 200 None
2024-10-29 21:27:49,851 DEBUG    urllib3.connectionpool Starting new HTTPS connection (1): container.googleapis.com:443
2024-10-29 21:27:50,168 DEBUG    urllib3.connectionpool https://container.googleapis.com:443 "GET /v1/projects/practica5-1234/locations/europe-west1-b/operations/operation-1730233610722-36ca2f27-f1da-4fad-b517-0d2d3fbd9c2d?alt=json HTTP/1.1" 200 None
2024-10-29 21:27:55,176 DEBUG    urllib3.connectionpool Starting new HTTPS connection (1): container.googleapis.com:443
2024-10-29 21:27:55,447 DEBUG    urllib3.connectionpool https://container.googleapis.com:443 "GET /v1/projects/practica5-1234/locations/europe-west1-b/operations/operation-1730233610722-36ca2f27-f1da-4fad-b517-0d2d3fbd9c2d?alt=json HTTP/1.1" 200 None
2024-10-29 21:28:00,452 DEBUG    urllib3.connectionpool Starting new HTTPS connection (1): container.googleapis.com:443
2024-10-29 21:28:00,714 DEBUG    urllib3.connectionpool https://container.googleapis.com:443 "GET /v1/projects/practica5-1234/locations/europe-west1-b/operations/operation-1730233610722-36ca2f27-f1da-4fad-b517-0d2d3fbd9c2d?alt=json HTTP/1.1" 200 None
2024-10-29 21:28:05,721 DEBUG    urllib3.connectionpool Starting new HTTPS connection (1): container.googleapis.com:443
2024-10-29 21:28:06,040 DEBUG    urllib3.connectionpool https://container.googleapis.com:443 "GET /v1/projects/practica5-1234/locations/europe-west1-b/operations/operation-1730233610722-36ca2f27-f1da-4fad-b517-0d2d3fbd9c2d?alt=json HTTP/1.1" 200 None
2024-10-29 21:28:11,047 DEBUG    urllib3.connectionpool Starting new HTTPS connection (1): container.googleapis.com:443
2024-10-29 21:28:11,366 DEBUG    urllib3.connectionpool https://container.googleapis.com:443 "GET /v1/projects/practica5-1234/locations/europe-west1-b/operations/operation-1730233610722-36ca2f27-f1da-4fad-b517-0d2d3fbd9c2d?alt=json HTTP/1.1" 200 None
2024-10-29 21:28:16,375 DEBUG    urllib3.connectionpool Starting new HTTPS connection (1): container.googleapis.com:443
2024-10-29 21:28:16,531 DEBUG    urllib3.connectionpool https://container.googleapis.com:443 "GET /v1/projects/practica5-1234/locations/europe-west1-b/operations/operation-1730233610722-36ca2f27-f1da-4fad-b517-0d2d3fbd9c2d?alt=json HTTP/1.1" 200 None
2024-10-29 21:28:21,538 DEBUG    urllib3.connectionpool Starting new HTTPS connection (1): container.googleapis.com:443
2024-10-29 21:28:22,016 DEBUG    urllib3.connectionpool https://container.googleapis.com:443 "GET /v1/projects/practica5-1234/locations/europe-west1-b/operations/operation-1730233610722-36ca2f27-f1da-4fad-b517-0d2d3fbd9c2d?alt=json HTTP/1.1" 200 None
2024-10-29 21:28:27,021 DEBUG    urllib3.connectionpool Starting new HTTPS connection (1): container.googleapis.com:443
2024-10-29 21:28:27,340 DEBUG    urllib3.connectionpool https://container.googleapis.com:443 "GET /v1/projects/practica5-1234/locations/europe-west1-b/operations/operation-1730233610722-36ca2f27-f1da-4fad-b517-0d2d3fbd9c2d?alt=json HTTP/1.1" 200 None
2024-10-29 21:28:32,348 DEBUG    urllib3.connectionpool Starting new HTTPS connection (1): container.googleapis.com:443
2024-10-29 21:28:32,685 DEBUG    urllib3.connectionpool https://container.googleapis.com:443 "GET /v1/projects/practica5-1234/locations/europe-west1-b/operations/operation-1730233610722-36ca2f27-f1da-4fad-b517-0d2d3fbd9c2d?alt=json HTTP/1.1" 200 None
2024-10-29 21:28:37,693 DEBUG    urllib3.connectionpool Starting new HTTPS connection (1): container.googleapis.com:443
2024-10-29 21:28:37,990 DEBUG    urllib3.connectionpool https://container.googleapis.com:443 "GET /v1/projects/practica5-1234/locations/europe-west1-b/operations/operation-1730233610722-36ca2f27-f1da-4fad-b517-0d2d3fbd9c2d?alt=json HTTP/1.1" 200 None
2024-10-29 21:28:42,999 DEBUG    urllib3.connectionpool Starting new HTTPS connection (1): container.googleapis.com:443
2024-10-29 21:28:43,417 DEBUG    urllib3.connectionpool https://container.googleapis.com:443 "GET /v1/projects/practica5-1234/locations/europe-west1-b/operations/operation-1730233610722-36ca2f27-f1da-4fad-b517-0d2d3fbd9c2d?alt=json HTTP/1.1" 200 None
2024-10-29 21:28:48,426 DEBUG    urllib3.connectionpool Starting new HTTPS connection (1): container.googleapis.com:443
2024-10-29 21:28:48,844 DEBUG    urllib3.connectionpool https://container.googleapis.com:443 "GET /v1/projects/practica5-1234/locations/europe-west1-b/operations/operation-1730233610722-36ca2f27-f1da-4fad-b517-0d2d3fbd9c2d?alt=json HTTP/1.1" 200 None
2024-10-29 21:28:53,853 DEBUG    urllib3.connectionpool Starting new HTTPS connection (1): container.googleapis.com:443
2024-10-29 21:28:54,169 DEBUG    urllib3.connectionpool https://container.googleapis.com:443 "GET /v1/projects/practica5-1234/locations/europe-west1-b/operations/operation-1730233610722-36ca2f27-f1da-4fad-b517-0d2d3fbd9c2d?alt=json HTTP/1.1" 200 None
2024-10-29 21:28:59,177 DEBUG    urllib3.connectionpool Starting new HTTPS connection (1): container.googleapis.com:443
2024-10-29 21:28:59,596 DEBUG    urllib3.connectionpool https://container.googleapis.com:443 "GET /v1/projects/practica5-1234/locations/europe-west1-b/operations/operation-1730233610722-36ca2f27-f1da-4fad-b517-0d2d3fbd9c2d?alt=json HTTP/1.1" 200 None
2024-10-29 21:29:04,603 DEBUG    urllib3.connectionpool Starting new HTTPS connection (1): container.googleapis.com:443
2024-10-29 21:29:04,856 DEBUG    urllib3.connectionpool https://container.googleapis.com:443 "GET /v1/projects/practica5-1234/locations/europe-west1-b/operations/operation-1730233610722-36ca2f27-f1da-4fad-b517-0d2d3fbd9c2d?alt=json HTTP/1.1" 200 None
2024-10-29 21:29:09,860 DEBUG    urllib3.connectionpool Starting new HTTPS connection (1): container.googleapis.com:443
2024-10-29 21:29:10,082 DEBUG    urllib3.connectionpool https://container.googleapis.com:443 "GET /v1/projects/practica5-1234/locations/europe-west1-b/operations/operation-1730233610722-36ca2f27-f1da-4fad-b517-0d2d3fbd9c2d?alt=json HTTP/1.1" 200 None
2024-10-29 21:29:15,087 DEBUG    urllib3.connectionpool Starting new HTTPS connection (1): container.googleapis.com:443
2024-10-29 21:29:15,319 DEBUG    urllib3.connectionpool https://container.googleapis.com:443 "GET /v1/projects/practica5-1234/locations/europe-west1-b/operations/operation-1730233610722-36ca2f27-f1da-4fad-b517-0d2d3fbd9c2d?alt=json HTTP/1.1" 200 None
2024-10-29 21:29:20,323 DEBUG    urllib3.connectionpool Starting new HTTPS connection (1): container.googleapis.com:443
2024-10-29 21:29:20,690 DEBUG    urllib3.connectionpool https://container.googleapis.com:443 "GET /v1/projects/practica5-1234/locations/europe-west1-b/operations/operation-1730233610722-36ca2f27-f1da-4fad-b517-0d2d3fbd9c2d?alt=json HTTP/1.1" 200 None
2024-10-29 21:29:25,695 DEBUG    urllib3.connectionpool Starting new HTTPS connection (1): container.googleapis.com:443
2024-10-29 21:29:26,015 DEBUG    urllib3.connectionpool https://container.googleapis.com:443 "GET /v1/projects/practica5-1234/locations/europe-west1-b/operations/operation-1730233610722-36ca2f27-f1da-4fad-b517-0d2d3fbd9c2d?alt=json HTTP/1.1" 200 None
2024-10-29 21:29:31,021 DEBUG    urllib3.connectionpool Starting new HTTPS connection (1): container.googleapis.com:443
2024-10-29 21:29:31,340 DEBUG    urllib3.connectionpool https://container.googleapis.com:443 "GET /v1/projects/practica5-1234/locations/europe-west1-b/operations/operation-1730233610722-36ca2f27-f1da-4fad-b517-0d2d3fbd9c2d?alt=json HTTP/1.1" 200 None
2024-10-29 21:29:36,344 DEBUG    urllib3.connectionpool Starting new HTTPS connection (1): container.googleapis.com:443
2024-10-29 21:29:36,684 DEBUG    urllib3.connectionpool https://container.googleapis.com:443 "GET /v1/projects/practica5-1234/locations/europe-west1-b/operations/operation-1730233610722-36ca2f27-f1da-4fad-b517-0d2d3fbd9c2d?alt=json HTTP/1.1" 200 None
2024-10-29 21:29:41,689 DEBUG    urllib3.connectionpool Starting new HTTPS connection (1): container.googleapis.com:443
2024-10-29 21:29:41,989 DEBUG    urllib3.connectionpool https://container.googleapis.com:443 "GET /v1/projects/practica5-1234/locations/europe-west1-b/operations/operation-1730233610722-36ca2f27-f1da-4fad-b517-0d2d3fbd9c2d?alt=json HTTP/1.1" 200 None
2024-10-29 21:29:46,994 DEBUG    urllib3.connectionpool Starting new HTTPS connection (1): container.googleapis.com:443
2024-10-29 21:29:47,315 DEBUG    urllib3.connectionpool https://container.googleapis.com:443 "GET /v1/projects/practica5-1234/locations/europe-west1-b/operations/operation-1730233610722-36ca2f27-f1da-4fad-b517-0d2d3fbd9c2d?alt=json HTTP/1.1" 200 None
2024-10-29 21:29:52,322 DEBUG    urllib3.connectionpool Starting new HTTPS connection (1): container.googleapis.com:443
2024-10-29 21:29:52,639 DEBUG    urllib3.connectionpool https://container.googleapis.com:443 "GET /v1/projects/practica5-1234/locations/europe-west1-b/operations/operation-1730233610722-36ca2f27-f1da-4fad-b517-0d2d3fbd9c2d?alt=json HTTP/1.1" 200 None
2024-10-29 21:29:57,643 DEBUG    urllib3.connectionpool Starting new HTTPS connection (1): container.googleapis.com:443
2024-10-29 21:29:57,964 DEBUG    urllib3.connectionpool https://container.googleapis.com:443 "GET /v1/projects/practica5-1234/locations/europe-west1-b/operations/operation-1730233610722-36ca2f27-f1da-4fad-b517-0d2d3fbd9c2d?alt=json HTTP/1.1" 200 None
2024-10-29 21:30:02,969 DEBUG    urllib3.connectionpool Starting new HTTPS connection (1): container.googleapis.com:443
2024-10-29 21:30:03,289 DEBUG    urllib3.connectionpool https://container.googleapis.com:443 "GET /v1/projects/practica5-1234/locations/europe-west1-b/operations/operation-1730233610722-36ca2f27-f1da-4fad-b517-0d2d3fbd9c2d?alt=json HTTP/1.1" 200 None
2024-10-29 21:30:08,295 DEBUG    urllib3.connectionpool Starting new HTTPS connection (1): container.googleapis.com:443
2024-10-29 21:30:08,614 DEBUG    urllib3.connectionpool https://container.googleapis.com:443 "GET /v1/projects/practica5-1234/locations/europe-west1-b/operations/operation-1730233610722-36ca2f27-f1da-4fad-b517-0d2d3fbd9c2d?alt=json HTTP/1.1" 200 None
2024-10-29 21:30:13,619 DEBUG    urllib3.connectionpool Starting new HTTPS connection (1): container.googleapis.com:443
2024-10-29 21:30:13,938 DEBUG    urllib3.connectionpool https://container.googleapis.com:443 "GET /v1/projects/practica5-1234/locations/europe-west1-b/operations/operation-1730233610722-36ca2f27-f1da-4fad-b517-0d2d3fbd9c2d?alt=json HTTP/1.1" 200 None
2024-10-29 21:30:18,942 DEBUG    urllib3.connectionpool Starting new HTTPS connection (1): container.googleapis.com:443
2024-10-29 21:30:19,263 DEBUG    urllib3.connectionpool https://container.googleapis.com:443 "GET /v1/projects/practica5-1234/locations/europe-west1-b/operations/operation-1730233610722-36ca2f27-f1da-4fad-b517-0d2d3fbd9c2d?alt=json HTTP/1.1" 200 None
2024-10-29 21:30:24,265 DEBUG    urllib3.connectionpool Starting new HTTPS connection (1): container.googleapis.com:443
2024-10-29 21:30:24,588 DEBUG    urllib3.connectionpool https://container.googleapis.com:443 "GET /v1/projects/practica5-1234/locations/europe-west1-b/operations/operation-1730233610722-36ca2f27-f1da-4fad-b517-0d2d3fbd9c2d?alt=json HTTP/1.1" 200 None
2024-10-29 21:30:29,590 DEBUG    urllib3.connectionpool Starting new HTTPS connection (1): container.googleapis.com:443
2024-10-29 21:30:29,913 DEBUG    urllib3.connectionpool https://container.googleapis.com:443 "GET /v1/projects/practica5-1234/locations/europe-west1-b/operations/operation-1730233610722-36ca2f27-f1da-4fad-b517-0d2d3fbd9c2d?alt=json HTTP/1.1" 200 None
2024-10-29 21:30:34,915 DEBUG    urllib3.connectionpool Starting new HTTPS connection (1): container.googleapis.com:443
2024-10-29 21:30:35,238 DEBUG    urllib3.connectionpool https://container.googleapis.com:443 "GET /v1/projects/practica5-1234/locations/europe-west1-b/operations/operation-1730233610722-36ca2f27-f1da-4fad-b517-0d2d3fbd9c2d?alt=json HTTP/1.1" 200 None
2024-10-29 21:30:40,240 DEBUG    urllib3.connectionpool Starting new HTTPS connection (1): container.googleapis.com:443
2024-10-29 21:30:40,562 DEBUG    urllib3.connectionpool https://container.googleapis.com:443 "GET /v1/projects/practica5-1234/locations/europe-west1-b/operations/operation-1730233610722-36ca2f27-f1da-4fad-b517-0d2d3fbd9c2d?alt=json HTTP/1.1" 200 None
2024-10-29 21:30:45,565 DEBUG    urllib3.connectionpool Starting new HTTPS connection (1): container.googleapis.com:443
2024-10-29 21:30:45,887 DEBUG    urllib3.connectionpool https://container.googleapis.com:443 "GET /v1/projects/practica5-1234/locations/europe-west1-b/operations/operation-1730233610722-36ca2f27-f1da-4fad-b517-0d2d3fbd9c2d?alt=json HTTP/1.1" 200 None
2024-10-29 21:30:50,890 DEBUG    urllib3.connectionpool Starting new HTTPS connection (1): container.googleapis.com:443
2024-10-29 21:30:51,316 DEBUG    urllib3.connectionpool https://container.googleapis.com:443 "GET /v1/projects/practica5-1234/locations/europe-west1-b/operations/operation-1730233610722-36ca2f27-f1da-4fad-b517-0d2d3fbd9c2d?alt=json HTTP/1.1" 200 None
2024-10-29 21:30:56,319 DEBUG    urllib3.connectionpool Starting new HTTPS connection (1): container.googleapis.com:443
2024-10-29 21:30:56,639 DEBUG    urllib3.connectionpool https://container.googleapis.com:443 "GET /v1/projects/practica5-1234/locations/europe-west1-b/operations/operation-1730233610722-36ca2f27-f1da-4fad-b517-0d2d3fbd9c2d?alt=json HTTP/1.1" 200 None
2024-10-29 21:31:01,642 DEBUG    urllib3.connectionpool Starting new HTTPS connection (1): container.googleapis.com:443
2024-10-29 21:31:01,964 DEBUG    urllib3.connectionpool https://container.googleapis.com:443 "GET /v1/projects/practica5-1234/locations/europe-west1-b/operations/operation-1730233610722-36ca2f27-f1da-4fad-b517-0d2d3fbd9c2d?alt=json HTTP/1.1" 200 None
2024-10-29 21:31:06,967 DEBUG    urllib3.connectionpool Starting new HTTPS connection (1): container.googleapis.com:443
2024-10-29 21:31:07,208 DEBUG    urllib3.connectionpool https://container.googleapis.com:443 "GET /v1/projects/practica5-1234/locations/europe-west1-b/operations/operation-1730233610722-36ca2f27-f1da-4fad-b517-0d2d3fbd9c2d?alt=json HTTP/1.1" 200 None
2024-10-29 21:31:12,211 DEBUG    urllib3.connectionpool Starting new HTTPS connection (1): container.googleapis.com:443
2024-10-29 21:31:12,463 DEBUG    urllib3.connectionpool https://container.googleapis.com:443 "GET /v1/projects/practica5-1234/locations/europe-west1-b/operations/operation-1730233610722-36ca2f27-f1da-4fad-b517-0d2d3fbd9c2d?alt=json HTTP/1.1" 200 None
2024-10-29 21:31:17,466 DEBUG    urllib3.connectionpool Starting new HTTPS connection (1): container.googleapis.com:443
2024-10-29 21:31:17,837 DEBUG    urllib3.connectionpool https://container.googleapis.com:443 "GET /v1/projects/practica5-1234/locations/europe-west1-b/operations/operation-1730233610722-36ca2f27-f1da-4fad-b517-0d2d3fbd9c2d?alt=json HTTP/1.1" 200 None
2024-10-29 21:31:22,842 DEBUG    urllib3.connectionpool Starting new HTTPS connection (1): container.googleapis.com:443
2024-10-29 21:31:23,161 DEBUG    urllib3.connectionpool https://container.googleapis.com:443 "GET /v1/projects/practica5-1234/locations/europe-west1-b/operations/operation-1730233610722-36ca2f27-f1da-4fad-b517-0d2d3fbd9c2d?alt=json HTTP/1.1" 200 None
2024-10-29 21:31:28,167 DEBUG    urllib3.connectionpool Starting new HTTPS connection (1): container.googleapis.com:443
2024-10-29 21:31:28,487 DEBUG    urllib3.connectionpool https://container.googleapis.com:443 "GET /v1/projects/practica5-1234/locations/europe-west1-b/operations/operation-1730233610722-36ca2f27-f1da-4fad-b517-0d2d3fbd9c2d?alt=json HTTP/1.1" 200 None
2024-10-29 21:31:33,492 DEBUG    urllib3.connectionpool Starting new HTTPS connection (1): container.googleapis.com:443
2024-10-29 21:31:33,916 DEBUG    urllib3.connectionpool https://container.googleapis.com:443 "GET /v1/projects/practica5-1234/locations/europe-west1-b/operations/operation-1730233610722-36ca2f27-f1da-4fad-b517-0d2d3fbd9c2d?alt=json HTTP/1.1" 200 None
2024-10-29 21:31:38,921 DEBUG    urllib3.connectionpool Starting new HTTPS connection (1): container.googleapis.com:443
2024-10-29 21:31:39,240 DEBUG    urllib3.connectionpool https://container.googleapis.com:443 "GET /v1/projects/practica5-1234/locations/europe-west1-b/operations/operation-1730233610722-36ca2f27-f1da-4fad-b517-0d2d3fbd9c2d?alt=json HTTP/1.1" 200 None
2024-10-29 21:31:44,246 DEBUG    urllib3.connectionpool Starting new HTTPS connection (1): container.googleapis.com:443
2024-10-29 21:31:44,563 DEBUG    urllib3.connectionpool https://container.googleapis.com:443 "GET /v1/projects/practica5-1234/locations/europe-west1-b/operations/operation-1730233610722-36ca2f27-f1da-4fad-b517-0d2d3fbd9c2d?alt=json HTTP/1.1" 200 None
2024-10-29 21:31:49,568 DEBUG    urllib3.connectionpool Starting new HTTPS connection (1): container.googleapis.com:443
2024-10-29 21:31:49,888 DEBUG    urllib3.connectionpool https://container.googleapis.com:443 "GET /v1/projects/practica5-1234/locations/europe-west1-b/operations/operation-1730233610722-36ca2f27-f1da-4fad-b517-0d2d3fbd9c2d?alt=json HTTP/1.1" 200 None
2024-10-29 21:31:54,893 DEBUG    urllib3.connectionpool Starting new HTTPS connection (1): container.googleapis.com:443
2024-10-29 21:31:55,323 DEBUG    urllib3.connectionpool https://container.googleapis.com:443 "GET /v1/projects/practica5-1234/locations/europe-west1-b/operations/operation-1730233610722-36ca2f27-f1da-4fad-b517-0d2d3fbd9c2d?alt=json HTTP/1.1" 200 None
2024-10-29 21:31:55,326 INFO     root            Operation <Operation
 clusterConditions: []
 endTime: '2024-10-29T20:31:53.506963541Z'
 name: 'operation-1730233610722-36ca2f27-f1da-4fad-b517-0d2d3fbd9c2d'
 nodepoolConditions: []
 operationType: OperationTypeValueValuesEnum(CREATE_CLUSTER, 1)
 progress: <OperationProgress
 metrics: [<Metric
 intValue: 10
 name: 'CLUSTER_CONFIGURING'>, <Metric
 intValue: 10
 name: 'CLUSTER_CONFIGURING_TOTAL'>, <Metric
 intValue: 12
 name: 'CLUSTER_DEPLOYING'>, <Metric
 intValue: 12
 name: 'CLUSTER_DEPLOYING_TOTAL'>, <Metric
 intValue: 1
 name: 'CLUSTER_HEALTHCHECKING'>, <Metric
 intValue: 2
 name: 'CLUSTER_HEALTHCHECKING_TOTAL'>]
 stages: []>
 selfLink: 'https://container.googleapis.com/v1/projects/453953318241/zones/europe-west1-b/operations/operation-1730233610722-36ca2f27-f1da-4fad-b517-0d2d3fbd9c2d'
 startTime: '2024-10-29T20:26:50.722470123Z'
 status: StatusValueValuesEnum(DONE, 3)
 targetLink: 'https://container.googleapis.com/v1/projects/453953318241/zones/europe-west1-b/clusters/k8-hello-world'
 zone: 'europe-west1-b'> finished after 3.04e+02 seconds
2024-10-29 21:31:55,484 DEBUG    urllib3.connectionpool Starting new HTTPS connection (1): container.googleapis.com:443
2024-10-29 21:31:55,818 DEBUG    urllib3.connectionpool https://container.googleapis.com:443 "GET /v1/projects/practica5-1234/locations/europe-west1-b/clusters/k8-hello-world?alt=json HTTP/1.1" 200 None
2024-10-29 21:31:55,826 INFO     ___FILE_ONLY___ Created [https://container.googleapis.com/v1/projects/practica5-1234/zones/europe-west1-b/clusters/k8-hello-world].

2024-10-29 21:31:55,826 INFO     ___FILE_ONLY___ To inspect the contents of your cluster, go to: https://console.cloud.google.com/kubernetes/workload_/gcloud/europe-west1-b/k8-hello-world?project=practica5-1234

2024-10-29 21:31:55,843 DEBUG    root            Saved kubeconfig to /home/javierdrp/.kube/config
2024-10-29 21:31:55,843 INFO     ___FILE_ONLY___ kubeconfig entry generated for k8-hello-world.

2024-10-29 21:31:55,843 DEBUG    root            Chosen display Format:
    table(
        name,
        zone:label=LOCATION,
        master_version():label=MASTER_VERSION,
        endpoint:label=MASTER_IP,
        nodePools[0].config.machineType,
        currentNodeVersion:label=NODE_VERSION,
        firstof(currentNodeCount,initialNodeCount):label=NUM_NODES,
        status
    )

2024-10-29 21:31:55,844 INFO     root            Display format: "
    table(
        name,
        zone:label=LOCATION,
        master_version():label=MASTER_VERSION,
        endpoint:label=MASTER_IP,
        nodePools[0].config.machineType,
        currentNodeVersion:label=NODE_VERSION,
        firstof(currentNodeCount,initialNodeCount):label=NUM_NODES,
        status
    )
"
2024-10-29 21:31:55,855 INFO     ___FILE_ONLY___ NAME
2024-10-29 21:31:55,856 INFO     ___FILE_ONLY___             
2024-10-29 21:31:55,856 INFO     ___FILE_ONLY___ LOCATION
2024-10-29 21:31:55,856 INFO     ___FILE_ONLY___         
2024-10-29 21:31:55,856 INFO     ___FILE_ONLY___ MASTER_VERSION
2024-10-29 21:31:55,856 INFO     ___FILE_ONLY___       
2024-10-29 21:31:55,856 INFO     ___FILE_ONLY___ MASTER_IP
2024-10-29 21:31:55,856 INFO     ___FILE_ONLY___      
2024-10-29 21:31:55,856 INFO     ___FILE_ONLY___ MACHINE_TYPE
2024-10-29 21:31:55,856 INFO     ___FILE_ONLY___   
2024-10-29 21:31:55,856 INFO     ___FILE_ONLY___ NODE_VERSION
2024-10-29 21:31:55,856 INFO     ___FILE_ONLY___         
2024-10-29 21:31:55,856 INFO     ___FILE_ONLY___ NUM_NODES
2024-10-29 21:31:55,856 INFO     ___FILE_ONLY___   
2024-10-29 21:31:55,856 INFO     ___FILE_ONLY___ STATUS
2024-10-29 21:31:55,856 INFO     ___FILE_ONLY___ 

2024-10-29 21:31:55,856 INFO     ___FILE_ONLY___ k8-hello-world
2024-10-29 21:31:55,856 INFO     ___FILE_ONLY___   
2024-10-29 21:31:55,856 INFO     ___FILE_ONLY___ europe-west1-b
2024-10-29 21:31:55,856 INFO     ___FILE_ONLY___   
2024-10-29 21:31:55,856 INFO     ___FILE_ONLY___ 1.30.5-gke.1014001
2024-10-29 21:31:55,856 INFO     ___FILE_ONLY___   
2024-10-29 21:31:55,856 INFO     ___FILE_ONLY___ 34.38.175.10
2024-10-29 21:31:55,856 INFO     ___FILE_ONLY___   
2024-10-29 21:31:55,856 INFO     ___FILE_ONLY___ e2-medium
2024-10-29 21:31:55,856 INFO     ___FILE_ONLY___      
2024-10-29 21:31:55,856 INFO     ___FILE_ONLY___ 1.30.5-gke.1014001
2024-10-29 21:31:55,856 INFO     ___FILE_ONLY___   
2024-10-29 21:31:55,856 INFO     ___FILE_ONLY___ 3
2024-10-29 21:31:55,856 INFO     ___FILE_ONLY___           
2024-10-29 21:31:55,856 INFO     ___FILE_ONLY___ RUNNING
2024-10-29 21:31:55,856 INFO     ___FILE_ONLY___ 

2024-10-29 21:31:55,856 DEBUG    root            SDK update checks are disabled.
