2024-10-29 22:45:37,298 DEBUG    root            Loaded Command Group: ['gcloud', 'config']
2024-10-29 22:45:37,299 DEBUG    root            Loaded Command Group: ['gcloud', 'config', 'config_helper']
2024-10-29 22:45:37,300 DEBUG    root            Running [gcloud.config.config-helper] with arguments: [--format: "json"]
2024-10-29 22:45:37,309 DEBUG    root            Chosen display Format:default json
2024-10-29 22:45:37,309 INFO     root            Display format: "default json"
2024-10-29 22:45:37,315 INFO     ___FILE_ONLY___ {
  "configuration": {
    "active_configuration": "default",
    "properties": {
      "compute": {
        "region": "europe-west1",
        "zone": "europe-west1-b"
      },
      "core": {
        "account": "jdiazderabago@gmail.com",
        "disable_usage_reporting": "True",
        "project": "practica5-1234"
      }
    }
  },
  "credential": {
    "access_token": "ya29.a0AeDClZDbmLOYpQPVod7n2isT88PwNSCQbS8ePxNH8lp_icYH4TvBl0Bj3Mo5p6_WQZleO0BI1_mvOAFN5S4pbibz2i9WyYVUTlvfMObSGoYuTtuMSwvUsu0rHSx6BliA_5qM9xZ2z0FnhUmVKGoUrA8dw7-BkH8L1wH5wjSE6wYZp3VDaCgYKAUUSARISFQHGX2Mi-hdi-uYGX7URhe12BiNCWg0183",
    "id_token": "eyJhbGciOiJSUzI1NiIsImtpZCI6ImM4OGQ4MDlmNGRiOTQzZGY1M2RhN2FjY2ZkNDc3NjRkMDViYTM5MWYiLCJ0eXAiOiJKV1QifQ.eyJpc3MiOiJodHRwczovL2FjY291bnRzLmdvb2dsZS5jb20iLCJhenAiOiIzMjU1NTk0MDU1OS5hcHBzLmdvb2dsZXVzZXJjb250ZW50LmNvbSIsImF1ZCI6IjMyNTU1OTQwNTU5LmFwcHMuZ29vZ2xldXNlcmNvbnRlbnQuY29tIiwic3ViIjoiMTExOTExMDA5MTcwOTYxOTU4NjUzIiwiZW1haWwiOiJqZGlhemRlcmFiYWdvQGdtYWlsLmNvbSIsImVtYWlsX3ZlcmlmaWVkIjp0cnVlLCJhdF9oYXNoIjoiZ1hjaTNLbUk3emZhdTg1NEZxam5GdyIsImlhdCI6MTczMDIzNzA5MCwiZXhwIjoxNzMwMjQwNjkwfQ.fWBffvqMFOc7Tw02tMUxMEO3hMuo_redGK5DurlNpVb9xN8bkj8zueboqoekdAqpAvHWTnBkAM2po4ER950aOUV-gkejCTKUv9HPa9KPSgHUYZMs7gzWPlaV4y0k9i5G4_KltcLTMm7Q7hTJs4kec1twc_g5Am0PLa7zLNZZbPbva7Amxp9DNkvCTRDsCzvqNiejBWrC-34CprcMulq1bP8EaSqNc-EgJQRqN78yrIYY-n0hsQfwec1U-f5BXSJu_Xfk0LuY9c3SQ8Cc02cSEJtlO4yFQOq_hGOYboOhBwQBUNOXr_Cc_DV-5xnbFFFX7NAVk0VDD3Jv781OJV24ig",
    "token_expiry": "2024-10-29T22:24:49Z"
  },
  "sentinels": {
    "config_sentinel": "/home/javierdrp/.config/gcloud/config_sentinel"
  }
}
2024-10-29 22:45:37,315 INFO     ___FILE_ONLY___ 

2024-10-29 22:45:37,315 DEBUG    root            SDK update checks are disabled.
