2024-10-29 23:58:02,177 DEBUG    root            Loaded Command Group: ['gcloud', 'container', 'clusters']
2024-10-29 23:58:02,178 DEBUG    root            Loaded Command Group: ['gcloud', 'container', 'clusters', 'delete']
2024-10-29 23:58:02,279 DEBUG    root            Running [gcloud.container.clusters.delete] with arguments: [--quiet: "True", NAME:1: "['scaling-demo']"]
2024-10-29 23:58:02,279 DEBUG    root            Chosen display Format:list[title="The following clusters will be deleted."]
2024-10-29 23:58:02,281 DEBUG    urllib3.connectionpool Starting new HTTPS connection (1): container.googleapis.com:443
2024-10-29 23:58:03,120 DEBUG    urllib3.connectionpool https://container.googleapis.com:443 "DELETE /v1/projects/practica5-1234/locations/europe-west1-b/clusters/scaling-demo?alt=json HTTP/1.1" 200 None
2024-10-29 23:58:03,124 INFO     ___FILE_ONLY___ Deleting cluster scaling-demo...
2024-10-29 23:58:03,127 DEBUG    urllib3.connectionpool Starting new HTTPS connection (1): container.googleapis.com:443
2024-10-29 23:58:03,427 DEBUG    urllib3.connectionpool https://container.googleapis.com:443 "GET /v1/projects/practica5-1234/locations/europe-west1-b/operations/operation-1730242682813-b9fae4d7-526f-4ab7-a5ed-596ef13fb8d8?alt=json HTTP/1.1" 200 None
2024-10-29 23:58:08,434 DEBUG    urllib3.connectionpool Starting new HTTPS connection (1): container.googleapis.com:443
2024-10-29 23:58:08,752 DEBUG    urllib3.connectionpool https://container.googleapis.com:443 "GET /v1/projects/practica5-1234/locations/europe-west1-b/operations/operation-1730242682813-b9fae4d7-526f-4ab7-a5ed-596ef13fb8d8?alt=json HTTP/1.1" 200 None
2024-10-29 23:58:13,759 DEBUG    urllib3.connectionpool Starting new HTTPS connection (1): container.googleapis.com:443
2024-10-29 23:58:14,079 DEBUG    urllib3.connectionpool https://container.googleapis.com:443 "GET /v1/projects/practica5-1234/locations/europe-west1-b/operations/operation-1730242682813-b9fae4d7-526f-4ab7-a5ed-596ef13fb8d8?alt=json HTTP/1.1" 200 None
2024-10-29 23:58:19,090 DEBUG    urllib3.connectionpool Starting new HTTPS connection (1): container.googleapis.com:443
2024-10-29 23:58:19,402 DEBUG    urllib3.connectionpool https://container.googleapis.com:443 "GET /v1/projects/practica5-1234/locations/europe-west1-b/operations/operation-1730242682813-b9fae4d7-526f-4ab7-a5ed-596ef13fb8d8?alt=json HTTP/1.1" 200 None
2024-10-29 23:58:24,410 DEBUG    urllib3.connectionpool Starting new HTTPS connection (1): container.googleapis.com:443
2024-10-29 23:58:24,728 DEBUG    urllib3.connectionpool https://container.googleapis.com:443 "GET /v1/projects/practica5-1234/locations/europe-west1-b/operations/operation-1730242682813-b9fae4d7-526f-4ab7-a5ed-596ef13fb8d8?alt=json HTTP/1.1" 200 None
2024-10-29 23:58:29,737 DEBUG    urllib3.connectionpool Starting new HTTPS connection (1): container.googleapis.com:443
2024-10-29 23:58:30,052 DEBUG    urllib3.connectionpool https://container.googleapis.com:443 "GET /v1/projects/practica5-1234/locations/europe-west1-b/operations/operation-1730242682813-b9fae4d7-526f-4ab7-a5ed-596ef13fb8d8?alt=json HTTP/1.1" 200 None
2024-10-29 23:58:35,059 DEBUG    urllib3.connectionpool Starting new HTTPS connection (1): container.googleapis.com:443
2024-10-29 23:58:35,378 DEBUG    urllib3.connectionpool https://container.googleapis.com:443 "GET /v1/projects/practica5-1234/locations/europe-west1-b/operations/operation-1730242682813-b9fae4d7-526f-4ab7-a5ed-596ef13fb8d8?alt=json HTTP/1.1" 200 None
2024-10-29 23:58:40,385 DEBUG    urllib3.connectionpool Starting new HTTPS connection (1): container.googleapis.com:443
2024-10-29 23:58:40,702 DEBUG    urllib3.connectionpool https://container.googleapis.com:443 "GET /v1/projects/practica5-1234/locations/europe-west1-b/operations/operation-1730242682813-b9fae4d7-526f-4ab7-a5ed-596ef13fb8d8?alt=json HTTP/1.1" 200 None
2024-10-29 23:58:45,707 DEBUG    urllib3.connectionpool Starting new HTTPS connection (1): container.googleapis.com:443
2024-10-29 23:58:45,905 DEBUG    urllib3.connectionpool https://container.googleapis.com:443 "GET /v1/projects/practica5-1234/locations/europe-west1-b/operations/operation-1730242682813-b9fae4d7-526f-4ab7-a5ed-596ef13fb8d8?alt=json HTTP/1.1" 200 None
2024-10-29 23:58:50,908 DEBUG    urllib3.connectionpool Starting new HTTPS connection (1): container.googleapis.com:443
2024-10-29 23:58:51,146 DEBUG    urllib3.connectionpool https://container.googleapis.com:443 "GET /v1/projects/practica5-1234/locations/europe-west1-b/operations/operation-1730242682813-b9fae4d7-526f-4ab7-a5ed-596ef13fb8d8?alt=json HTTP/1.1" 200 None
2024-10-29 23:58:56,148 DEBUG    urllib3.connectionpool Starting new HTTPS connection (1): container.googleapis.com:443
2024-10-29 23:58:56,364 DEBUG    urllib3.connectionpool https://container.googleapis.com:443 "GET /v1/projects/practica5-1234/locations/europe-west1-b/operations/operation-1730242682813-b9fae4d7-526f-4ab7-a5ed-596ef13fb8d8?alt=json HTTP/1.1" 200 None
2024-10-29 23:59:01,368 DEBUG    urllib3.connectionpool Starting new HTTPS connection (1): container.googleapis.com:443
2024-10-29 23:59:01,693 DEBUG    urllib3.connectionpool https://container.googleapis.com:443 "GET /v1/projects/practica5-1234/locations/europe-west1-b/operations/operation-1730242682813-b9fae4d7-526f-4ab7-a5ed-596ef13fb8d8?alt=json HTTP/1.1" 200 None
2024-10-29 23:59:06,696 DEBUG    urllib3.connectionpool Starting new HTTPS connection (1): container.googleapis.com:443
2024-10-29 23:59:07,018 DEBUG    urllib3.connectionpool https://container.googleapis.com:443 "GET /v1/projects/practica5-1234/locations/europe-west1-b/operations/operation-1730242682813-b9fae4d7-526f-4ab7-a5ed-596ef13fb8d8?alt=json HTTP/1.1" 200 None
2024-10-29 23:59:12,020 DEBUG    urllib3.connectionpool Starting new HTTPS connection (1): container.googleapis.com:443
2024-10-29 23:59:12,343 DEBUG    urllib3.connectionpool https://container.googleapis.com:443 "GET /v1/projects/practica5-1234/locations/europe-west1-b/operations/operation-1730242682813-b9fae4d7-526f-4ab7-a5ed-596ef13fb8d8?alt=json HTTP/1.1" 200 None
2024-10-29 23:59:17,345 DEBUG    urllib3.connectionpool Starting new HTTPS connection (1): container.googleapis.com:443
2024-10-29 23:59:17,668 DEBUG    urllib3.connectionpool https://container.googleapis.com:443 "GET /v1/projects/practica5-1234/locations/europe-west1-b/operations/operation-1730242682813-b9fae4d7-526f-4ab7-a5ed-596ef13fb8d8?alt=json HTTP/1.1" 200 None
2024-10-29 23:59:22,671 DEBUG    urllib3.connectionpool Starting new HTTPS connection (1): container.googleapis.com:443
2024-10-29 23:59:22,995 DEBUG    urllib3.connectionpool https://container.googleapis.com:443 "GET /v1/projects/practica5-1234/locations/europe-west1-b/operations/operation-1730242682813-b9fae4d7-526f-4ab7-a5ed-596ef13fb8d8?alt=json HTTP/1.1" 200 None
2024-10-29 23:59:27,999 DEBUG    urllib3.connectionpool Starting new HTTPS connection (1): container.googleapis.com:443
2024-10-29 23:59:28,285 DEBUG    urllib3.connectionpool https://container.googleapis.com:443 "GET /v1/projects/practica5-1234/locations/europe-west1-b/operations/operation-1730242682813-b9fae4d7-526f-4ab7-a5ed-596ef13fb8d8?alt=json HTTP/1.1" 200 None
2024-10-29 23:59:33,289 DEBUG    urllib3.connectionpool Starting new HTTPS connection (1): container.googleapis.com:443
2024-10-29 23:59:33,540 DEBUG    urllib3.connectionpool https://container.googleapis.com:443 "GET /v1/projects/practica5-1234/locations/europe-west1-b/operations/operation-1730242682813-b9fae4d7-526f-4ab7-a5ed-596ef13fb8d8?alt=json HTTP/1.1" 200 None
2024-10-29 23:59:38,543 DEBUG    urllib3.connectionpool Starting new HTTPS connection (1): container.googleapis.com:443
2024-10-29 23:59:38,864 DEBUG    urllib3.connectionpool https://container.googleapis.com:443 "GET /v1/projects/practica5-1234/locations/europe-west1-b/operations/operation-1730242682813-b9fae4d7-526f-4ab7-a5ed-596ef13fb8d8?alt=json HTTP/1.1" 200 None
2024-10-29 23:59:43,866 DEBUG    urllib3.connectionpool Starting new HTTPS connection (1): container.googleapis.com:443
2024-10-29 23:59:44,088 DEBUG    urllib3.connectionpool https://container.googleapis.com:443 "GET /v1/projects/practica5-1234/locations/europe-west1-b/operations/operation-1730242682813-b9fae4d7-526f-4ab7-a5ed-596ef13fb8d8?alt=json HTTP/1.1" 200 None
2024-10-29 23:59:49,091 DEBUG    urllib3.connectionpool Starting new HTTPS connection (1): container.googleapis.com:443
2024-10-29 23:59:49,412 DEBUG    urllib3.connectionpool https://container.googleapis.com:443 "GET /v1/projects/practica5-1234/locations/europe-west1-b/operations/operation-1730242682813-b9fae4d7-526f-4ab7-a5ed-596ef13fb8d8?alt=json HTTP/1.1" 200 None
2024-10-29 23:59:54,418 DEBUG    urllib3.connectionpool Starting new HTTPS connection (1): container.googleapis.com:443
2024-10-29 23:59:54,661 DEBUG    urllib3.connectionpool https://container.googleapis.com:443 "GET /v1/projects/practica5-1234/locations/europe-west1-b/operations/operation-1730242682813-b9fae4d7-526f-4ab7-a5ed-596ef13fb8d8?alt=json HTTP/1.1" 200 None
2024-10-29 23:59:59,666 DEBUG    urllib3.connectionpool Starting new HTTPS connection (1): container.googleapis.com:443
2024-10-29 23:59:59,877 DEBUG    urllib3.connectionpool https://container.googleapis.com:443 "GET /v1/projects/practica5-1234/locations/europe-west1-b/operations/operation-1730242682813-b9fae4d7-526f-4ab7-a5ed-596ef13fb8d8?alt=json HTTP/1.1" 200 None
2024-10-30 00:00:04,883 DEBUG    urllib3.connectionpool Starting new HTTPS connection (1): container.googleapis.com:443
2024-10-30 00:00:05,184 DEBUG    urllib3.connectionpool https://container.googleapis.com:443 "GET /v1/projects/practica5-1234/locations/europe-west1-b/operations/operation-1730242682813-b9fae4d7-526f-4ab7-a5ed-596ef13fb8d8?alt=json HTTP/1.1" 200 None
2024-10-30 00:00:10,189 DEBUG    urllib3.connectionpool Starting new HTTPS connection (1): container.googleapis.com:443
2024-10-30 00:00:10,507 DEBUG    urllib3.connectionpool https://container.googleapis.com:443 "GET /v1/projects/practica5-1234/locations/europe-west1-b/operations/operation-1730242682813-b9fae4d7-526f-4ab7-a5ed-596ef13fb8d8?alt=json HTTP/1.1" 200 None
2024-10-30 00:00:15,509 DEBUG    urllib3.connectionpool Starting new HTTPS connection (1): container.googleapis.com:443
2024-10-30 00:00:15,832 DEBUG    urllib3.connectionpool https://container.googleapis.com:443 "GET /v1/projects/practica5-1234/locations/europe-west1-b/operations/operation-1730242682813-b9fae4d7-526f-4ab7-a5ed-596ef13fb8d8?alt=json HTTP/1.1" 200 None
2024-10-30 00:00:20,836 DEBUG    urllib3.connectionpool Starting new HTTPS connection (1): container.googleapis.com:443
2024-10-30 00:00:21,156 DEBUG    urllib3.connectionpool https://container.googleapis.com:443 "GET /v1/projects/practica5-1234/locations/europe-west1-b/operations/operation-1730242682813-b9fae4d7-526f-4ab7-a5ed-596ef13fb8d8?alt=json HTTP/1.1" 200 None
2024-10-30 00:00:26,159 DEBUG    urllib3.connectionpool Starting new HTTPS connection (1): container.googleapis.com:443
2024-10-30 00:00:26,481 DEBUG    urllib3.connectionpool https://container.googleapis.com:443 "GET /v1/projects/practica5-1234/locations/europe-west1-b/operations/operation-1730242682813-b9fae4d7-526f-4ab7-a5ed-596ef13fb8d8?alt=json HTTP/1.1" 200 None
2024-10-30 00:00:31,483 DEBUG    urllib3.connectionpool Starting new HTTPS connection (1): container.googleapis.com:443
2024-10-30 00:00:31,806 DEBUG    urllib3.connectionpool https://container.googleapis.com:443 "GET /v1/projects/practica5-1234/locations/europe-west1-b/operations/operation-1730242682813-b9fae4d7-526f-4ab7-a5ed-596ef13fb8d8?alt=json HTTP/1.1" 200 None
2024-10-30 00:00:36,808 DEBUG    urllib3.connectionpool Starting new HTTPS connection (1): container.googleapis.com:443
2024-10-30 00:00:37,131 DEBUG    urllib3.connectionpool https://container.googleapis.com:443 "GET /v1/projects/practica5-1234/locations/europe-west1-b/operations/operation-1730242682813-b9fae4d7-526f-4ab7-a5ed-596ef13fb8d8?alt=json HTTP/1.1" 200 None
2024-10-30 00:00:42,134 DEBUG    urllib3.connectionpool Starting new HTTPS connection (1): container.googleapis.com:443
2024-10-30 00:00:42,370 DEBUG    urllib3.connectionpool https://container.googleapis.com:443 "GET /v1/projects/practica5-1234/locations/europe-west1-b/operations/operation-1730242682813-b9fae4d7-526f-4ab7-a5ed-596ef13fb8d8?alt=json HTTP/1.1" 200 None
2024-10-30 00:00:47,372 DEBUG    urllib3.connectionpool Starting new HTTPS connection (1): container.googleapis.com:443
2024-10-30 00:00:47,622 DEBUG    urllib3.connectionpool https://container.googleapis.com:443 "GET /v1/projects/practica5-1234/locations/europe-west1-b/operations/operation-1730242682813-b9fae4d7-526f-4ab7-a5ed-596ef13fb8d8?alt=json HTTP/1.1" 200 None
2024-10-30 00:00:52,624 DEBUG    urllib3.connectionpool Starting new HTTPS connection (1): container.googleapis.com:443
2024-10-30 00:00:52,900 DEBUG    urllib3.connectionpool https://container.googleapis.com:443 "GET /v1/projects/practica5-1234/locations/europe-west1-b/operations/operation-1730242682813-b9fae4d7-526f-4ab7-a5ed-596ef13fb8d8?alt=json HTTP/1.1" 200 None
