2024-11-04 15:45:09,350 DEBUG    root            Loaded Command Group: ['gcloud', 'container', 'clusters']
2024-11-04 15:45:09,352 DEBUG    root            Loaded Command Group: ['gcloud', 'container', 'clusters', 'update']
2024-11-04 15:45:09,389 DEBUG    root            Running [gcloud.container.clusters.update] with arguments: [--autoscaling-profile: "optimize-utilization", NAME: "scaling-demo"]
2024-11-04 15:45:09,390 DEBUG    urllib3.connectionpool Starting new HTTPS connection (1): container.googleapis.com:443
2024-11-04 15:45:09,695 DEBUG    urllib3.connectionpool https://container.googleapis.com:443 "GET /v1/projects/proyectotest-1/locations/europe-west1-b/clusters/scaling-demo?alt=json HTTP/1.1" 403 None
2024-11-04 15:45:09,696 WARNING  root            Problem loading details of cluster to update:

ResponseError: code=403, message=Kubernetes Engine API has not been used in project proyectotest-1 before or it is disabled. Enable it by visiting https://console.developers.google.com/apis/api/container.googleapis.com/overview?project=proyectotest-1 then retry. If you enabled this API recently, wait a few minutes for the action to propagate to our systems and retry. This command is authenticated as jdiazderabago@gmail.com which is the active account specified by the [core/account] property.

You can still attempt updates to the cluster.

2024-11-04 15:45:09,697 DEBUG    urllib3.connectionpool Starting new HTTPS connection (1): container.googleapis.com:443
2024-11-04 15:45:10,011 DEBUG    urllib3.connectionpool https://container.googleapis.com:443 "GET /v1/projects/proyectotest-1/locations/europe-west1-b/clusters/scaling-demo?alt=json HTTP/1.1" 200 None
2024-11-04 15:45:10,016 DEBUG    urllib3.connectionpool Starting new HTTPS connection (1): container.googleapis.com:443
2024-11-04 15:45:10,522 DEBUG    urllib3.connectionpool https://container.googleapis.com:443 "PUT /v1/projects/proyectotest-1/locations/europe-west1-b/clusters/scaling-demo?alt=json HTTP/1.1" 200 None
2024-11-04 15:45:10,524 INFO     ___FILE_ONLY___ Updating scaling-demo...
2024-11-04 15:45:10,525 DEBUG    urllib3.connectionpool Starting new HTTPS connection (1): container.googleapis.com:443
2024-11-04 15:45:10,924 DEBUG    urllib3.connectionpool https://container.googleapis.com:443 "GET /v1/projects/proyectotest-1/locations/europe-west1-b/operations/operation-1730731510325-fe3354a5-854e-4b8c-a682-268a85961938?alt=json HTTP/1.1" 200 None
2024-11-04 15:45:10,926 INFO     root            Operation <Operation
 clusterConditions: []
 endTime: '2024-11-04T14:45:10.508344283Z'
 name: 'operation-1730731510325-fe3354a5-854e-4b8c-a682-268a85961938'
 nodepoolConditions: []
 operationType: OperationTypeValueValuesEnum(UPDATE_CLUSTER, 6)
 selfLink: 'https://container.googleapis.com/v1/projects/166772230865/zones/europe-west1-b/operations/operation-1730731510325-fe3354a5-854e-4b8c-a682-268a85961938'
 startTime: '2024-11-04T14:45:10.325312147Z'
 status: StatusValueValuesEnum(DONE, 3)
 targetLink: 'https://container.googleapis.com/v1/projects/166772230865/zones/europe-west1-b/clusters/scaling-demo'
 zone: 'europe-west1-b'> finished after 0.402 seconds
2024-11-04 15:45:11,126 INFO     ___FILE_ONLY___ Updated [https://container.googleapis.com/v1/projects/proyectotest-1/zones/europe-west1-b/clusters/scaling-demo].

2024-11-04 15:45:11,126 INFO     ___FILE_ONLY___ To inspect the contents of your cluster, go to: https://console.cloud.google.com/kubernetes/workload_/gcloud/europe-west1-b/scaling-demo?project=proyectotest-1

2024-11-04 15:45:11,126 DEBUG    root            Chosen display Format:none
2024-11-04 15:45:11,126 INFO     root            Display format: "none"
2024-11-04 15:45:11,127 DEBUG    root            SDK update checks are disabled.
