2024-10-07 11:10:14,914 DEBUG    root            Loaded Command Group: ['gcloud', 'compute']
2024-10-07 11:10:14,916 DEBUG    root            Loaded Command Group: ['gcloud', 'compute', 'project_info']
2024-10-07 11:10:14,928 DEBUG    root            Loaded Command Group: ['gcloud', 'compute', 'project-info', 'describe']
2024-10-07 11:10:14,929 DEBUG    root            Running [gcloud.compute.project-info.describe] with arguments: [--project: "practica4-1234"]
2024-10-07 11:10:15,076 DEBUG    urllib3.connectionpool Starting new HTTPS connection (1): compute.googleapis.com:443
2024-10-07 11:10:16,088 DEBUG    urllib3.connectionpool https://compute.googleapis.com:443 "GET /compute/v1/projects/practica4-1234?alt=json HTTP/1.1" 200 None
2024-10-07 11:10:16,094 DEBUG    root            Chosen display Format:default
2024-10-07 11:10:16,095 INFO     root            Display format: "default"
2024-10-07 11:10:16,105 INFO     ___FILE_ONLY___ cloudArmorTier
2024-10-07 11:10:16,105 INFO     ___FILE_ONLY___ :
2024-10-07 11:10:16,105 INFO     ___FILE_ONLY___  
2024-10-07 11:10:16,105 INFO     ___FILE_ONLY___ CA_STANDARD
2024-10-07 11:10:16,105 INFO     ___FILE_ONLY___ 

2024-10-07 11:10:16,105 INFO     ___FILE_ONLY___ commonInstanceMetadata
2024-10-07 11:10:16,105 INFO     ___FILE_ONLY___ :
2024-10-07 11:10:16,105 INFO     ___FILE_ONLY___ 

2024-10-07 11:10:16,105 INFO     ___FILE_ONLY___   
2024-10-07 11:10:16,105 INFO     ___FILE_ONLY___ fingerprint
2024-10-07 11:10:16,105 INFO     ___FILE_ONLY___ :
2024-10-07 11:10:16,105 INFO     ___FILE_ONLY___  
2024-10-07 11:10:16,105 INFO     ___FILE_ONLY___ HEnD884X7A0=
2024-10-07 11:10:16,105 INFO     ___FILE_ONLY___ 

2024-10-07 11:10:16,105 INFO     ___FILE_ONLY___   
2024-10-07 11:10:16,106 INFO     ___FILE_ONLY___ items
2024-10-07 11:10:16,106 INFO     ___FILE_ONLY___ :
2024-10-07 11:10:16,106 INFO     ___FILE_ONLY___ 

2024-10-07 11:10:16,106 INFO     ___FILE_ONLY___   
2024-10-07 11:10:16,106 INFO     ___FILE_ONLY___ -
2024-10-07 11:10:16,106 INFO     ___FILE_ONLY___  
2024-10-07 11:10:16,106 INFO     ___FILE_ONLY___ key
2024-10-07 11:10:16,106 INFO     ___FILE_ONLY___ :
2024-10-07 11:10:16,106 INFO     ___FILE_ONLY___  
2024-10-07 11:10:16,106 INFO     ___FILE_ONLY___ enable-oslogin
2024-10-07 11:10:16,106 INFO     ___FILE_ONLY___ 

2024-10-07 11:10:16,106 INFO     ___FILE_ONLY___     
2024-10-07 11:10:16,106 INFO     ___FILE_ONLY___ value
2024-10-07 11:10:16,106 INFO     ___FILE_ONLY___ :
2024-10-07 11:10:16,106 INFO     ___FILE_ONLY___  '
2024-10-07 11:10:16,106 INFO     ___FILE_ONLY___ FALSE
2024-10-07 11:10:16,106 INFO     ___FILE_ONLY___ '
2024-10-07 11:10:16,106 INFO     ___FILE_ONLY___ 

2024-10-07 11:10:16,106 INFO     ___FILE_ONLY___   
2024-10-07 11:10:16,106 INFO     ___FILE_ONLY___ -
2024-10-07 11:10:16,106 INFO     ___FILE_ONLY___  
2024-10-07 11:10:16,106 INFO     ___FILE_ONLY___ key
2024-10-07 11:10:16,106 INFO     ___FILE_ONLY___ :
2024-10-07 11:10:16,106 INFO     ___FILE_ONLY___  
2024-10-07 11:10:16,106 INFO     ___FILE_ONLY___ google-compute-default-region
2024-10-07 11:10:16,106 INFO     ___FILE_ONLY___ 

2024-10-07 11:10:16,106 INFO     ___FILE_ONLY___     
2024-10-07 11:10:16,106 INFO     ___FILE_ONLY___ value
2024-10-07 11:10:16,106 INFO     ___FILE_ONLY___ :
2024-10-07 11:10:16,106 INFO     ___FILE_ONLY___  
2024-10-07 11:10:16,106 INFO     ___FILE_ONLY___ europe-west1
2024-10-07 11:10:16,106 INFO     ___FILE_ONLY___ 

2024-10-07 11:10:16,107 INFO     ___FILE_ONLY___   
2024-10-07 11:10:16,107 INFO     ___FILE_ONLY___ -
2024-10-07 11:10:16,107 INFO     ___FILE_ONLY___  
2024-10-07 11:10:16,107 INFO     ___FILE_ONLY___ key
2024-10-07 11:10:16,107 INFO     ___FILE_ONLY___ :
2024-10-07 11:10:16,107 INFO     ___FILE_ONLY___  
2024-10-07 11:10:16,107 INFO     ___FILE_ONLY___ google-compute-default-zone
2024-10-07 11:10:16,107 INFO     ___FILE_ONLY___ 

2024-10-07 11:10:16,107 INFO     ___FILE_ONLY___     
2024-10-07 11:10:16,107 INFO     ___FILE_ONLY___ value
2024-10-07 11:10:16,107 INFO     ___FILE_ONLY___ :
2024-10-07 11:10:16,107 INFO     ___FILE_ONLY___  
2024-10-07 11:10:16,107 INFO     ___FILE_ONLY___ europe-west1-b
2024-10-07 11:10:16,107 INFO     ___FILE_ONLY___ 

2024-10-07 11:10:16,107 INFO     ___FILE_ONLY___   
2024-10-07 11:10:16,107 INFO     ___FILE_ONLY___ kind
2024-10-07 11:10:16,107 INFO     ___FILE_ONLY___ :
2024-10-07 11:10:16,107 INFO     ___FILE_ONLY___  
2024-10-07 11:10:16,107 INFO     ___FILE_ONLY___ compute#metadata
2024-10-07 11:10:16,107 INFO     ___FILE_ONLY___ 

2024-10-07 11:10:16,107 INFO     ___FILE_ONLY___ creationTimestamp
2024-10-07 11:10:16,108 INFO     ___FILE_ONLY___ :
2024-10-07 11:10:16,108 INFO     ___FILE_ONLY___  '
2024-10-07 11:10:16,108 INFO     ___FILE_ONLY___ 2024-10-01T23:29:21.651-07:00
2024-10-07 11:10:16,108 INFO     ___FILE_ONLY___ '
2024-10-07 11:10:16,108 INFO     ___FILE_ONLY___ 

2024-10-07 11:10:16,108 INFO     ___FILE_ONLY___ defaultNetworkTier
2024-10-07 11:10:16,108 INFO     ___FILE_ONLY___ :
2024-10-07 11:10:16,108 INFO     ___FILE_ONLY___  
2024-10-07 11:10:16,108 INFO     ___FILE_ONLY___ PREMIUM
2024-10-07 11:10:16,108 INFO     ___FILE_ONLY___ 

2024-10-07 11:10:16,108 INFO     ___FILE_ONLY___ defaultServiceAccount
2024-10-07 11:10:16,108 INFO     ___FILE_ONLY___ :
2024-10-07 11:10:16,108 INFO     ___FILE_ONLY___  
2024-10-07 11:10:16,108 INFO     ___FILE_ONLY___ 105026328049-compute@developer.gserviceaccount.com
2024-10-07 11:10:16,108 INFO     ___FILE_ONLY___ 

2024-10-07 11:10:16,108 INFO     ___FILE_ONLY___ id
2024-10-07 11:10:16,108 INFO     ___FILE_ONLY___ :
2024-10-07 11:10:16,108 INFO     ___FILE_ONLY___  '
2024-10-07 11:10:16,108 INFO     ___FILE_ONLY___ 2248684006982899374
2024-10-07 11:10:16,108 INFO     ___FILE_ONLY___ '
2024-10-07 11:10:16,108 INFO     ___FILE_ONLY___ 

2024-10-07 11:10:16,108 INFO     ___FILE_ONLY___ kind
2024-10-07 11:10:16,108 INFO     ___FILE_ONLY___ :
2024-10-07 11:10:16,108 INFO     ___FILE_ONLY___  
2024-10-07 11:10:16,109 INFO     ___FILE_ONLY___ compute#project
2024-10-07 11:10:16,109 INFO     ___FILE_ONLY___ 

2024-10-07 11:10:16,109 INFO     ___FILE_ONLY___ name
2024-10-07 11:10:16,109 INFO     ___FILE_ONLY___ :
2024-10-07 11:10:16,109 INFO     ___FILE_ONLY___  
2024-10-07 11:10:16,109 INFO     ___FILE_ONLY___ practica4-1234
2024-10-07 11:10:16,109 INFO     ___FILE_ONLY___ 

2024-10-07 11:10:16,109 INFO     ___FILE_ONLY___ quotas
2024-10-07 11:10:16,109 INFO     ___FILE_ONLY___ :
2024-10-07 11:10:16,109 INFO     ___FILE_ONLY___ 

2024-10-07 11:10:16,109 INFO     ___FILE_ONLY___ -
2024-10-07 11:10:16,109 INFO     ___FILE_ONLY___  
2024-10-07 11:10:16,109 INFO     ___FILE_ONLY___ limit
2024-10-07 11:10:16,109 INFO     ___FILE_ONLY___ :
2024-10-07 11:10:16,109 INFO     ___FILE_ONLY___  
2024-10-07 11:10:16,109 INFO     ___FILE_ONLY___ 1000.0
2024-10-07 11:10:16,109 INFO     ___FILE_ONLY___ 

2024-10-07 11:10:16,109 INFO     ___FILE_ONLY___   
2024-10-07 11:10:16,109 INFO     ___FILE_ONLY___ metric
2024-10-07 11:10:16,109 INFO     ___FILE_ONLY___ :
2024-10-07 11:10:16,109 INFO     ___FILE_ONLY___  
2024-10-07 11:10:16,109 INFO     ___FILE_ONLY___ SNAPSHOTS
2024-10-07 11:10:16,109 INFO     ___FILE_ONLY___ 

2024-10-07 11:10:16,109 INFO     ___FILE_ONLY___   
2024-10-07 11:10:16,109 INFO     ___FILE_ONLY___ usage
2024-10-07 11:10:16,109 INFO     ___FILE_ONLY___ :
2024-10-07 11:10:16,109 INFO     ___FILE_ONLY___  
2024-10-07 11:10:16,109 INFO     ___FILE_ONLY___ 0.0
2024-10-07 11:10:16,109 INFO     ___FILE_ONLY___ 

2024-10-07 11:10:16,109 INFO     ___FILE_ONLY___ -
2024-10-07 11:10:16,109 INFO     ___FILE_ONLY___  
2024-10-07 11:10:16,109 INFO     ___FILE_ONLY___ limit
2024-10-07 11:10:16,109 INFO     ___FILE_ONLY___ :
2024-10-07 11:10:16,110 INFO     ___FILE_ONLY___  
2024-10-07 11:10:16,110 INFO     ___FILE_ONLY___ 5.0
2024-10-07 11:10:16,110 INFO     ___FILE_ONLY___ 

2024-10-07 11:10:16,110 INFO     ___FILE_ONLY___   
2024-10-07 11:10:16,110 INFO     ___FILE_ONLY___ metric
2024-10-07 11:10:16,110 INFO     ___FILE_ONLY___ :
2024-10-07 11:10:16,110 INFO     ___FILE_ONLY___  
2024-10-07 11:10:16,110 INFO     ___FILE_ONLY___ NETWORKS
2024-10-07 11:10:16,110 INFO     ___FILE_ONLY___ 

2024-10-07 11:10:16,110 INFO     ___FILE_ONLY___   
2024-10-07 11:10:16,110 INFO     ___FILE_ONLY___ usage
2024-10-07 11:10:16,110 INFO     ___FILE_ONLY___ :
2024-10-07 11:10:16,110 INFO     ___FILE_ONLY___  
2024-10-07 11:10:16,110 INFO     ___FILE_ONLY___ 1.0
2024-10-07 11:10:16,110 INFO     ___FILE_ONLY___ 

2024-10-07 11:10:16,110 INFO     ___FILE_ONLY___ -
2024-10-07 11:10:16,110 INFO     ___FILE_ONLY___  
2024-10-07 11:10:16,110 INFO     ___FILE_ONLY___ limit
2024-10-07 11:10:16,110 INFO     ___FILE_ONLY___ :
2024-10-07 11:10:16,110 INFO     ___FILE_ONLY___  
2024-10-07 11:10:16,110 INFO     ___FILE_ONLY___ 100.0
2024-10-07 11:10:16,110 INFO     ___FILE_ONLY___ 

2024-10-07 11:10:16,110 INFO     ___FILE_ONLY___   
2024-10-07 11:10:16,110 INFO     ___FILE_ONLY___ metric
2024-10-07 11:10:16,110 INFO     ___FILE_ONLY___ :
2024-10-07 11:10:16,110 INFO     ___FILE_ONLY___  
2024-10-07 11:10:16,110 INFO     ___FILE_ONLY___ FIREWALLS
2024-10-07 11:10:16,110 INFO     ___FILE_ONLY___ 

2024-10-07 11:10:16,110 INFO     ___FILE_ONLY___   
2024-10-07 11:10:16,110 INFO     ___FILE_ONLY___ usage
2024-10-07 11:10:16,110 INFO     ___FILE_ONLY___ :
2024-10-07 11:10:16,110 INFO     ___FILE_ONLY___  
2024-10-07 11:10:16,110 INFO     ___FILE_ONLY___ 1.0
2024-10-07 11:10:16,110 INFO     ___FILE_ONLY___ 

2024-10-07 11:10:16,110 INFO     ___FILE_ONLY___ -
2024-10-07 11:10:16,110 INFO     ___FILE_ONLY___  
2024-10-07 11:10:16,110 INFO     ___FILE_ONLY___ limit
2024-10-07 11:10:16,111 INFO     ___FILE_ONLY___ :
2024-10-07 11:10:16,111 INFO     ___FILE_ONLY___  
2024-10-07 11:10:16,111 INFO     ___FILE_ONLY___ 100.0
2024-10-07 11:10:16,111 INFO     ___FILE_ONLY___ 

2024-10-07 11:10:16,111 INFO     ___FILE_ONLY___   
2024-10-07 11:10:16,111 INFO     ___FILE_ONLY___ metric
2024-10-07 11:10:16,111 INFO     ___FILE_ONLY___ :
2024-10-07 11:10:16,111 INFO     ___FILE_ONLY___  
2024-10-07 11:10:16,111 INFO     ___FILE_ONLY___ IMAGES
2024-10-07 11:10:16,111 INFO     ___FILE_ONLY___ 

2024-10-07 11:10:16,111 INFO     ___FILE_ONLY___   
2024-10-07 11:10:16,111 INFO     ___FILE_ONLY___ usage
2024-10-07 11:10:16,111 INFO     ___FILE_ONLY___ :
2024-10-07 11:10:16,111 INFO     ___FILE_ONLY___  
2024-10-07 11:10:16,111 INFO     ___FILE_ONLY___ 0.0
2024-10-07 11:10:16,111 INFO     ___FILE_ONLY___ 

2024-10-07 11:10:16,111 INFO     ___FILE_ONLY___ -
2024-10-07 11:10:16,111 INFO     ___FILE_ONLY___  
2024-10-07 11:10:16,111 INFO     ___FILE_ONLY___ limit
2024-10-07 11:10:16,111 INFO     ___FILE_ONLY___ :
2024-10-07 11:10:16,111 INFO     ___FILE_ONLY___  
2024-10-07 11:10:16,111 INFO     ___FILE_ONLY___ 8.0
2024-10-07 11:10:16,111 INFO     ___FILE_ONLY___ 

2024-10-07 11:10:16,111 INFO     ___FILE_ONLY___   
2024-10-07 11:10:16,111 INFO     ___FILE_ONLY___ metric
2024-10-07 11:10:16,111 INFO     ___FILE_ONLY___ :
2024-10-07 11:10:16,111 INFO     ___FILE_ONLY___  
2024-10-07 11:10:16,111 INFO     ___FILE_ONLY___ STATIC_ADDRESSES
2024-10-07 11:10:16,111 INFO     ___FILE_ONLY___ 

2024-10-07 11:10:16,111 INFO     ___FILE_ONLY___   
2024-10-07 11:10:16,111 INFO     ___FILE_ONLY___ usage
2024-10-07 11:10:16,111 INFO     ___FILE_ONLY___ :
2024-10-07 11:10:16,111 INFO     ___FILE_ONLY___  
2024-10-07 11:10:16,111 INFO     ___FILE_ONLY___ 0.0
2024-10-07 11:10:16,111 INFO     ___FILE_ONLY___ 

2024-10-07 11:10:16,111 INFO     ___FILE_ONLY___ -
2024-10-07 11:10:16,111 INFO     ___FILE_ONLY___  
2024-10-07 11:10:16,111 INFO     ___FILE_ONLY___ limit
2024-10-07 11:10:16,111 INFO     ___FILE_ONLY___ :
2024-10-07 11:10:16,112 INFO     ___FILE_ONLY___  
2024-10-07 11:10:16,112 INFO     ___FILE_ONLY___ 200.0
2024-10-07 11:10:16,112 INFO     ___FILE_ONLY___ 

2024-10-07 11:10:16,112 INFO     ___FILE_ONLY___   
2024-10-07 11:10:16,112 INFO     ___FILE_ONLY___ metric
2024-10-07 11:10:16,112 INFO     ___FILE_ONLY___ :
2024-10-07 11:10:16,112 INFO     ___FILE_ONLY___  
2024-10-07 11:10:16,112 INFO     ___FILE_ONLY___ ROUTES
2024-10-07 11:10:16,112 INFO     ___FILE_ONLY___ 

2024-10-07 11:10:16,112 INFO     ___FILE_ONLY___   
2024-10-07 11:10:16,112 INFO     ___FILE_ONLY___ usage
2024-10-07 11:10:16,112 INFO     ___FILE_ONLY___ :
2024-10-07 11:10:16,112 INFO     ___FILE_ONLY___  
2024-10-07 11:10:16,112 INFO     ___FILE_ONLY___ 0.0
2024-10-07 11:10:16,112 INFO     ___FILE_ONLY___ 

2024-10-07 11:10:16,112 INFO     ___FILE_ONLY___ -
2024-10-07 11:10:16,112 INFO     ___FILE_ONLY___  
2024-10-07 11:10:16,112 INFO     ___FILE_ONLY___ limit
2024-10-07 11:10:16,112 INFO     ___FILE_ONLY___ :
2024-10-07 11:10:16,112 INFO     ___FILE_ONLY___  
2024-10-07 11:10:16,112 INFO     ___FILE_ONLY___ 15.0
2024-10-07 11:10:16,112 INFO     ___FILE_ONLY___ 

2024-10-07 11:10:16,112 INFO     ___FILE_ONLY___   
2024-10-07 11:10:16,112 INFO     ___FILE_ONLY___ metric
2024-10-07 11:10:16,112 INFO     ___FILE_ONLY___ :
2024-10-07 11:10:16,112 INFO     ___FILE_ONLY___  
2024-10-07 11:10:16,112 INFO     ___FILE_ONLY___ FORWARDING_RULES
2024-10-07 11:10:16,112 INFO     ___FILE_ONLY___ 

2024-10-07 11:10:16,112 INFO     ___FILE_ONLY___   
2024-10-07 11:10:16,112 INFO     ___FILE_ONLY___ usage
2024-10-07 11:10:16,112 INFO     ___FILE_ONLY___ :
2024-10-07 11:10:16,112 INFO     ___FILE_ONLY___  
2024-10-07 11:10:16,112 INFO     ___FILE_ONLY___ 0.0
2024-10-07 11:10:16,112 INFO     ___FILE_ONLY___ 

2024-10-07 11:10:16,112 INFO     ___FILE_ONLY___ -
2024-10-07 11:10:16,112 INFO     ___FILE_ONLY___  
2024-10-07 11:10:16,112 INFO     ___FILE_ONLY___ limit
2024-10-07 11:10:16,112 INFO     ___FILE_ONLY___ :
2024-10-07 11:10:16,112 INFO     ___FILE_ONLY___  
2024-10-07 11:10:16,113 INFO     ___FILE_ONLY___ 50.0
2024-10-07 11:10:16,113 INFO     ___FILE_ONLY___ 

2024-10-07 11:10:16,113 INFO     ___FILE_ONLY___   
2024-10-07 11:10:16,113 INFO     ___FILE_ONLY___ metric
2024-10-07 11:10:16,113 INFO     ___FILE_ONLY___ :
2024-10-07 11:10:16,113 INFO     ___FILE_ONLY___  
2024-10-07 11:10:16,113 INFO     ___FILE_ONLY___ TARGET_POOLS
2024-10-07 11:10:16,113 INFO     ___FILE_ONLY___ 

2024-10-07 11:10:16,113 INFO     ___FILE_ONLY___   
2024-10-07 11:10:16,113 INFO     ___FILE_ONLY___ usage
2024-10-07 11:10:16,113 INFO     ___FILE_ONLY___ :
2024-10-07 11:10:16,113 INFO     ___FILE_ONLY___  
2024-10-07 11:10:16,113 INFO     ___FILE_ONLY___ 0.0
2024-10-07 11:10:16,113 INFO     ___FILE_ONLY___ 

2024-10-07 11:10:16,113 INFO     ___FILE_ONLY___ -
2024-10-07 11:10:16,113 INFO     ___FILE_ONLY___  
2024-10-07 11:10:16,113 INFO     ___FILE_ONLY___ limit
2024-10-07 11:10:16,113 INFO     ___FILE_ONLY___ :
2024-10-07 11:10:16,113 INFO     ___FILE_ONLY___  
2024-10-07 11:10:16,113 INFO     ___FILE_ONLY___ 75.0
2024-10-07 11:10:16,113 INFO     ___FILE_ONLY___ 

2024-10-07 11:10:16,113 INFO     ___FILE_ONLY___   
2024-10-07 11:10:16,113 INFO     ___FILE_ONLY___ metric
2024-10-07 11:10:16,113 INFO     ___FILE_ONLY___ :
2024-10-07 11:10:16,113 INFO     ___FILE_ONLY___  
2024-10-07 11:10:16,113 INFO     ___FILE_ONLY___ HEALTH_CHECKS
2024-10-07 11:10:16,113 INFO     ___FILE_ONLY___ 

2024-10-07 11:10:16,113 INFO     ___FILE_ONLY___   
2024-10-07 11:10:16,113 INFO     ___FILE_ONLY___ usage
2024-10-07 11:10:16,113 INFO     ___FILE_ONLY___ :
2024-10-07 11:10:16,113 INFO     ___FILE_ONLY___  
2024-10-07 11:10:16,113 INFO     ___FILE_ONLY___ 0.0
2024-10-07 11:10:16,113 INFO     ___FILE_ONLY___ 

2024-10-07 11:10:16,113 INFO     ___FILE_ONLY___ -
2024-10-07 11:10:16,113 INFO     ___FILE_ONLY___  
2024-10-07 11:10:16,113 INFO     ___FILE_ONLY___ limit
2024-10-07 11:10:16,113 INFO     ___FILE_ONLY___ :
2024-10-07 11:10:16,113 INFO     ___FILE_ONLY___  
2024-10-07 11:10:16,113 INFO     ___FILE_ONLY___ 8.0
2024-10-07 11:10:16,114 INFO     ___FILE_ONLY___ 

2024-10-07 11:10:16,114 INFO     ___FILE_ONLY___   
2024-10-07 11:10:16,114 INFO     ___FILE_ONLY___ metric
2024-10-07 11:10:16,114 INFO     ___FILE_ONLY___ :
2024-10-07 11:10:16,114 INFO     ___FILE_ONLY___  
2024-10-07 11:10:16,114 INFO     ___FILE_ONLY___ IN_USE_ADDRESSES
2024-10-07 11:10:16,114 INFO     ___FILE_ONLY___ 

2024-10-07 11:10:16,114 INFO     ___FILE_ONLY___   
2024-10-07 11:10:16,114 INFO     ___FILE_ONLY___ usage
2024-10-07 11:10:16,114 INFO     ___FILE_ONLY___ :
2024-10-07 11:10:16,114 INFO     ___FILE_ONLY___  
2024-10-07 11:10:16,114 INFO     ___FILE_ONLY___ 0.0
2024-10-07 11:10:16,114 INFO     ___FILE_ONLY___ 

2024-10-07 11:10:16,114 INFO     ___FILE_ONLY___ -
2024-10-07 11:10:16,114 INFO     ___FILE_ONLY___  
2024-10-07 11:10:16,114 INFO     ___FILE_ONLY___ limit
2024-10-07 11:10:16,114 INFO     ___FILE_ONLY___ :
2024-10-07 11:10:16,114 INFO     ___FILE_ONLY___  
2024-10-07 11:10:16,114 INFO     ___FILE_ONLY___ 50.0
2024-10-07 11:10:16,114 INFO     ___FILE_ONLY___ 

2024-10-07 11:10:16,114 INFO     ___FILE_ONLY___   
2024-10-07 11:10:16,114 INFO     ___FILE_ONLY___ metric
2024-10-07 11:10:16,114 INFO     ___FILE_ONLY___ :
2024-10-07 11:10:16,114 INFO     ___FILE_ONLY___  
2024-10-07 11:10:16,114 INFO     ___FILE_ONLY___ TARGET_INSTANCES
2024-10-07 11:10:16,114 INFO     ___FILE_ONLY___ 

2024-10-07 11:10:16,114 INFO     ___FILE_ONLY___   
2024-10-07 11:10:16,114 INFO     ___FILE_ONLY___ usage
2024-10-07 11:10:16,114 INFO     ___FILE_ONLY___ :
2024-10-07 11:10:16,114 INFO     ___FILE_ONLY___  
2024-10-07 11:10:16,114 INFO     ___FILE_ONLY___ 0.0
2024-10-07 11:10:16,114 INFO     ___FILE_ONLY___ 

2024-10-07 11:10:16,114 INFO     ___FILE_ONLY___ -
2024-10-07 11:10:16,114 INFO     ___FILE_ONLY___  
2024-10-07 11:10:16,114 INFO     ___FILE_ONLY___ limit
2024-10-07 11:10:16,114 INFO     ___FILE_ONLY___ :
2024-10-07 11:10:16,114 INFO     ___FILE_ONLY___  
2024-10-07 11:10:16,114 INFO     ___FILE_ONLY___ 10.0
2024-10-07 11:10:16,115 INFO     ___FILE_ONLY___ 

2024-10-07 11:10:16,115 INFO     ___FILE_ONLY___   
2024-10-07 11:10:16,115 INFO     ___FILE_ONLY___ metric
2024-10-07 11:10:16,115 INFO     ___FILE_ONLY___ :
2024-10-07 11:10:16,115 INFO     ___FILE_ONLY___  
2024-10-07 11:10:16,115 INFO     ___FILE_ONLY___ TARGET_HTTP_PROXIES
2024-10-07 11:10:16,115 INFO     ___FILE_ONLY___ 

2024-10-07 11:10:16,115 INFO     ___FILE_ONLY___   
2024-10-07 11:10:16,115 INFO     ___FILE_ONLY___ usage
2024-10-07 11:10:16,115 INFO     ___FILE_ONLY___ :
2024-10-07 11:10:16,115 INFO     ___FILE_ONLY___  
2024-10-07 11:10:16,115 INFO     ___FILE_ONLY___ 0.0
2024-10-07 11:10:16,115 INFO     ___FILE_ONLY___ 

2024-10-07 11:10:16,115 INFO     ___FILE_ONLY___ -
2024-10-07 11:10:16,115 INFO     ___FILE_ONLY___  
2024-10-07 11:10:16,115 INFO     ___FILE_ONLY___ limit
2024-10-07 11:10:16,115 INFO     ___FILE_ONLY___ :
2024-10-07 11:10:16,115 INFO     ___FILE_ONLY___  
2024-10-07 11:10:16,115 INFO     ___FILE_ONLY___ 10.0
2024-10-07 11:10:16,115 INFO     ___FILE_ONLY___ 

2024-10-07 11:10:16,115 INFO     ___FILE_ONLY___   
2024-10-07 11:10:16,115 INFO     ___FILE_ONLY___ metric
2024-10-07 11:10:16,115 INFO     ___FILE_ONLY___ :
2024-10-07 11:10:16,115 INFO     ___FILE_ONLY___  
2024-10-07 11:10:16,115 INFO     ___FILE_ONLY___ URL_MAPS
2024-10-07 11:10:16,115 INFO     ___FILE_ONLY___ 

2024-10-07 11:10:16,115 INFO     ___FILE_ONLY___   
2024-10-07 11:10:16,115 INFO     ___FILE_ONLY___ usage
2024-10-07 11:10:16,115 INFO     ___FILE_ONLY___ :
2024-10-07 11:10:16,115 INFO     ___FILE_ONLY___  
2024-10-07 11:10:16,115 INFO     ___FILE_ONLY___ 0.0
2024-10-07 11:10:16,115 INFO     ___FILE_ONLY___ 

2024-10-07 11:10:16,115 INFO     ___FILE_ONLY___ -
2024-10-07 11:10:16,115 INFO     ___FILE_ONLY___  
2024-10-07 11:10:16,115 INFO     ___FILE_ONLY___ limit
2024-10-07 11:10:16,115 INFO     ___FILE_ONLY___ :
2024-10-07 11:10:16,115 INFO     ___FILE_ONLY___  
2024-10-07 11:10:16,115 INFO     ___FILE_ONLY___ 50.0
2024-10-07 11:10:16,115 INFO     ___FILE_ONLY___ 

2024-10-07 11:10:16,116 INFO     ___FILE_ONLY___   
2024-10-07 11:10:16,116 INFO     ___FILE_ONLY___ metric
2024-10-07 11:10:16,116 INFO     ___FILE_ONLY___ :
2024-10-07 11:10:16,116 INFO     ___FILE_ONLY___  
2024-10-07 11:10:16,116 INFO     ___FILE_ONLY___ BACKEND_SERVICES
2024-10-07 11:10:16,116 INFO     ___FILE_ONLY___ 

2024-10-07 11:10:16,116 INFO     ___FILE_ONLY___   
2024-10-07 11:10:16,116 INFO     ___FILE_ONLY___ usage
2024-10-07 11:10:16,116 INFO     ___FILE_ONLY___ :
2024-10-07 11:10:16,116 INFO     ___FILE_ONLY___  
2024-10-07 11:10:16,116 INFO     ___FILE_ONLY___ 0.0
2024-10-07 11:10:16,116 INFO     ___FILE_ONLY___ 

2024-10-07 11:10:16,116 INFO     ___FILE_ONLY___ -
2024-10-07 11:10:16,116 INFO     ___FILE_ONLY___  
2024-10-07 11:10:16,116 INFO     ___FILE_ONLY___ limit
2024-10-07 11:10:16,116 INFO     ___FILE_ONLY___ :
2024-10-07 11:10:16,116 INFO     ___FILE_ONLY___  
2024-10-07 11:10:16,116 INFO     ___FILE_ONLY___ 100.0
2024-10-07 11:10:16,116 INFO     ___FILE_ONLY___ 

2024-10-07 11:10:16,116 INFO     ___FILE_ONLY___   
2024-10-07 11:10:16,116 INFO     ___FILE_ONLY___ metric
2024-10-07 11:10:16,116 INFO     ___FILE_ONLY___ :
2024-10-07 11:10:16,116 INFO     ___FILE_ONLY___  
2024-10-07 11:10:16,116 INFO     ___FILE_ONLY___ INSTANCE_TEMPLATES
2024-10-07 11:10:16,116 INFO     ___FILE_ONLY___ 

2024-10-07 11:10:16,116 INFO     ___FILE_ONLY___   
2024-10-07 11:10:16,116 INFO     ___FILE_ONLY___ usage
2024-10-07 11:10:16,116 INFO     ___FILE_ONLY___ :
2024-10-07 11:10:16,116 INFO     ___FILE_ONLY___  
2024-10-07 11:10:16,116 INFO     ___FILE_ONLY___ 0.0
2024-10-07 11:10:16,116 INFO     ___FILE_ONLY___ 

2024-10-07 11:10:16,116 INFO     ___FILE_ONLY___ -
2024-10-07 11:10:16,116 INFO     ___FILE_ONLY___  
2024-10-07 11:10:16,116 INFO     ___FILE_ONLY___ limit
2024-10-07 11:10:16,116 INFO     ___FILE_ONLY___ :
2024-10-07 11:10:16,116 INFO     ___FILE_ONLY___  
2024-10-07 11:10:16,116 INFO     ___FILE_ONLY___ 5.0
2024-10-07 11:10:16,116 INFO     ___FILE_ONLY___ 

2024-10-07 11:10:16,116 INFO     ___FILE_ONLY___   
2024-10-07 11:10:16,117 INFO     ___FILE_ONLY___ metric
2024-10-07 11:10:16,117 INFO     ___FILE_ONLY___ :
2024-10-07 11:10:16,117 INFO     ___FILE_ONLY___  
2024-10-07 11:10:16,117 INFO     ___FILE_ONLY___ TARGET_VPN_GATEWAYS
2024-10-07 11:10:16,117 INFO     ___FILE_ONLY___ 

2024-10-07 11:10:16,117 INFO     ___FILE_ONLY___   
2024-10-07 11:10:16,117 INFO     ___FILE_ONLY___ usage
2024-10-07 11:10:16,117 INFO     ___FILE_ONLY___ :
2024-10-07 11:10:16,117 INFO     ___FILE_ONLY___  
2024-10-07 11:10:16,117 INFO     ___FILE_ONLY___ 0.0
2024-10-07 11:10:16,117 INFO     ___FILE_ONLY___ 

2024-10-07 11:10:16,117 INFO     ___FILE_ONLY___ -
2024-10-07 11:10:16,117 INFO     ___FILE_ONLY___  
2024-10-07 11:10:16,117 INFO     ___FILE_ONLY___ limit
2024-10-07 11:10:16,117 INFO     ___FILE_ONLY___ :
2024-10-07 11:10:16,117 INFO     ___FILE_ONLY___  
2024-10-07 11:10:16,117 INFO     ___FILE_ONLY___ 10.0
2024-10-07 11:10:16,117 INFO     ___FILE_ONLY___ 

2024-10-07 11:10:16,117 INFO     ___FILE_ONLY___   
2024-10-07 11:10:16,117 INFO     ___FILE_ONLY___ metric
2024-10-07 11:10:16,117 INFO     ___FILE_ONLY___ :
2024-10-07 11:10:16,117 INFO     ___FILE_ONLY___  
2024-10-07 11:10:16,117 INFO     ___FILE_ONLY___ VPN_TUNNELS
2024-10-07 11:10:16,117 INFO     ___FILE_ONLY___ 

2024-10-07 11:10:16,117 INFO     ___FILE_ONLY___   
2024-10-07 11:10:16,117 INFO     ___FILE_ONLY___ usage
2024-10-07 11:10:16,117 INFO     ___FILE_ONLY___ :
2024-10-07 11:10:16,117 INFO     ___FILE_ONLY___  
2024-10-07 11:10:16,117 INFO     ___FILE_ONLY___ 0.0
2024-10-07 11:10:16,117 INFO     ___FILE_ONLY___ 

2024-10-07 11:10:16,117 INFO     ___FILE_ONLY___ -
2024-10-07 11:10:16,117 INFO     ___FILE_ONLY___  
2024-10-07 11:10:16,117 INFO     ___FILE_ONLY___ limit
2024-10-07 11:10:16,117 INFO     ___FILE_ONLY___ :
2024-10-07 11:10:16,117 INFO     ___FILE_ONLY___  
2024-10-07 11:10:16,117 INFO     ___FILE_ONLY___ 3.0
2024-10-07 11:10:16,117 INFO     ___FILE_ONLY___ 

2024-10-07 11:10:16,117 INFO     ___FILE_ONLY___   
2024-10-07 11:10:16,117 INFO     ___FILE_ONLY___ metric
2024-10-07 11:10:16,118 INFO     ___FILE_ONLY___ :
2024-10-07 11:10:16,118 INFO     ___FILE_ONLY___  
2024-10-07 11:10:16,118 INFO     ___FILE_ONLY___ BACKEND_BUCKETS
2024-10-07 11:10:16,118 INFO     ___FILE_ONLY___ 

2024-10-07 11:10:16,118 INFO     ___FILE_ONLY___   
2024-10-07 11:10:16,118 INFO     ___FILE_ONLY___ usage
2024-10-07 11:10:16,118 INFO     ___FILE_ONLY___ :
2024-10-07 11:10:16,118 INFO     ___FILE_ONLY___  
2024-10-07 11:10:16,118 INFO     ___FILE_ONLY___ 0.0
2024-10-07 11:10:16,118 INFO     ___FILE_ONLY___ 

2024-10-07 11:10:16,118 INFO     ___FILE_ONLY___ -
2024-10-07 11:10:16,118 INFO     ___FILE_ONLY___  
2024-10-07 11:10:16,118 INFO     ___FILE_ONLY___ limit
2024-10-07 11:10:16,118 INFO     ___FILE_ONLY___ :
2024-10-07 11:10:16,118 INFO     ___FILE_ONLY___  
2024-10-07 11:10:16,118 INFO     ___FILE_ONLY___ 10.0
2024-10-07 11:10:16,118 INFO     ___FILE_ONLY___ 

2024-10-07 11:10:16,118 INFO     ___FILE_ONLY___   
2024-10-07 11:10:16,118 INFO     ___FILE_ONLY___ metric
2024-10-07 11:10:16,118 INFO     ___FILE_ONLY___ :
2024-10-07 11:10:16,118 INFO     ___FILE_ONLY___  
2024-10-07 11:10:16,118 INFO     ___FILE_ONLY___ ROUTERS
2024-10-07 11:10:16,118 INFO     ___FILE_ONLY___ 

2024-10-07 11:10:16,118 INFO     ___FILE_ONLY___   
2024-10-07 11:10:16,118 INFO     ___FILE_ONLY___ usage
2024-10-07 11:10:16,118 INFO     ___FILE_ONLY___ :
2024-10-07 11:10:16,118 INFO     ___FILE_ONLY___  
2024-10-07 11:10:16,118 INFO     ___FILE_ONLY___ 0.0
2024-10-07 11:10:16,118 INFO     ___FILE_ONLY___ 

2024-10-07 11:10:16,118 INFO     ___FILE_ONLY___ -
2024-10-07 11:10:16,118 INFO     ___FILE_ONLY___  
2024-10-07 11:10:16,118 INFO     ___FILE_ONLY___ limit
2024-10-07 11:10:16,118 INFO     ___FILE_ONLY___ :
2024-10-07 11:10:16,118 INFO     ___FILE_ONLY___  
2024-10-07 11:10:16,118 INFO     ___FILE_ONLY___ 10.0
2024-10-07 11:10:16,118 INFO     ___FILE_ONLY___ 

2024-10-07 11:10:16,118 INFO     ___FILE_ONLY___   
2024-10-07 11:10:16,118 INFO     ___FILE_ONLY___ metric
2024-10-07 11:10:16,118 INFO     ___FILE_ONLY___ :
2024-10-07 11:10:16,119 INFO     ___FILE_ONLY___  
2024-10-07 11:10:16,119 INFO     ___FILE_ONLY___ TARGET_SSL_PROXIES
2024-10-07 11:10:16,119 INFO     ___FILE_ONLY___ 

2024-10-07 11:10:16,119 INFO     ___FILE_ONLY___   
2024-10-07 11:10:16,119 INFO     ___FILE_ONLY___ usage
2024-10-07 11:10:16,119 INFO     ___FILE_ONLY___ :
2024-10-07 11:10:16,119 INFO     ___FILE_ONLY___  
2024-10-07 11:10:16,119 INFO     ___FILE_ONLY___ 0.0
2024-10-07 11:10:16,119 INFO     ___FILE_ONLY___ 

2024-10-07 11:10:16,119 INFO     ___FILE_ONLY___ -
2024-10-07 11:10:16,119 INFO     ___FILE_ONLY___  
2024-10-07 11:10:16,119 INFO     ___FILE_ONLY___ limit
2024-10-07 11:10:16,119 INFO     ___FILE_ONLY___ :
2024-10-07 11:10:16,119 INFO     ___FILE_ONLY___  
2024-10-07 11:10:16,119 INFO     ___FILE_ONLY___ 10.0
2024-10-07 11:10:16,119 INFO     ___FILE_ONLY___ 

2024-10-07 11:10:16,119 INFO     ___FILE_ONLY___   
2024-10-07 11:10:16,119 INFO     ___FILE_ONLY___ metric
2024-10-07 11:10:16,119 INFO     ___FILE_ONLY___ :
2024-10-07 11:10:16,119 INFO     ___FILE_ONLY___  
2024-10-07 11:10:16,119 INFO     ___FILE_ONLY___ TARGET_HTTPS_PROXIES
2024-10-07 11:10:16,119 INFO     ___FILE_ONLY___ 

2024-10-07 11:10:16,119 INFO     ___FILE_ONLY___   
2024-10-07 11:10:16,119 INFO     ___FILE_ONLY___ usage
2024-10-07 11:10:16,119 INFO     ___FILE_ONLY___ :
2024-10-07 11:10:16,119 INFO     ___FILE_ONLY___  
2024-10-07 11:10:16,119 INFO     ___FILE_ONLY___ 0.0
2024-10-07 11:10:16,119 INFO     ___FILE_ONLY___ 

2024-10-07 11:10:16,119 INFO     ___FILE_ONLY___ -
2024-10-07 11:10:16,119 INFO     ___FILE_ONLY___  
2024-10-07 11:10:16,119 INFO     ___FILE_ONLY___ limit
2024-10-07 11:10:16,119 INFO     ___FILE_ONLY___ :
2024-10-07 11:10:16,119 INFO     ___FILE_ONLY___  
2024-10-07 11:10:16,119 INFO     ___FILE_ONLY___ 10.0
2024-10-07 11:10:16,119 INFO     ___FILE_ONLY___ 

2024-10-07 11:10:16,119 INFO     ___FILE_ONLY___   
2024-10-07 11:10:16,119 INFO     ___FILE_ONLY___ metric
2024-10-07 11:10:16,119 INFO     ___FILE_ONLY___ :
2024-10-07 11:10:16,120 INFO     ___FILE_ONLY___  
2024-10-07 11:10:16,120 INFO     ___FILE_ONLY___ SSL_CERTIFICATES
2024-10-07 11:10:16,120 INFO     ___FILE_ONLY___ 

2024-10-07 11:10:16,120 INFO     ___FILE_ONLY___   
2024-10-07 11:10:16,120 INFO     ___FILE_ONLY___ usage
2024-10-07 11:10:16,120 INFO     ___FILE_ONLY___ :
2024-10-07 11:10:16,120 INFO     ___FILE_ONLY___  
2024-10-07 11:10:16,120 INFO     ___FILE_ONLY___ 0.0
2024-10-07 11:10:16,120 INFO     ___FILE_ONLY___ 

2024-10-07 11:10:16,120 INFO     ___FILE_ONLY___ -
2024-10-07 11:10:16,120 INFO     ___FILE_ONLY___  
2024-10-07 11:10:16,120 INFO     ___FILE_ONLY___ limit
2024-10-07 11:10:16,120 INFO     ___FILE_ONLY___ :
2024-10-07 11:10:16,120 INFO     ___FILE_ONLY___  
2024-10-07 11:10:16,120 INFO     ___FILE_ONLY___ 100.0
2024-10-07 11:10:16,120 INFO     ___FILE_ONLY___ 

2024-10-07 11:10:16,120 INFO     ___FILE_ONLY___   
2024-10-07 11:10:16,120 INFO     ___FILE_ONLY___ metric
2024-10-07 11:10:16,120 INFO     ___FILE_ONLY___ :
2024-10-07 11:10:16,120 INFO     ___FILE_ONLY___  
2024-10-07 11:10:16,120 INFO     ___FILE_ONLY___ SUBNETWORKS
2024-10-07 11:10:16,120 INFO     ___FILE_ONLY___ 

2024-10-07 11:10:16,120 INFO     ___FILE_ONLY___   
2024-10-07 11:10:16,120 INFO     ___FILE_ONLY___ usage
2024-10-07 11:10:16,120 INFO     ___FILE_ONLY___ :
2024-10-07 11:10:16,120 INFO     ___FILE_ONLY___  
2024-10-07 11:10:16,120 INFO     ___FILE_ONLY___ 0.0
2024-10-07 11:10:16,120 INFO     ___FILE_ONLY___ 

2024-10-07 11:10:16,120 INFO     ___FILE_ONLY___ -
2024-10-07 11:10:16,120 INFO     ___FILE_ONLY___  
2024-10-07 11:10:16,120 INFO     ___FILE_ONLY___ limit
2024-10-07 11:10:16,120 INFO     ___FILE_ONLY___ :
2024-10-07 11:10:16,120 INFO     ___FILE_ONLY___  
2024-10-07 11:10:16,120 INFO     ___FILE_ONLY___ 10.0
2024-10-07 11:10:16,120 INFO     ___FILE_ONLY___ 

2024-10-07 11:10:16,120 INFO     ___FILE_ONLY___   
2024-10-07 11:10:16,120 INFO     ___FILE_ONLY___ metric
2024-10-07 11:10:16,120 INFO     ___FILE_ONLY___ :
2024-10-07 11:10:16,120 INFO     ___FILE_ONLY___  
2024-10-07 11:10:16,121 INFO     ___FILE_ONLY___ TARGET_TCP_PROXIES
2024-10-07 11:10:16,121 INFO     ___FILE_ONLY___ 

2024-10-07 11:10:16,121 INFO     ___FILE_ONLY___   
2024-10-07 11:10:16,121 INFO     ___FILE_ONLY___ usage
2024-10-07 11:10:16,121 INFO     ___FILE_ONLY___ :
2024-10-07 11:10:16,121 INFO     ___FILE_ONLY___  
2024-10-07 11:10:16,121 INFO     ___FILE_ONLY___ 0.0
2024-10-07 11:10:16,121 INFO     ___FILE_ONLY___ 

2024-10-07 11:10:16,121 INFO     ___FILE_ONLY___ -
2024-10-07 11:10:16,121 INFO     ___FILE_ONLY___  
2024-10-07 11:10:16,121 INFO     ___FILE_ONLY___ limit
2024-10-07 11:10:16,121 INFO     ___FILE_ONLY___ :
2024-10-07 11:10:16,121 INFO     ___FILE_ONLY___  
2024-10-07 11:10:16,121 INFO     ___FILE_ONLY___ 32.0
2024-10-07 11:10:16,121 INFO     ___FILE_ONLY___ 

2024-10-07 11:10:16,121 INFO     ___FILE_ONLY___   
2024-10-07 11:10:16,121 INFO     ___FILE_ONLY___ metric
2024-10-07 11:10:16,121 INFO     ___FILE_ONLY___ :
2024-10-07 11:10:16,121 INFO     ___FILE_ONLY___  
2024-10-07 11:10:16,121 INFO     ___FILE_ONLY___ CPUS_ALL_REGIONS
2024-10-07 11:10:16,121 INFO     ___FILE_ONLY___ 

2024-10-07 11:10:16,121 INFO     ___FILE_ONLY___   
2024-10-07 11:10:16,121 INFO     ___FILE_ONLY___ usage
2024-10-07 11:10:16,121 INFO     ___FILE_ONLY___ :
2024-10-07 11:10:16,121 INFO     ___FILE_ONLY___  
2024-10-07 11:10:16,121 INFO     ___FILE_ONLY___ 1.0
2024-10-07 11:10:16,121 INFO     ___FILE_ONLY___ 

2024-10-07 11:10:16,121 INFO     ___FILE_ONLY___ -
2024-10-07 11:10:16,121 INFO     ___FILE_ONLY___  
2024-10-07 11:10:16,121 INFO     ___FILE_ONLY___ limit
2024-10-07 11:10:16,121 INFO     ___FILE_ONLY___ :
2024-10-07 11:10:16,121 INFO     ___FILE_ONLY___  
2024-10-07 11:10:16,121 INFO     ___FILE_ONLY___ 10.0
2024-10-07 11:10:16,121 INFO     ___FILE_ONLY___ 

2024-10-07 11:10:16,121 INFO     ___FILE_ONLY___   
2024-10-07 11:10:16,121 INFO     ___FILE_ONLY___ metric
2024-10-07 11:10:16,121 INFO     ___FILE_ONLY___ :
2024-10-07 11:10:16,121 INFO     ___FILE_ONLY___  
2024-10-07 11:10:16,121 INFO     ___FILE_ONLY___ SECURITY_POLICIES
2024-10-07 11:10:16,122 INFO     ___FILE_ONLY___ 

2024-10-07 11:10:16,122 INFO     ___FILE_ONLY___   
2024-10-07 11:10:16,122 INFO     ___FILE_ONLY___ usage
2024-10-07 11:10:16,122 INFO     ___FILE_ONLY___ :
2024-10-07 11:10:16,122 INFO     ___FILE_ONLY___  
2024-10-07 11:10:16,122 INFO     ___FILE_ONLY___ 0.0
2024-10-07 11:10:16,122 INFO     ___FILE_ONLY___ 

2024-10-07 11:10:16,122 INFO     ___FILE_ONLY___ -
2024-10-07 11:10:16,122 INFO     ___FILE_ONLY___  
2024-10-07 11:10:16,122 INFO     ___FILE_ONLY___ limit
2024-10-07 11:10:16,122 INFO     ___FILE_ONLY___ :
2024-10-07 11:10:16,122 INFO     ___FILE_ONLY___  
2024-10-07 11:10:16,122 INFO     ___FILE_ONLY___ 100.0
2024-10-07 11:10:16,122 INFO     ___FILE_ONLY___ 

2024-10-07 11:10:16,122 INFO     ___FILE_ONLY___   
2024-10-07 11:10:16,122 INFO     ___FILE_ONLY___ metric
2024-10-07 11:10:16,122 INFO     ___FILE_ONLY___ :
2024-10-07 11:10:16,122 INFO     ___FILE_ONLY___  
2024-10-07 11:10:16,122 INFO     ___FILE_ONLY___ SECURITY_POLICY_RULES
2024-10-07 11:10:16,122 INFO     ___FILE_ONLY___ 

2024-10-07 11:10:16,122 INFO     ___FILE_ONLY___   
2024-10-07 11:10:16,122 INFO     ___FILE_ONLY___ usage
2024-10-07 11:10:16,122 INFO     ___FILE_ONLY___ :
2024-10-07 11:10:16,122 INFO     ___FILE_ONLY___  
2024-10-07 11:10:16,122 INFO     ___FILE_ONLY___ 0.0
2024-10-07 11:10:16,122 INFO     ___FILE_ONLY___ 

2024-10-07 11:10:16,122 INFO     ___FILE_ONLY___ -
2024-10-07 11:10:16,122 INFO     ___FILE_ONLY___  
2024-10-07 11:10:16,122 INFO     ___FILE_ONLY___ limit
2024-10-07 11:10:16,122 INFO     ___FILE_ONLY___ :
2024-10-07 11:10:16,122 INFO     ___FILE_ONLY___  
2024-10-07 11:10:16,122 INFO     ___FILE_ONLY___ 1000.0
2024-10-07 11:10:16,122 INFO     ___FILE_ONLY___ 

2024-10-07 11:10:16,122 INFO     ___FILE_ONLY___   
2024-10-07 11:10:16,122 INFO     ___FILE_ONLY___ metric
2024-10-07 11:10:16,122 INFO     ___FILE_ONLY___ :
2024-10-07 11:10:16,122 INFO     ___FILE_ONLY___  
2024-10-07 11:10:16,122 INFO     ___FILE_ONLY___ XPN_SERVICE_PROJECTS
2024-10-07 11:10:16,122 INFO     ___FILE_ONLY___ 

2024-10-07 11:10:16,123 INFO     ___FILE_ONLY___   
2024-10-07 11:10:16,123 INFO     ___FILE_ONLY___ usage
2024-10-07 11:10:16,123 INFO     ___FILE_ONLY___ :
2024-10-07 11:10:16,123 INFO     ___FILE_ONLY___  
2024-10-07 11:10:16,123 INFO     ___FILE_ONLY___ 0.0
2024-10-07 11:10:16,123 INFO     ___FILE_ONLY___ 

2024-10-07 11:10:16,123 INFO     ___FILE_ONLY___ -
2024-10-07 11:10:16,123 INFO     ___FILE_ONLY___  
2024-10-07 11:10:16,123 INFO     ___FILE_ONLY___ limit
2024-10-07 11:10:16,123 INFO     ___FILE_ONLY___ :
2024-10-07 11:10:16,123 INFO     ___FILE_ONLY___  
2024-10-07 11:10:16,123 INFO     ___FILE_ONLY___ 20.0
2024-10-07 11:10:16,123 INFO     ___FILE_ONLY___ 

2024-10-07 11:10:16,123 INFO     ___FILE_ONLY___   
2024-10-07 11:10:16,123 INFO     ___FILE_ONLY___ metric
2024-10-07 11:10:16,123 INFO     ___FILE_ONLY___ :
2024-10-07 11:10:16,123 INFO     ___FILE_ONLY___  
2024-10-07 11:10:16,123 INFO     ___FILE_ONLY___ PACKET_MIRRORINGS
2024-10-07 11:10:16,123 INFO     ___FILE_ONLY___ 

2024-10-07 11:10:16,123 INFO     ___FILE_ONLY___   
2024-10-07 11:10:16,123 INFO     ___FILE_ONLY___ usage
2024-10-07 11:10:16,123 INFO     ___FILE_ONLY___ :
2024-10-07 11:10:16,123 INFO     ___FILE_ONLY___  
2024-10-07 11:10:16,123 INFO     ___FILE_ONLY___ 0.0
2024-10-07 11:10:16,123 INFO     ___FILE_ONLY___ 

2024-10-07 11:10:16,123 INFO     ___FILE_ONLY___ -
2024-10-07 11:10:16,123 INFO     ___FILE_ONLY___  
2024-10-07 11:10:16,123 INFO     ___FILE_ONLY___ limit
2024-10-07 11:10:16,123 INFO     ___FILE_ONLY___ :
2024-10-07 11:10:16,123 INFO     ___FILE_ONLY___  
2024-10-07 11:10:16,123 INFO     ___FILE_ONLY___ 100.0
2024-10-07 11:10:16,123 INFO     ___FILE_ONLY___ 

2024-10-07 11:10:16,123 INFO     ___FILE_ONLY___   
2024-10-07 11:10:16,123 INFO     ___FILE_ONLY___ metric
2024-10-07 11:10:16,123 INFO     ___FILE_ONLY___ :
2024-10-07 11:10:16,123 INFO     ___FILE_ONLY___  
2024-10-07 11:10:16,123 INFO     ___FILE_ONLY___ NETWORK_ENDPOINT_GROUPS
2024-10-07 11:10:16,123 INFO     ___FILE_ONLY___ 

2024-10-07 11:10:16,124 INFO     ___FILE_ONLY___   
2024-10-07 11:10:16,124 INFO     ___FILE_ONLY___ usage
2024-10-07 11:10:16,124 INFO     ___FILE_ONLY___ :
2024-10-07 11:10:16,124 INFO     ___FILE_ONLY___  
2024-10-07 11:10:16,124 INFO     ___FILE_ONLY___ 0.0
2024-10-07 11:10:16,124 INFO     ___FILE_ONLY___ 

2024-10-07 11:10:16,124 INFO     ___FILE_ONLY___ -
2024-10-07 11:10:16,124 INFO     ___FILE_ONLY___  
2024-10-07 11:10:16,124 INFO     ___FILE_ONLY___ limit
2024-10-07 11:10:16,124 INFO     ___FILE_ONLY___ :
2024-10-07 11:10:16,124 INFO     ___FILE_ONLY___  
2024-10-07 11:10:16,124 INFO     ___FILE_ONLY___ 6.0
2024-10-07 11:10:16,124 INFO     ___FILE_ONLY___ 

2024-10-07 11:10:16,124 INFO     ___FILE_ONLY___   
2024-10-07 11:10:16,124 INFO     ___FILE_ONLY___ metric
2024-10-07 11:10:16,124 INFO     ___FILE_ONLY___ :
2024-10-07 11:10:16,124 INFO     ___FILE_ONLY___  
2024-10-07 11:10:16,124 INFO     ___FILE_ONLY___ INTERCONNECTS
2024-10-07 11:10:16,124 INFO     ___FILE_ONLY___ 

2024-10-07 11:10:16,124 INFO     ___FILE_ONLY___   
2024-10-07 11:10:16,124 INFO     ___FILE_ONLY___ usage
2024-10-07 11:10:16,124 INFO     ___FILE_ONLY___ :
2024-10-07 11:10:16,124 INFO     ___FILE_ONLY___  
2024-10-07 11:10:16,124 INFO     ___FILE_ONLY___ 0.0
2024-10-07 11:10:16,124 INFO     ___FILE_ONLY___ 

2024-10-07 11:10:16,124 INFO     ___FILE_ONLY___ -
2024-10-07 11:10:16,124 INFO     ___FILE_ONLY___  
2024-10-07 11:10:16,124 INFO     ___FILE_ONLY___ limit
2024-10-07 11:10:16,124 INFO     ___FILE_ONLY___ :
2024-10-07 11:10:16,124 INFO     ___FILE_ONLY___  
2024-10-07 11:10:16,124 INFO     ___FILE_ONLY___ 10.0
2024-10-07 11:10:16,124 INFO     ___FILE_ONLY___ 

2024-10-07 11:10:16,124 INFO     ___FILE_ONLY___   
2024-10-07 11:10:16,124 INFO     ___FILE_ONLY___ metric
2024-10-07 11:10:16,124 INFO     ___FILE_ONLY___ :
2024-10-07 11:10:16,124 INFO     ___FILE_ONLY___  
2024-10-07 11:10:16,124 INFO     ___FILE_ONLY___ SSL_POLICIES
2024-10-07 11:10:16,124 INFO     ___FILE_ONLY___ 

2024-10-07 11:10:16,124 INFO     ___FILE_ONLY___   
2024-10-07 11:10:16,125 INFO     ___FILE_ONLY___ usage
2024-10-07 11:10:16,125 INFO     ___FILE_ONLY___ :
2024-10-07 11:10:16,125 INFO     ___FILE_ONLY___  
2024-10-07 11:10:16,125 INFO     ___FILE_ONLY___ 0.0
2024-10-07 11:10:16,125 INFO     ___FILE_ONLY___ 

2024-10-07 11:10:16,125 INFO     ___FILE_ONLY___ -
2024-10-07 11:10:16,125 INFO     ___FILE_ONLY___  
2024-10-07 11:10:16,125 INFO     ___FILE_ONLY___ limit
2024-10-07 11:10:16,125 INFO     ___FILE_ONLY___ :
2024-10-07 11:10:16,125 INFO     ___FILE_ONLY___  
2024-10-07 11:10:16,125 INFO     ___FILE_ONLY___ 5000.0
2024-10-07 11:10:16,125 INFO     ___FILE_ONLY___ 

2024-10-07 11:10:16,125 INFO     ___FILE_ONLY___   
2024-10-07 11:10:16,125 INFO     ___FILE_ONLY___ metric
2024-10-07 11:10:16,125 INFO     ___FILE_ONLY___ :
2024-10-07 11:10:16,125 INFO     ___FILE_ONLY___  
2024-10-07 11:10:16,125 INFO     ___FILE_ONLY___ GLOBAL_INTERNAL_ADDRESSES
2024-10-07 11:10:16,125 INFO     ___FILE_ONLY___ 

2024-10-07 11:10:16,125 INFO     ___FILE_ONLY___   
2024-10-07 11:10:16,125 INFO     ___FILE_ONLY___ usage
2024-10-07 11:10:16,125 INFO     ___FILE_ONLY___ :
2024-10-07 11:10:16,125 INFO     ___FILE_ONLY___  
2024-10-07 11:10:16,125 INFO     ___FILE_ONLY___ 0.0
2024-10-07 11:10:16,125 INFO     ___FILE_ONLY___ 

2024-10-07 11:10:16,125 INFO     ___FILE_ONLY___ -
2024-10-07 11:10:16,125 INFO     ___FILE_ONLY___  
2024-10-07 11:10:16,125 INFO     ___FILE_ONLY___ limit
2024-10-07 11:10:16,125 INFO     ___FILE_ONLY___ :
2024-10-07 11:10:16,125 INFO     ___FILE_ONLY___  
2024-10-07 11:10:16,125 INFO     ___FILE_ONLY___ 5.0
2024-10-07 11:10:16,125 INFO     ___FILE_ONLY___ 

2024-10-07 11:10:16,125 INFO     ___FILE_ONLY___   
2024-10-07 11:10:16,125 INFO     ___FILE_ONLY___ metric
2024-10-07 11:10:16,125 INFO     ___FILE_ONLY___ :
2024-10-07 11:10:16,125 INFO     ___FILE_ONLY___  
2024-10-07 11:10:16,125 INFO     ___FILE_ONLY___ VPN_GATEWAYS
2024-10-07 11:10:16,125 INFO     ___FILE_ONLY___ 

2024-10-07 11:10:16,125 INFO     ___FILE_ONLY___   
2024-10-07 11:10:16,125 INFO     ___FILE_ONLY___ usage
2024-10-07 11:10:16,126 INFO     ___FILE_ONLY___ :
2024-10-07 11:10:16,126 INFO     ___FILE_ONLY___  
2024-10-07 11:10:16,126 INFO     ___FILE_ONLY___ 0.0
2024-10-07 11:10:16,126 INFO     ___FILE_ONLY___ 

2024-10-07 11:10:16,126 INFO     ___FILE_ONLY___ -
2024-10-07 11:10:16,126 INFO     ___FILE_ONLY___  
2024-10-07 11:10:16,126 INFO     ___FILE_ONLY___ limit
2024-10-07 11:10:16,126 INFO     ___FILE_ONLY___ :
2024-10-07 11:10:16,126 INFO     ___FILE_ONLY___  
2024-10-07 11:10:16,126 INFO     ___FILE_ONLY___ 100.0
2024-10-07 11:10:16,126 INFO     ___FILE_ONLY___ 

2024-10-07 11:10:16,126 INFO     ___FILE_ONLY___   
2024-10-07 11:10:16,126 INFO     ___FILE_ONLY___ metric
2024-10-07 11:10:16,126 INFO     ___FILE_ONLY___ :
2024-10-07 11:10:16,126 INFO     ___FILE_ONLY___  
2024-10-07 11:10:16,126 INFO     ___FILE_ONLY___ MACHINE_IMAGES
2024-10-07 11:10:16,126 INFO     ___FILE_ONLY___ 

2024-10-07 11:10:16,126 INFO     ___FILE_ONLY___   
2024-10-07 11:10:16,126 INFO     ___FILE_ONLY___ usage
2024-10-07 11:10:16,126 INFO     ___FILE_ONLY___ :
2024-10-07 11:10:16,126 INFO     ___FILE_ONLY___  
2024-10-07 11:10:16,126 INFO     ___FILE_ONLY___ 0.0
2024-10-07 11:10:16,126 INFO     ___FILE_ONLY___ 

2024-10-07 11:10:16,126 INFO     ___FILE_ONLY___ -
2024-10-07 11:10:16,126 INFO     ___FILE_ONLY___  
2024-10-07 11:10:16,126 INFO     ___FILE_ONLY___ limit
2024-10-07 11:10:16,126 INFO     ___FILE_ONLY___ :
2024-10-07 11:10:16,126 INFO     ___FILE_ONLY___  
2024-10-07 11:10:16,126 INFO     ___FILE_ONLY___ 20.0
2024-10-07 11:10:16,126 INFO     ___FILE_ONLY___ 

2024-10-07 11:10:16,126 INFO     ___FILE_ONLY___   
2024-10-07 11:10:16,126 INFO     ___FILE_ONLY___ metric
2024-10-07 11:10:16,126 INFO     ___FILE_ONLY___ :
2024-10-07 11:10:16,126 INFO     ___FILE_ONLY___  
2024-10-07 11:10:16,126 INFO     ___FILE_ONLY___ SECURITY_POLICY_CEVAL_RULES
2024-10-07 11:10:16,126 INFO     ___FILE_ONLY___ 

2024-10-07 11:10:16,126 INFO     ___FILE_ONLY___   
2024-10-07 11:10:16,126 INFO     ___FILE_ONLY___ usage
2024-10-07 11:10:16,127 INFO     ___FILE_ONLY___ :
2024-10-07 11:10:16,127 INFO     ___FILE_ONLY___  
2024-10-07 11:10:16,127 INFO     ___FILE_ONLY___ 0.0
2024-10-07 11:10:16,127 INFO     ___FILE_ONLY___ 

2024-10-07 11:10:16,127 INFO     ___FILE_ONLY___ -
2024-10-07 11:10:16,127 INFO     ___FILE_ONLY___  
2024-10-07 11:10:16,127 INFO     ___FILE_ONLY___ limit
2024-10-07 11:10:16,127 INFO     ___FILE_ONLY___ :
2024-10-07 11:10:16,127 INFO     ___FILE_ONLY___  
2024-10-07 11:10:16,127 INFO     ___FILE_ONLY___ 0.0
2024-10-07 11:10:16,127 INFO     ___FILE_ONLY___ 

2024-10-07 11:10:16,127 INFO     ___FILE_ONLY___   
2024-10-07 11:10:16,127 INFO     ___FILE_ONLY___ metric
2024-10-07 11:10:16,127 INFO     ___FILE_ONLY___ :
2024-10-07 11:10:16,127 INFO     ___FILE_ONLY___  
2024-10-07 11:10:16,127 INFO     ___FILE_ONLY___ GPUS_ALL_REGIONS
2024-10-07 11:10:16,127 INFO     ___FILE_ONLY___ 

2024-10-07 11:10:16,127 INFO     ___FILE_ONLY___   
2024-10-07 11:10:16,127 INFO     ___FILE_ONLY___ usage
2024-10-07 11:10:16,127 INFO     ___FILE_ONLY___ :
2024-10-07 11:10:16,127 INFO     ___FILE_ONLY___  
2024-10-07 11:10:16,127 INFO     ___FILE_ONLY___ 0.0
2024-10-07 11:10:16,127 INFO     ___FILE_ONLY___ 

2024-10-07 11:10:16,127 INFO     ___FILE_ONLY___ -
2024-10-07 11:10:16,127 INFO     ___FILE_ONLY___  
2024-10-07 11:10:16,127 INFO     ___FILE_ONLY___ limit
2024-10-07 11:10:16,127 INFO     ___FILE_ONLY___ :
2024-10-07 11:10:16,127 INFO     ___FILE_ONLY___  
2024-10-07 11:10:16,127 INFO     ___FILE_ONLY___ 5.0
2024-10-07 11:10:16,127 INFO     ___FILE_ONLY___ 

2024-10-07 11:10:16,127 INFO     ___FILE_ONLY___   
2024-10-07 11:10:16,127 INFO     ___FILE_ONLY___ metric
2024-10-07 11:10:16,127 INFO     ___FILE_ONLY___ :
2024-10-07 11:10:16,127 INFO     ___FILE_ONLY___  
2024-10-07 11:10:16,127 INFO     ___FILE_ONLY___ EXTERNAL_VPN_GATEWAYS
2024-10-07 11:10:16,127 INFO     ___FILE_ONLY___ 

2024-10-07 11:10:16,127 INFO     ___FILE_ONLY___   
2024-10-07 11:10:16,127 INFO     ___FILE_ONLY___ usage
2024-10-07 11:10:16,127 INFO     ___FILE_ONLY___ :
2024-10-07 11:10:16,128 INFO     ___FILE_ONLY___  
2024-10-07 11:10:16,128 INFO     ___FILE_ONLY___ 0.0
2024-10-07 11:10:16,128 INFO     ___FILE_ONLY___ 

2024-10-07 11:10:16,128 INFO     ___FILE_ONLY___ -
2024-10-07 11:10:16,128 INFO     ___FILE_ONLY___  
2024-10-07 11:10:16,128 INFO     ___FILE_ONLY___ limit
2024-10-07 11:10:16,128 INFO     ___FILE_ONLY___ :
2024-10-07 11:10:16,128 INFO     ___FILE_ONLY___  
2024-10-07 11:10:16,128 INFO     ___FILE_ONLY___ 1.0
2024-10-07 11:10:16,128 INFO     ___FILE_ONLY___ 

2024-10-07 11:10:16,128 INFO     ___FILE_ONLY___   
2024-10-07 11:10:16,128 INFO     ___FILE_ONLY___ metric
2024-10-07 11:10:16,128 INFO     ___FILE_ONLY___ :
2024-10-07 11:10:16,128 INFO     ___FILE_ONLY___  
2024-10-07 11:10:16,128 INFO     ___FILE_ONLY___ PUBLIC_ADVERTISED_PREFIXES
2024-10-07 11:10:16,128 INFO     ___FILE_ONLY___ 

2024-10-07 11:10:16,128 INFO     ___FILE_ONLY___   
2024-10-07 11:10:16,128 INFO     ___FILE_ONLY___ usage
2024-10-07 11:10:16,128 INFO     ___FILE_ONLY___ :
2024-10-07 11:10:16,128 INFO     ___FILE_ONLY___  
2024-10-07 11:10:16,128 INFO     ___FILE_ONLY___ 0.0
2024-10-07 11:10:16,128 INFO     ___FILE_ONLY___ 

2024-10-07 11:10:16,128 INFO     ___FILE_ONLY___ -
2024-10-07 11:10:16,128 INFO     ___FILE_ONLY___  
2024-10-07 11:10:16,128 INFO     ___FILE_ONLY___ limit
2024-10-07 11:10:16,128 INFO     ___FILE_ONLY___ :
2024-10-07 11:10:16,128 INFO     ___FILE_ONLY___  
2024-10-07 11:10:16,128 INFO     ___FILE_ONLY___ 10.0
2024-10-07 11:10:16,128 INFO     ___FILE_ONLY___ 

2024-10-07 11:10:16,128 INFO     ___FILE_ONLY___   
2024-10-07 11:10:16,128 INFO     ___FILE_ONLY___ metric
2024-10-07 11:10:16,128 INFO     ___FILE_ONLY___ :
2024-10-07 11:10:16,128 INFO     ___FILE_ONLY___  
2024-10-07 11:10:16,128 INFO     ___FILE_ONLY___ PUBLIC_DELEGATED_PREFIXES
2024-10-07 11:10:16,128 INFO     ___FILE_ONLY___ 

2024-10-07 11:10:16,128 INFO     ___FILE_ONLY___   
2024-10-07 11:10:16,128 INFO     ___FILE_ONLY___ usage
2024-10-07 11:10:16,128 INFO     ___FILE_ONLY___ :
2024-10-07 11:10:16,128 INFO     ___FILE_ONLY___  
2024-10-07 11:10:16,129 INFO     ___FILE_ONLY___ 0.0
2024-10-07 11:10:16,129 INFO     ___FILE_ONLY___ 

2024-10-07 11:10:16,129 INFO     ___FILE_ONLY___ -
2024-10-07 11:10:16,129 INFO     ___FILE_ONLY___  
2024-10-07 11:10:16,129 INFO     ___FILE_ONLY___ limit
2024-10-07 11:10:16,129 INFO     ___FILE_ONLY___ :
2024-10-07 11:10:16,129 INFO     ___FILE_ONLY___  
2024-10-07 11:10:16,129 INFO     ___FILE_ONLY___ 128.0
2024-10-07 11:10:16,129 INFO     ___FILE_ONLY___ 

2024-10-07 11:10:16,129 INFO     ___FILE_ONLY___   
2024-10-07 11:10:16,129 INFO     ___FILE_ONLY___ metric
2024-10-07 11:10:16,129 INFO     ___FILE_ONLY___ :
2024-10-07 11:10:16,129 INFO     ___FILE_ONLY___  
2024-10-07 11:10:16,129 INFO     ___FILE_ONLY___ STATIC_BYOIP_ADDRESSES
2024-10-07 11:10:16,129 INFO     ___FILE_ONLY___ 

2024-10-07 11:10:16,129 INFO     ___FILE_ONLY___   
2024-10-07 11:10:16,129 INFO     ___FILE_ONLY___ usage
2024-10-07 11:10:16,129 INFO     ___FILE_ONLY___ :
2024-10-07 11:10:16,129 INFO     ___FILE_ONLY___  
2024-10-07 11:10:16,129 INFO     ___FILE_ONLY___ 0.0
2024-10-07 11:10:16,129 INFO     ___FILE_ONLY___ 

2024-10-07 11:10:16,129 INFO     ___FILE_ONLY___ -
2024-10-07 11:10:16,129 INFO     ___FILE_ONLY___  
2024-10-07 11:10:16,129 INFO     ___FILE_ONLY___ limit
2024-10-07 11:10:16,129 INFO     ___FILE_ONLY___ :
2024-10-07 11:10:16,129 INFO     ___FILE_ONLY___  
2024-10-07 11:10:16,129 INFO     ___FILE_ONLY___ 10.0
2024-10-07 11:10:16,129 INFO     ___FILE_ONLY___ 

2024-10-07 11:10:16,129 INFO     ___FILE_ONLY___   
2024-10-07 11:10:16,129 INFO     ___FILE_ONLY___ metric
2024-10-07 11:10:16,129 INFO     ___FILE_ONLY___ :
2024-10-07 11:10:16,129 INFO     ___FILE_ONLY___  
2024-10-07 11:10:16,129 INFO     ___FILE_ONLY___ NETWORK_FIREWALL_POLICIES
2024-10-07 11:10:16,129 INFO     ___FILE_ONLY___ 

2024-10-07 11:10:16,129 INFO     ___FILE_ONLY___   
2024-10-07 11:10:16,129 INFO     ___FILE_ONLY___ usage
2024-10-07 11:10:16,129 INFO     ___FILE_ONLY___ :
2024-10-07 11:10:16,129 INFO     ___FILE_ONLY___  
2024-10-07 11:10:16,129 INFO     ___FILE_ONLY___ 0.0
2024-10-07 11:10:16,130 INFO     ___FILE_ONLY___ 

2024-10-07 11:10:16,130 INFO     ___FILE_ONLY___ -
2024-10-07 11:10:16,130 INFO     ___FILE_ONLY___  
2024-10-07 11:10:16,130 INFO     ___FILE_ONLY___ limit
2024-10-07 11:10:16,130 INFO     ___FILE_ONLY___ :
2024-10-07 11:10:16,130 INFO     ___FILE_ONLY___  
2024-10-07 11:10:16,130 INFO     ___FILE_ONLY___ 15.0
2024-10-07 11:10:16,130 INFO     ___FILE_ONLY___ 

2024-10-07 11:10:16,130 INFO     ___FILE_ONLY___   
2024-10-07 11:10:16,130 INFO     ___FILE_ONLY___ metric
2024-10-07 11:10:16,130 INFO     ___FILE_ONLY___ :
2024-10-07 11:10:16,130 INFO     ___FILE_ONLY___  
2024-10-07 11:10:16,130 INFO     ___FILE_ONLY___ INTERNAL_TRAFFIC_DIRECTOR_FORWARDING_RULES
2024-10-07 11:10:16,130 INFO     ___FILE_ONLY___ 

2024-10-07 11:10:16,130 INFO     ___FILE_ONLY___   
2024-10-07 11:10:16,130 INFO     ___FILE_ONLY___ usage
2024-10-07 11:10:16,130 INFO     ___FILE_ONLY___ :
2024-10-07 11:10:16,130 INFO     ___FILE_ONLY___  
2024-10-07 11:10:16,130 INFO     ___FILE_ONLY___ 0.0
2024-10-07 11:10:16,130 INFO     ___FILE_ONLY___ 

2024-10-07 11:10:16,130 INFO     ___FILE_ONLY___ -
2024-10-07 11:10:16,130 INFO     ___FILE_ONLY___  
2024-10-07 11:10:16,130 INFO     ___FILE_ONLY___ limit
2024-10-07 11:10:16,130 INFO     ___FILE_ONLY___ :
2024-10-07 11:10:16,130 INFO     ___FILE_ONLY___  
2024-10-07 11:10:16,130 INFO     ___FILE_ONLY___ 15.0
2024-10-07 11:10:16,130 INFO     ___FILE_ONLY___ 

2024-10-07 11:10:16,130 INFO     ___FILE_ONLY___   
2024-10-07 11:10:16,130 INFO     ___FILE_ONLY___ metric
2024-10-07 11:10:16,130 INFO     ___FILE_ONLY___ :
2024-10-07 11:10:16,130 INFO     ___FILE_ONLY___  
2024-10-07 11:10:16,130 INFO     ___FILE_ONLY___ GLOBAL_EXTERNAL_MANAGED_FORWARDING_RULES
2024-10-07 11:10:16,130 INFO     ___FILE_ONLY___ 

2024-10-07 11:10:16,130 INFO     ___FILE_ONLY___   
2024-10-07 11:10:16,130 INFO     ___FILE_ONLY___ usage
2024-10-07 11:10:16,130 INFO     ___FILE_ONLY___ :
2024-10-07 11:10:16,130 INFO     ___FILE_ONLY___  
2024-10-07 11:10:16,130 INFO     ___FILE_ONLY___ 0.0
2024-10-07 11:10:16,131 INFO     ___FILE_ONLY___ 

2024-10-07 11:10:16,131 INFO     ___FILE_ONLY___ -
2024-10-07 11:10:16,131 INFO     ___FILE_ONLY___  
2024-10-07 11:10:16,131 INFO     ___FILE_ONLY___ limit
2024-10-07 11:10:16,131 INFO     ___FILE_ONLY___ :
2024-10-07 11:10:16,131 INFO     ___FILE_ONLY___  
2024-10-07 11:10:16,131 INFO     ___FILE_ONLY___ 50.0
2024-10-07 11:10:16,131 INFO     ___FILE_ONLY___ 

2024-10-07 11:10:16,131 INFO     ___FILE_ONLY___   
2024-10-07 11:10:16,131 INFO     ___FILE_ONLY___ metric
2024-10-07 11:10:16,131 INFO     ___FILE_ONLY___ :
2024-10-07 11:10:16,131 INFO     ___FILE_ONLY___  
2024-10-07 11:10:16,131 INFO     ___FILE_ONLY___ GLOBAL_INTERNAL_MANAGED_BACKEND_SERVICES
2024-10-07 11:10:16,131 INFO     ___FILE_ONLY___ 

2024-10-07 11:10:16,131 INFO     ___FILE_ONLY___   
2024-10-07 11:10:16,131 INFO     ___FILE_ONLY___ usage
2024-10-07 11:10:16,131 INFO     ___FILE_ONLY___ :
2024-10-07 11:10:16,131 INFO     ___FILE_ONLY___  
2024-10-07 11:10:16,131 INFO     ___FILE_ONLY___ 0.0
2024-10-07 11:10:16,131 INFO     ___FILE_ONLY___ 

2024-10-07 11:10:16,131 INFO     ___FILE_ONLY___ -
2024-10-07 11:10:16,131 INFO     ___FILE_ONLY___  
2024-10-07 11:10:16,131 INFO     ___FILE_ONLY___ limit
2024-10-07 11:10:16,131 INFO     ___FILE_ONLY___ :
2024-10-07 11:10:16,131 INFO     ___FILE_ONLY___  
2024-10-07 11:10:16,131 INFO     ___FILE_ONLY___ 50.0
2024-10-07 11:10:16,131 INFO     ___FILE_ONLY___ 

2024-10-07 11:10:16,131 INFO     ___FILE_ONLY___   
2024-10-07 11:10:16,131 INFO     ___FILE_ONLY___ metric
2024-10-07 11:10:16,131 INFO     ___FILE_ONLY___ :
2024-10-07 11:10:16,131 INFO     ___FILE_ONLY___  
2024-10-07 11:10:16,131 INFO     ___FILE_ONLY___ GLOBAL_EXTERNAL_MANAGED_BACKEND_SERVICES
2024-10-07 11:10:16,131 INFO     ___FILE_ONLY___ 

2024-10-07 11:10:16,131 INFO     ___FILE_ONLY___   
2024-10-07 11:10:16,131 INFO     ___FILE_ONLY___ usage
2024-10-07 11:10:16,131 INFO     ___FILE_ONLY___ :
2024-10-07 11:10:16,131 INFO     ___FILE_ONLY___  
2024-10-07 11:10:16,131 INFO     ___FILE_ONLY___ 0.0
2024-10-07 11:10:16,132 INFO     ___FILE_ONLY___ 

2024-10-07 11:10:16,132 INFO     ___FILE_ONLY___ -
2024-10-07 11:10:16,132 INFO     ___FILE_ONLY___  
2024-10-07 11:10:16,132 INFO     ___FILE_ONLY___ limit
2024-10-07 11:10:16,132 INFO     ___FILE_ONLY___ :
2024-10-07 11:10:16,132 INFO     ___FILE_ONLY___  
2024-10-07 11:10:16,132 INFO     ___FILE_ONLY___ 50.0
2024-10-07 11:10:16,132 INFO     ___FILE_ONLY___ 

2024-10-07 11:10:16,132 INFO     ___FILE_ONLY___   
2024-10-07 11:10:16,132 INFO     ___FILE_ONLY___ metric
2024-10-07 11:10:16,132 INFO     ___FILE_ONLY___ :
2024-10-07 11:10:16,132 INFO     ___FILE_ONLY___  
2024-10-07 11:10:16,132 INFO     ___FILE_ONLY___ GLOBAL_EXTERNAL_PROXY_LB_BACKEND_SERVICES
2024-10-07 11:10:16,132 INFO     ___FILE_ONLY___ 

2024-10-07 11:10:16,132 INFO     ___FILE_ONLY___   
2024-10-07 11:10:16,132 INFO     ___FILE_ONLY___ usage
2024-10-07 11:10:16,132 INFO     ___FILE_ONLY___ :
2024-10-07 11:10:16,132 INFO     ___FILE_ONLY___  
2024-10-07 11:10:16,132 INFO     ___FILE_ONLY___ 0.0
2024-10-07 11:10:16,132 INFO     ___FILE_ONLY___ 

2024-10-07 11:10:16,132 INFO     ___FILE_ONLY___ -
2024-10-07 11:10:16,132 INFO     ___FILE_ONLY___  
2024-10-07 11:10:16,132 INFO     ___FILE_ONLY___ limit
2024-10-07 11:10:16,132 INFO     ___FILE_ONLY___ :
2024-10-07 11:10:16,132 INFO     ___FILE_ONLY___  
2024-10-07 11:10:16,132 INFO     ___FILE_ONLY___ 250.0
2024-10-07 11:10:16,132 INFO     ___FILE_ONLY___ 

2024-10-07 11:10:16,132 INFO     ___FILE_ONLY___   
2024-10-07 11:10:16,132 INFO     ___FILE_ONLY___ metric
2024-10-07 11:10:16,132 INFO     ___FILE_ONLY___ :
2024-10-07 11:10:16,132 INFO     ___FILE_ONLY___  
2024-10-07 11:10:16,132 INFO     ___FILE_ONLY___ GLOBAL_INTERNAL_TRAFFIC_DIRECTOR_BACKEND_SERVICES
2024-10-07 11:10:16,132 INFO     ___FILE_ONLY___ 

2024-10-07 11:10:16,132 INFO     ___FILE_ONLY___   
2024-10-07 11:10:16,132 INFO     ___FILE_ONLY___ usage
2024-10-07 11:10:16,132 INFO     ___FILE_ONLY___ :
2024-10-07 11:10:16,132 INFO     ___FILE_ONLY___  
2024-10-07 11:10:16,132 INFO     ___FILE_ONLY___ 0.0
2024-10-07 11:10:16,133 INFO     ___FILE_ONLY___ 

2024-10-07 11:10:16,133 INFO     ___FILE_ONLY___ selfLink
2024-10-07 11:10:16,133 INFO     ___FILE_ONLY___ :
2024-10-07 11:10:16,133 INFO     ___FILE_ONLY___  
2024-10-07 11:10:16,133 INFO     ___FILE_ONLY___ https://www.googleapis.com/compute/v1/projects/practica4-1234
2024-10-07 11:10:16,133 INFO     ___FILE_ONLY___ 

2024-10-07 11:10:16,133 INFO     ___FILE_ONLY___ vmDnsSetting
2024-10-07 11:10:16,133 INFO     ___FILE_ONLY___ :
2024-10-07 11:10:16,133 INFO     ___FILE_ONLY___  
2024-10-07 11:10:16,133 INFO     ___FILE_ONLY___ ZONAL_ONLY
2024-10-07 11:10:16,133 INFO     ___FILE_ONLY___ 

2024-10-07 11:10:16,133 INFO     ___FILE_ONLY___ xpnProjectStatus
2024-10-07 11:10:16,133 INFO     ___FILE_ONLY___ :
2024-10-07 11:10:16,133 INFO     ___FILE_ONLY___  
2024-10-07 11:10:16,133 INFO     ___FILE_ONLY___ UNSPECIFIED_XPN_PROJECT_STATUS
2024-10-07 11:10:16,133 INFO     ___FILE_ONLY___ 

2024-10-07 11:10:16,133 DEBUG    root            SDK update checks are disabled.
