2024-10-30 10:36:04,051 DEBUG    root            Loaded Command Group: ['gcloud', 'container', 'clusters']
2024-10-30 10:36:04,062 DEBUG    root            Loaded Command Group: ['gcloud', 'container', 'clusters', 'update']
2024-10-30 10:36:04,099 DEBUG    root            Running [gcloud.container.clusters.update] with arguments: [--enable-autoscaling: "True", --max-nodes: "5", --min-nodes: "1", NAME: "scaling-demo"]
2024-10-30 10:36:04,101 DEBUG    urllib3.connectionpool Starting new HTTPS connection (1): container.googleapis.com:443
2024-10-30 10:36:04,356 DEBUG    urllib3.connectionpool https://container.googleapis.com:443 "GET /v1/projects/practica5-1234/locations/europe-west1-b/clusters/scaling-demo?alt=json HTTP/1.1" 200 None
2024-10-30 10:36:04,364 DEBUG    urllib3.connectionpool Starting new HTTPS connection (1): container.googleapis.com:443
2024-10-30 10:36:04,869 DEBUG    urllib3.connectionpool https://container.googleapis.com:443 "PUT /v1/projects/practica5-1234/locations/europe-west1-b/clusters/scaling-demo?alt=json HTTP/1.1" 200 None
2024-10-30 10:36:04,875 INFO     ___FILE_ONLY___ Updating scaling-demo...
2024-10-30 10:36:04,876 DEBUG    urllib3.connectionpool Starting new HTTPS connection (1): container.googleapis.com:443
2024-10-30 10:36:04,987 DEBUG    urllib3.connectionpool https://container.googleapis.com:443 "GET /v1/projects/practica5-1234/locations/europe-west1-b/operations/operation-1730280964640-e60c066f-8d2a-40df-95b6-b6f85f22cd73?alt=json HTTP/1.1" 200 None
2024-10-30 10:36:09,995 DEBUG    urllib3.connectionpool Starting new HTTPS connection (1): container.googleapis.com:443
2024-10-30 10:36:10,296 DEBUG    urllib3.connectionpool https://container.googleapis.com:443 "GET /v1/projects/practica5-1234/locations/europe-west1-b/operations/operation-1730280964640-e60c066f-8d2a-40df-95b6-b6f85f22cd73?alt=json HTTP/1.1" 200 None
2024-10-30 10:36:10,301 INFO     root            Operation <Operation
 clusterConditions: []
 endTime: '2024-10-30T09:36:08.083711251Z'
 name: 'operation-1730280964640-e60c066f-8d2a-40df-95b6-b6f85f22cd73'
 nodepoolConditions: []
 operationType: OperationTypeValueValuesEnum(UPDATE_CLUSTER, 6)
 progress: <OperationProgress
 metrics: [<Metric
 intValue: 3
 name: 'NODES_TOTAL'>]
 stages: []>
 selfLink: 'https://container.googleapis.com/v1/projects/453953318241/zones/europe-west1-b/operations/operation-1730280964640-e60c066f-8d2a-40df-95b6-b6f85f22cd73'
 startTime: '2024-10-30T09:36:04.640544808Z'
 status: StatusValueValuesEnum(DONE, 3)
 targetLink: 'https://container.googleapis.com/v1/projects/453953318241/zones/europe-west1-b/clusters/scaling-demo/nodePools/default-pool'
 zone: 'europe-west1-b'> finished after 5.43 seconds
2024-10-30 10:36:10,489 INFO     ___FILE_ONLY___ Updated [https://container.googleapis.com/v1/projects/practica5-1234/zones/europe-west1-b/clusters/scaling-demo].

2024-10-30 10:36:10,490 INFO     ___FILE_ONLY___ To inspect the contents of your cluster, go to: https://console.cloud.google.com/kubernetes/workload_/gcloud/europe-west1-b/scaling-demo?project=practica5-1234

2024-10-30 10:36:10,490 DEBUG    root            Chosen display Format:none
2024-10-30 10:36:10,490 INFO     root            Display format: "none"
2024-10-30 10:36:10,491 DEBUG    root            SDK update checks are disabled.
