2024-10-30 11:22:50,864 DEBUG    root            Loaded Command Group: ['gcloud', 'auth']
2024-10-30 11:22:50,876 DEBUG    root            Loaded Command Group: ['gcloud', 'auth', 'login']
2024-10-30 11:22:50,877 DEBUG    root            Running [gcloud.auth.login] with arguments: []
2024-10-30 11:22:52,313 DEBUG    requests_oauthlib.oauth2_session Generated new state sbt8cljF6GJ7WK7bs8lhj11KyWKLkB.
2024-10-30 11:22:52,428 INFO     ___FILE_ONLY___ Your browser has been opened to visit:

    https://accounts.google.com/o/oauth2/auth?response_type=code&client_id=32555940559.apps.googleusercontent.com&redirect_uri=http%3A%2F%2Flocalhost%3A8085%2F&scope=openid+https%3A%2F%2Fwww.googleapis.com%2Fauth%2Fuserinfo.email+https%3A%2F%2Fwww.googleapis.com%2Fauth%2Fcloud-platform+https%3A%2F%2Fwww.googleapis.com%2Fauth%2Fappengine.admin+https%3A%2F%2Fwww.googleapis.com%2Fauth%2Fsqlservice.login+https%3A%2F%2Fwww.googleapis.com%2Fauth%2Fcompute+https%3A%2F%2Fwww.googleapis.com%2Fauth%2Faccounts.reauth&state=sbt8cljF6GJ7WK7bs8lhj11KyWKLkB&access_type=offline&code_challenge=2leN57XY07mTin1_KKWB2YP6sX4QD97me4rN6M-voL8&code_challenge_method=S256


2024-10-30 11:25:32,298 INFO     google_auth_oauthlib.flow "GET /?state=sbt8cljF6GJ7WK7bs8lhj11KyWKLkB&code=4/0AVG7fiRb21XjP-cQi5wa083XH_AtWXYTNhRu17-aOpndVmTSSWWKqSkkTNtuZ-9ADYYitA&scope=email%20openid%20https://www.googleapis.com/auth/userinfo.email%20https://www.googleapis.com/auth/cloud-platform%20https://www.googleapis.com/auth/appengine.admin%20https://www.googleapis.com/auth/sqlservice.login%20https://www.googleapis.com/auth/compute%20https://www.googleapis.com/auth/accounts.reauth&authuser=0&prompt=consent HTTP/1.1" 200 959
2024-10-30 11:25:32,299 DEBUG    requests_oauthlib.oauth2_session Requesting url https://oauth2.googleapis.com/token using method POST.
2024-10-30 11:25:32,299 DEBUG    requests_oauthlib.oauth2_session Supplying headers {b'Accept': b'application/json', b'Content-Type': b'application/x-www-form-urlencoded;charset=UTF-8', b'user-agent': b'google-cloud-sdk gcloud/498.0.0 command/gcloud.auth.login invocation-id/276f65b0daf5494ea788606a9c6b7211 environment/None environment-version/None client-os/LINUX client-os-ver/6.8.0 client-pltf-arch/x86_64 interactive/True from-script/False python/3.11.9 term/xterm-256color (Linux 6.8.0-47-generic)'} and data {'grant_type': 'authorization_code', 'client_id': '32555940559.apps.googleusercontent.com', 'client_secret': 'ZmssLNjJy2998hD4CTg2ejr2', 'code': '4/0AVG7fiRb21XjP-cQi5wa083XH_AtWXYTNhRu17-aOpndVmTSSWWKqSkkTNtuZ-9ADYYitA', 'redirect_uri': 'http://localhost:8085/', 'code_verifier': 'RASrNcB3qBHPP.gCz1pBkbXw4-y8JwECowQBFc.8bMwWCFf-YlICM2MeJtTlK21aqvCt46hqHm.K2vJj5Ww5J0q5DZ41R6aqMIarXV-ri9mskfMzwaGxecMtx0c-VnR7'}
2024-10-30 11:25:32,299 DEBUG    requests_oauthlib.oauth2_session Passing through key word arguments {'json': None, 'timeout': None, 'auth': None, 'verify': None, 'proxies': None}.
2024-10-30 11:25:32,300 DEBUG    urllib3.connectionpool Starting new HTTPS connection (1): oauth2.googleapis.com:443
2024-10-30 11:25:32,440 DEBUG    urllib3.connectionpool https://oauth2.googleapis.com:443 "POST /token HTTP/1.1" 200 None
2024-10-30 11:25:32,440 DEBUG    requests_oauthlib.oauth2_session Prepared fetch token request body grant_type=authorization_code&client_id=32555940559.apps.googleusercontent.com&client_secret=ZmssLNjJy2998hD4CTg2ejr2&code=4%2F0AVG7fiRb21XjP-cQi5wa083XH_AtWXYTNhRu17-aOpndVmTSSWWKqSkkTNtuZ-9ADYYitA&redirect_uri=http%3A%2F%2Flocalhost%3A8085%2F&code_verifier=RASrNcB3qBHPP.gCz1pBkbXw4-y8JwECowQBFc.8bMwWCFf-YlICM2MeJtTlK21aqvCt46hqHm.K2vJj5Ww5J0q5DZ41R6aqMIarXV-ri9mskfMzwaGxecMtx0c-VnR7
2024-10-30 11:25:32,440 DEBUG    requests_oauthlib.oauth2_session Request to fetch token completed with status 200.
2024-10-30 11:25:32,441 DEBUG    requests_oauthlib.oauth2_session Request headers were {'user-agent': b'google-cloud-sdk gcloud/498.0.0 command/gcloud.auth.login invocation-id/276f65b0daf5494ea788606a9c6b7211 environment/None environment-version/None client-os/LINUX client-os-ver/6.8.0 client-pltf-arch/x86_64 interactive/True from-script/False python/3.11.9 term/xterm-256color (Linux 6.8.0-47-generic)', 'Accept-Encoding': 'gzip, deflate', 'Accept': b'application/json', 'Connection': 'keep-alive', 'Content-Type': b'application/x-www-form-urlencoded;charset=UTF-8', 'Content-Length': '387'}
2024-10-30 11:25:32,441 DEBUG    requests_oauthlib.oauth2_session Request body was grant_type=authorization_code&client_id=32555940559.apps.googleusercontent.com&client_secret=ZmssLNjJy2998hD4CTg2ejr2&code=4%2F0AVG7fiRb21XjP-cQi5wa083XH_AtWXYTNhRu17-aOpndVmTSSWWKqSkkTNtuZ-9ADYYitA&redirect_uri=http%3A%2F%2Flocalhost%3A8085%2F&code_verifier=RASrNcB3qBHPP.gCz1pBkbXw4-y8JwECowQBFc.8bMwWCFf-YlICM2MeJtTlK21aqvCt46hqHm.K2vJj5Ww5J0q5DZ41R6aqMIarXV-ri9mskfMzwaGxecMtx0c-VnR7
2024-10-30 11:25:32,441 DEBUG    requests_oauthlib.oauth2_session Response headers were {'Pragma': 'no-cache', 'Cache-Control': 'no-cache, no-store, max-age=0, must-revalidate', 'Date': 'Wed, 30 Oct 2024 10:25:32 GMT', 'Expires': 'Mon, 01 Jan 1990 00:00:00 GMT', 'Content-Type': 'application/json; charset=utf-8', 'Vary': 'Origin, X-Origin, Referer', 'Content-Encoding': 'gzip', 'Server': 'scaffolding on HTTPServer2', 'X-XSS-Protection': '0', 'X-Frame-Options': 'SAMEORIGIN', 'X-Content-Type-Options': 'nosniff', 'Alt-Svc': 'h3=":443"; ma=2592000,h3-29=":443"; ma=2592000', 'Transfer-Encoding': 'chunked'} and content {
  "access_token": "ya29.a0AeDClZCSL5kT-L9Hg0SH7SmiYpUWU2idpc6lQSfI0kZTCafQYQmpxdJaWBpGQW0j5fH1Y6uh9w4QeiTkj-ZaY4Mv2R39z-a5g4UYe7O5OZ41UZSpo62t-9nlkCRiZH1jVe0ftCX5ducqUlRLEEAgIFh3q2Vr99OjNV0ad7XMWovkFgaCgYKAUsSARISFQHGX2MiPOgjMOeeChmvWtk2mBugQQ0181",
  "expires_in": 3599,
  "refresh_token": "1//03hskaUXDQp-NCgYIARAAGAMSNwF-L9IrCoOIdJVdLdyvLzb2r8_T1nXTIpfY9wwptrPlEhAKpkVOw3crcZulhSaaQi1jwl37v9Q",
  "scope": "https://www.googleapis.com/auth/userinfo.email https://www.googleapis.com/auth/accounts.reauth https://www.googleapis.com/auth/appengine.admin https://www.googleapis.com/auth/compute https://www.googleapis.com/auth/sqlservice.login https://www.googleapis.com/auth/cloud-platform openid",
  "token_type": "Bearer",
  "id_token": "eyJhbGciOiJSUzI1NiIsImtpZCI6ImM4OGQ4MDlmNGRiOTQzZGY1M2RhN2FjY2ZkNDc3NjRkMDViYTM5MWYiLCJ0eXAiOiJKV1QifQ.eyJpc3MiOiJodHRwczovL2FjY291bnRzLmdvb2dsZS5jb20iLCJhenAiOiIzMjU1NTk0MDU1OS5hcHBzLmdvb2dsZXVzZXJjb250ZW50LmNvbSIsImF1ZCI6IjMyNTU1OTQwNTU5LmFwcHMuZ29vZ2xldXNlcmNvbnRlbnQuY29tIiwic3ViIjoiMTExOTExMDA5MTcwOTYxOTU4NjUzIiwiZW1haWwiOiJqZGlhemRlcmFiYWdvQGdtYWlsLmNvbSIsImVtYWlsX3ZlcmlmaWVkIjp0cnVlLCJhdF9oYXNoIjoidGFsV2lSQ0t5LTJjX0tPeDNVaG1aQSIsImlhdCI6MTczMDI4MzkzMiwiZXhwIjoxNzMwMjg3NTMyfQ.UD2KaPdOXg-XJv-SCbFmBmHqYuL1eM4Yludf0JEEa8CqTaa9iWm4wfdW7lP1W_62BiHnBNMAlJ8ElzAIxYzxKs1kH8aW9MRAEO6zeSYDm261i2u0y4H4EGUUNrl6KVn0ii7STkHDxLrVZxIxytN2_eN6D4w-gmirzBagS9HQ5hb_24q1larO7SAhDXkLklUahgfTwY17FAVtfQyaauW4EE6cm4kdS2VLhKXP0yD0FHoGPWFpOpH5Y-STv4pRi7JEmXvMcJHUfgqQgl6c8YuAE-OvnCKdDwbWT-Cu20jq1lNLAMbvOg9OXtFEeIQZz3hbCTIOCKl7VkJcS2BcqtDgNw"
}.
2024-10-30 11:25:32,441 DEBUG    requests_oauthlib.oauth2_session Invoking 0 token response hooks.
2024-10-30 11:25:32,441 DEBUG    requests_oauthlib.oauth2_session Obtained token {'access_token': 'ya29.a0AeDClZCSL5kT-L9Hg0SH7SmiYpUWU2idpc6lQSfI0kZTCafQYQmpxdJaWBpGQW0j5fH1Y6uh9w4QeiTkj-ZaY4Mv2R39z-a5g4UYe7O5OZ41UZSpo62t-9nlkCRiZH1jVe0ftCX5ducqUlRLEEAgIFh3q2Vr99OjNV0ad7XMWovkFgaCgYKAUsSARISFQHGX2MiPOgjMOeeChmvWtk2mBugQQ0181', 'expires_in': 3599, 'refresh_token': '1//03hskaUXDQp-NCgYIARAAGAMSNwF-L9IrCoOIdJVdLdyvLzb2r8_T1nXTIpfY9wwptrPlEhAKpkVOw3crcZulhSaaQi1jwl37v9Q', 'scope': ['https://www.googleapis.com/auth/userinfo.email', 'https://www.googleapis.com/auth/accounts.reauth', 'https://www.googleapis.com/auth/appengine.admin', 'https://www.googleapis.com/auth/compute', 'https://www.googleapis.com/auth/sqlservice.login', 'https://www.googleapis.com/auth/cloud-platform', 'openid'], 'token_type': 'Bearer', 'id_token': 'eyJhbGciOiJSUzI1NiIsImtpZCI6ImM4OGQ4MDlmNGRiOTQzZGY1M2RhN2FjY2ZkNDc3NjRkMDViYTM5MWYiLCJ0eXAiOiJKV1QifQ.eyJpc3MiOiJodHRwczovL2FjY291bnRzLmdvb2dsZS5jb20iLCJhenAiOiIzMjU1NTk0MDU1OS5hcHBzLmdvb2dsZXVzZXJjb250ZW50LmNvbSIsImF1ZCI6IjMyNTU1OTQwNTU5LmFwcHMuZ29vZ2xldXNlcmNvbnRlbnQuY29tIiwic3ViIjoiMTExOTExMDA5MTcwOTYxOTU4NjUzIiwiZW1haWwiOiJqZGlhemRlcmFiYWdvQGdtYWlsLmNvbSIsImVtYWlsX3ZlcmlmaWVkIjp0cnVlLCJhdF9oYXNoIjoidGFsV2lSQ0t5LTJjX0tPeDNVaG1aQSIsImlhdCI6MTczMDI4MzkzMiwiZXhwIjoxNzMwMjg3NTMyfQ.UD2KaPdOXg-XJv-SCbFmBmHqYuL1eM4Yludf0JEEa8CqTaa9iWm4wfdW7lP1W_62BiHnBNMAlJ8ElzAIxYzxKs1kH8aW9MRAEO6zeSYDm261i2u0y4H4EGUUNrl6KVn0ii7STkHDxLrVZxIxytN2_eN6D4w-gmirzBagS9HQ5hb_24q1larO7SAhDXkLklUahgfTwY17FAVtfQyaauW4EE6cm4kdS2VLhKXP0yD0FHoGPWFpOpH5Y-STv4pRi7JEmXvMcJHUfgqQgl6c8YuAE-OvnCKdDwbWT-Cu20jq1lNLAMbvOg9OXtFEeIQZz3hbCTIOCKl7VkJcS2BcqtDgNw', 'expires_at': 1730287531.4412134}.
2024-10-30 11:25:32,468 INFO     ___FILE_ONLY___ 
You are now logged in as [jdiazderabago@gmail.com].
Your current project is [practica5-1234].  You can change this setting by running:
  $ gcloud config set project PROJECT_ID

2024-10-30 11:25:32,468 DEBUG    root            Chosen display Format:none
2024-10-30 11:25:32,468 INFO     root            Display format: "none"
2024-10-30 11:25:32,479 DEBUG    root            SDK update checks are disabled.
