2024-10-30 13:43:36,244 DEBUG    root            Loaded Command Group: ['gcloud', 'auth']
2024-10-30 13:43:36,244 DEBUG    root            Loaded Command Group: ['gcloud', 'auth', 'application_default']
2024-10-30 13:43:36,255 DEBUG    root            Loaded Command Group: ['gcloud', 'auth', 'application-default', 'login']
2024-10-30 13:43:36,256 DEBUG    root            Running [gcloud.auth.application-default.login] with arguments: []
2024-10-30 13:43:36,410 DEBUG    requests_oauthlib.oauth2_session Generated new state iVuRX3sLBKxxLHFTUOvMG29uvxnkaB.
2024-10-30 13:43:36,524 INFO     ___FILE_ONLY___ Your browser has been opened to visit:

    https://accounts.google.com/o/oauth2/auth?response_type=code&client_id=764086051850-6qr4p6gpi6hn506pt8ejuq83di341hur.apps.googleusercontent.com&redirect_uri=http%3A%2F%2Flocalhost%3A8085%2F&scope=openid+https%3A%2F%2Fwww.googleapis.com%2Fauth%2Fuserinfo.email+https%3A%2F%2Fwww.googleapis.com%2Fauth%2Fcloud-platform+https%3A%2F%2Fwww.googleapis.com%2Fauth%2Fsqlservice.login&state=iVuRX3sLBKxxLHFTUOvMG29uvxnkaB&access_type=offline&code_challenge=7RpjpM9DU6sgeegkRcTo8_tnNeGGyP49xAJ4u7r2acM&code_challenge_method=S256


2024-10-30 13:43:54,428 INFO     google_auth_oauthlib.flow "GET /?state=iVuRX3sLBKxxLHFTUOvMG29uvxnkaB&code=4/0AVG7fiSQEcdLFQ_pXUZQ3QgWlYBuoRjOtayAR_pB9fv-snuj1JjhVSYeZpogrBVXUJvb0w&scope=email%20openid%20https://www.googleapis.com/auth/userinfo.email%20https://www.googleapis.com/auth/cloud-platform%20https://www.googleapis.com/auth/sqlservice.login&authuser=0&prompt=consent HTTP/1.1" 200 959
2024-10-30 13:43:54,428 DEBUG    requests_oauthlib.oauth2_session Requesting url https://oauth2.googleapis.com/token using method POST.
2024-10-30 13:43:54,428 DEBUG    requests_oauthlib.oauth2_session Supplying headers {b'Accept': b'application/json', b'Content-Type': b'application/x-www-form-urlencoded;charset=UTF-8', b'user-agent': b'google-cloud-sdk gcloud/498.0.0 command/gcloud.auth.application-default.login invocation-id/5d5c6cdf3ede4780882c41b06768c42f environment/None environment-version/None client-os/LINUX client-os-ver/6.8.0 client-pltf-arch/x86_64 interactive/True from-script/True python/3.11.9 term/xterm-256color (Linux 6.8.0-47-generic)'} and data {'grant_type': 'authorization_code', 'client_id': '764086051850-6qr4p6gpi6hn506pt8ejuq83di341hur.apps.googleusercontent.com', 'client_secret': 'd-FL95Q19q7MQmFpd7hHD0Ty', 'code': '4/0AVG7fiSQEcdLFQ_pXUZQ3QgWlYBuoRjOtayAR_pB9fv-snuj1JjhVSYeZpogrBVXUJvb0w', 'redirect_uri': 'http://localhost:8085/', 'code_verifier': '2MUarqt1RGWFyCclzYhNIXb7tw0g4n6hznfQExCxYtz3qMsQV8ceSPseLLRDx6-qEvRJYAR~We5MiJpaN2Y1dUx.et1UD9WetE61AbTfr-3m8aBKNjY2D~vpZbhpmIn5'}
2024-10-30 13:43:54,428 DEBUG    requests_oauthlib.oauth2_session Passing through key word arguments {'json': None, 'timeout': None, 'auth': None, 'verify': None, 'proxies': None}.
2024-10-30 13:43:54,429 DEBUG    urllib3.connectionpool Starting new HTTPS connection (1): oauth2.googleapis.com:443
2024-10-30 13:43:54,596 DEBUG    urllib3.connectionpool https://oauth2.googleapis.com:443 "POST /token HTTP/1.1" 200 None
2024-10-30 13:43:54,596 DEBUG    requests_oauthlib.oauth2_session Prepared fetch token request body grant_type=authorization_code&client_id=764086051850-6qr4p6gpi6hn506pt8ejuq83di341hur.apps.googleusercontent.com&client_secret=d-FL95Q19q7MQmFpd7hHD0Ty&code=4%2F0AVG7fiSQEcdLFQ_pXUZQ3QgWlYBuoRjOtayAR_pB9fv-snuj1JjhVSYeZpogrBVXUJvb0w&redirect_uri=http%3A%2F%2Flocalhost%3A8085%2F&code_verifier=2MUarqt1RGWFyCclzYhNIXb7tw0g4n6hznfQExCxYtz3qMsQV8ceSPseLLRDx6-qEvRJYAR~We5MiJpaN2Y1dUx.et1UD9WetE61AbTfr-3m8aBKNjY2D~vpZbhpmIn5
2024-10-30 13:43:54,596 DEBUG    requests_oauthlib.oauth2_session Request to fetch token completed with status 200.
2024-10-30 13:43:54,596 DEBUG    requests_oauthlib.oauth2_session Request headers were {'user-agent': b'google-cloud-sdk gcloud/498.0.0 command/gcloud.auth.application-default.login invocation-id/5d5c6cdf3ede4780882c41b06768c42f environment/None environment-version/None client-os/LINUX client-os-ver/6.8.0 client-pltf-arch/x86_64 interactive/True from-script/True python/3.11.9 term/xterm-256color (Linux 6.8.0-47-generic)', 'Accept-Encoding': 'gzip, deflate', 'Accept': b'application/json', 'Connection': 'keep-alive', 'Content-Type': b'application/x-www-form-urlencoded;charset=UTF-8', 'Content-Length': '421'}
2024-10-30 13:43:54,596 DEBUG    requests_oauthlib.oauth2_session Request body was grant_type=authorization_code&client_id=764086051850-6qr4p6gpi6hn506pt8ejuq83di341hur.apps.googleusercontent.com&client_secret=d-FL95Q19q7MQmFpd7hHD0Ty&code=4%2F0AVG7fiSQEcdLFQ_pXUZQ3QgWlYBuoRjOtayAR_pB9fv-snuj1JjhVSYeZpogrBVXUJvb0w&redirect_uri=http%3A%2F%2Flocalhost%3A8085%2F&code_verifier=2MUarqt1RGWFyCclzYhNIXb7tw0g4n6hznfQExCxYtz3qMsQV8ceSPseLLRDx6-qEvRJYAR~We5MiJpaN2Y1dUx.et1UD9WetE61AbTfr-3m8aBKNjY2D~vpZbhpmIn5
2024-10-30 13:43:54,596 DEBUG    requests_oauthlib.oauth2_session Response headers were {'Date': 'Wed, 30 Oct 2024 12:43:54 GMT', 'Cache-Control': 'no-cache, no-store, max-age=0, must-revalidate', 'Expires': 'Mon, 01 Jan 1990 00:00:00 GMT', 'Pragma': 'no-cache', 'Content-Type': 'application/json; charset=utf-8', 'Vary': 'Origin, X-Origin, Referer', 'Content-Encoding': 'gzip', 'Server': 'scaffolding on HTTPServer2', 'X-XSS-Protection': '0', 'X-Frame-Options': 'SAMEORIGIN', 'X-Content-Type-Options': 'nosniff', 'Alt-Svc': 'h3=":443"; ma=2592000,h3-29=":443"; ma=2592000', 'Transfer-Encoding': 'chunked'} and content {
  "access_token": "ya29.a0AeDClZDGcjID99BcbKZSdKo02ym0Yb83JebH5wowlyqyIWsAM7MfDhymsW8Ytc8VKe1zbDp62rPorpHr9jBlucG8BhvtgtMyyVS8_n07r_XtBzkNKbIG31G7EhOnZeSKZFmK_wmzaLkUIV7iYoDpV7DKjCg8nHoe-Hx94MRyaCgYKAX4SARISFQHGX2Mi_aMwQva0Krvi41ALDs-TNA0175",
  "expires_in": 3599,
  "refresh_token": "1//03LbwgFen9msYCgYIARAAGAMSNwF-L9IrUCINzn_xpBdJXFCVJtDKTK9o3kHKvE5bdaJqKRPVtxsZjo3iqJsYp6g4AbkZr6MsJx4",
  "scope": "openid https://www.googleapis.com/auth/sqlservice.login https://www.googleapis.com/auth/cloud-platform https://www.googleapis.com/auth/userinfo.email",
  "token_type": "Bearer",
  "id_token": "eyJhbGciOiJSUzI1NiIsImtpZCI6ImM4OGQ4MDlmNGRiOTQzZGY1M2RhN2FjY2ZkNDc3NjRkMDViYTM5MWYiLCJ0eXAiOiJKV1QifQ.eyJpc3MiOiJodHRwczovL2FjY291bnRzLmdvb2dsZS5jb20iLCJhenAiOiI3NjQwODYwNTE4NTAtNnFyNHA2Z3BpNmhuNTA2cHQ4ZWp1cTgzZGkzNDFodXIuYXBwcy5nb29nbGV1c2VyY29udGVudC5jb20iLCJhdWQiOiI3NjQwODYwNTE4NTAtNnFyNHA2Z3BpNmhuNTA2cHQ4ZWp1cTgzZGkzNDFodXIuYXBwcy5nb29nbGV1c2VyY29udGVudC5jb20iLCJzdWIiOiIxMTE5MTEwMDkxNzA5NjE5NTg2NTMiLCJlbWFpbCI6ImpkaWF6ZGVyYWJhZ29AZ21haWwuY29tIiwiZW1haWxfdmVyaWZpZWQiOnRydWUsImF0X2hhc2giOiJodmdUU0lRV0pzZzU2djNZQzVzU0ZRIiwiaWF0IjoxNzMwMjkyMjM0LCJleHAiOjE3MzAyOTU4MzR9.PHnrmOdQq-nQAIMYaR0a3kF1j0zvYhjhwFLhC129I5-1lj7SOaSLIRlb1C1pzAi1bgPEDlu-ZrxJ1ihEv8tud1Y7yLZCh0OIxeIWNB9tEHG9y2vBDt76np1535HWm9w3A8GlLWhgri8QXZYA8_lu46GnNXjE3v0FrjQ1U7tL3Iy-I2-ZDGkihaXxhK9wteAs-8x6fgh6alrbfAovyaSP_t4DZZ9vwLZxEjJDXpa4gQlIR2KJ0NrDrfn1qZUZhpqa8gTw3eJQ0V60Gxi-d5l1ILrBk0e40hXJ1tACl0T6t0e9tTfkPcHsYR8AieH4KKec5jtqHfWXZIVmAku35U3DSQ"
}.
2024-10-30 13:43:54,596 DEBUG    requests_oauthlib.oauth2_session Invoking 0 token response hooks.
2024-10-30 13:43:54,596 DEBUG    requests_oauthlib.oauth2_session Obtained token {'access_token': 'ya29.a0AeDClZDGcjID99BcbKZSdKo02ym0Yb83JebH5wowlyqyIWsAM7MfDhymsW8Ytc8VKe1zbDp62rPorpHr9jBlucG8BhvtgtMyyVS8_n07r_XtBzkNKbIG31G7EhOnZeSKZFmK_wmzaLkUIV7iYoDpV7DKjCg8nHoe-Hx94MRyaCgYKAX4SARISFQHGX2Mi_aMwQva0Krvi41ALDs-TNA0175', 'expires_in': 3599, 'refresh_token': '1//03LbwgFen9msYCgYIARAAGAMSNwF-L9IrUCINzn_xpBdJXFCVJtDKTK9o3kHKvE5bdaJqKRPVtxsZjo3iqJsYp6g4AbkZr6MsJx4', 'scope': ['openid', 'https://www.googleapis.com/auth/sqlservice.login', 'https://www.googleapis.com/auth/cloud-platform', 'https://www.googleapis.com/auth/userinfo.email'], 'token_type': 'Bearer', 'id_token': 'eyJhbGciOiJSUzI1NiIsImtpZCI6ImM4OGQ4MDlmNGRiOTQzZGY1M2RhN2FjY2ZkNDc3NjRkMDViYTM5MWYiLCJ0eXAiOiJKV1QifQ.eyJpc3MiOiJodHRwczovL2FjY291bnRzLmdvb2dsZS5jb20iLCJhenAiOiI3NjQwODYwNTE4NTAtNnFyNHA2Z3BpNmhuNTA2cHQ4ZWp1cTgzZGkzNDFodXIuYXBwcy5nb29nbGV1c2VyY29udGVudC5jb20iLCJhdWQiOiI3NjQwODYwNTE4NTAtNnFyNHA2Z3BpNmhuNTA2cHQ4ZWp1cTgzZGkzNDFodXIuYXBwcy5nb29nbGV1c2VyY29udGVudC5jb20iLCJzdWIiOiIxMTE5MTEwMDkxNzA5NjE5NTg2NTMiLCJlbWFpbCI6ImpkaWF6ZGVyYWJhZ29AZ21haWwuY29tIiwiZW1haWxfdmVyaWZpZWQiOnRydWUsImF0X2hhc2giOiJodmdUU0lRV0pzZzU2djNZQzVzU0ZRIiwiaWF0IjoxNzMwMjkyMjM0LCJleHAiOjE3MzAyOTU4MzR9.PHnrmOdQq-nQAIMYaR0a3kF1j0zvYhjhwFLhC129I5-1lj7SOaSLIRlb1C1pzAi1bgPEDlu-ZrxJ1ihEv8tud1Y7yLZCh0OIxeIWNB9tEHG9y2vBDt76np1535HWm9w3A8GlLWhgri8QXZYA8_lu46GnNXjE3v0FrjQ1U7tL3Iy-I2-ZDGkihaXxhK9wteAs-8x6fgh6alrbfAovyaSP_t4DZZ9vwLZxEjJDXpa4gQlIR2KJ0NrDrfn1qZUZhpqa8gTw3eJQ0V60Gxi-d5l1ILrBk0e40hXJ1tACl0T6t0e9tTfkPcHsYR8AieH4KKec5jtqHfWXZIVmAku35U3DSQ', 'expires_at': 1730295833.5968735}.
2024-10-30 13:43:54,599 INFO     ___FILE_ONLY___ 
Credentials saved to file: [/home/javierdrp/.config/gcloud/application_default_credentials.json]

2024-10-30 13:43:54,599 INFO     ___FILE_ONLY___ 
These credentials will be used by any library that requests Application Default Credentials (ADC).

2024-10-30 13:43:54,601 INFO     root            Using alternate credentials from file: [/home/javierdrp/.config/gcloud/application_default_credentials.json]
2024-10-30 13:43:54,604 DEBUG    google.auth.transport.requests Making request: POST https://oauth2.googleapis.com/token
2024-10-30 13:43:54,605 DEBUG    urllib3.connectionpool Starting new HTTPS connection (1): oauth2.googleapis.com:443
2024-10-30 13:43:54,726 DEBUG    urllib3.connectionpool https://oauth2.googleapis.com:443 "POST /token HTTP/1.1" 200 None
2024-10-30 13:43:54,747 INFO     root            Using alternate credentials from file: [/home/javierdrp/.config/gcloud/application_default_credentials.json]
2024-10-30 13:43:54,753 DEBUG    urllib3.connectionpool Starting new HTTPS connection (1): cloudresourcemanager.googleapis.com:443
2024-10-30 13:43:55,623 DEBUG    urllib3.connectionpool https://cloudresourcemanager.googleapis.com:443 "POST /v1/projects/proyectotest-1:testIamPermissions?alt=json HTTP/1.1" 200 None
2024-10-30 13:43:55,624 INFO     ___FILE_ONLY___ 
Quota project "proyectotest-1" was added to ADC which can be used by Google client libraries for billing and quota. Note that some services may still bill the project owning the resource.

2024-10-30 13:43:55,625 DEBUG    root            Chosen display Format:none
2024-10-30 13:43:55,625 INFO     root            Display format: "none"
2024-10-30 13:43:55,632 DEBUG    root            SDK update checks are disabled.
