2024-10-30 13:46:20,023 DEBUG    root            Loaded Command Group: ['gcloud', 'functions']
2024-10-30 13:46:20,157 DEBUG    root            Loaded Command Group: ['gcloud', 'functions', 'deploy']
2024-10-30 13:46:20,167 DEBUG    root            Running [gcloud.functions.deploy] with arguments: [--docker-registry: "artifact-registry", --entry-point: "ingest_transaction", --memory: "512MB", --no-gen2: "false", --runtime: "python38", --timeout: "60", --trigger-event: "google.storage.object.finalize", --trigger-resource: "asr-cloud-test-01", NAME: "ingester-transactions"]
2024-10-30 13:46:20,177 DEBUG    urllib3.connectionpool Starting new HTTPS connection (1): cloudfunctions.googleapis.com:443
2024-10-30 13:46:20,519 DEBUG    urllib3.connectionpool https://cloudfunctions.googleapis.com:443 "GET /v1/projects/proyectotest-1/locations/us-central1/functions/ingester-transactions?alt=json HTTP/1.1" 404 None
2024-10-30 13:46:20,529 DEBUG    urllib3.connectionpool Starting new HTTPS connection (1): cloudfunctions.googleapis.com:443
2024-10-30 13:46:21,953 DEBUG    urllib3.connectionpool https://cloudfunctions.googleapis.com:443 "GET /v2/projects/proyectotest-1/locations/us-central1/runtimes?alt=json&filter=name%3Dpython38+AND+environment%3DGEN_1 HTTP/1.1" 200 None
2024-10-30 13:46:21,958 WARNING  root            Python 3.8 is no longer supported by the Python community as of 14 October, 2024. Runtime python38 is currently deprecated for Cloud Functions. We recommend you to upgrade to the latest version of Python as soon as possible.
2024-10-30 13:46:21,960 INFO     root            Not using ignore file.
2024-10-30 13:46:21,960 INFO     root            Not using ignore file.
2024-10-30 13:46:21,969 DEBUG    urllib3.connectionpool Starting new HTTPS connection (1): cloudfunctions.googleapis.com:443
2024-10-30 13:46:32,106 DEBUG    urllib3.connectionpool https://cloudfunctions.googleapis.com:443 "POST /v1/projects/proyectotest-1/locations/us-central1/functions:generateUploadUrl?alt=json HTTP/1.1" 200 None
2024-10-30 13:46:32,114 DEBUG    urllib3.connectionpool Starting new HTTPS connection (1): storage.googleapis.com:443
2024-10-30 13:46:32,541 DEBUG    urllib3.connectionpool https://storage.googleapis.com:443 "PUT /uploads-674828758397.us-central1.cloudfunctions.appspot.com/ade36a3d-0aed-4a32-8ca6-e60c18f354de.zip?GoogleAccessId=service-166772230865%40gcf-admin-robot.iam.gserviceaccount.com&Expires=1730294192&Signature=TsFJbwcqzXryB5tVf%2Fsn3hEXivjHaM7otMJSlQRJaNOffS80RnrhOkNsQg2g6%2FM6%2BjtvpwZFK9tCEK6SYnyOFqpvwR5RpHBSqEXiLftBsxLkm6IOTss3kqrfeD8%2BtFYY5R%2BbbzkRHPvtpb2VRfTyVdPXvBqRthNbX5XIg%2F57Q2t1WffctIz0Nku81BKXMRPqXNPuK3IUENZPpKfH%2FWRHzpCC8M17t7a0mWVdLUOlTPOrxHnUB%2FpFNO23pY62lyrqW%2BbmSLuFlrRyy8LiYUV9hTcWl9EMzacog5DG75LxBqy59N7%2F8lZbUF5S91EmwLYLboX6r%2FMq8%2B3sFLhbP4u45w%3D%3D HTTP/1.1" 200 0
2024-10-30 13:46:32,554 DEBUG    urllib3.connectionpool Starting new HTTPS connection (1): serviceusage.googleapis.com:443
2024-10-30 13:46:33,447 DEBUG    urllib3.connectionpool https://serviceusage.googleapis.com:443 "GET /v1/projects/proyectotest-1/services/cloudbuild.googleapis.com?alt=json HTTP/1.1" 200 None
2024-10-30 13:46:36,399 INFO     ___FILE_ONLY___ Enabling service [cloudbuild.googleapis.com] on project [proyectotest-1]...

2024-10-30 13:46:36,406 DEBUG    urllib3.connectionpool Starting new HTTPS connection (1): serviceusage.googleapis.com:443
2024-10-30 13:46:37,844 DEBUG    urllib3.connectionpool https://serviceusage.googleapis.com:443 "POST /v1/projects/proyectotest-1/services/cloudbuild.googleapis.com:enable?alt=json HTTP/1.1" 200 None
2024-10-30 13:46:37,852 DEBUG    urllib3.connectionpool Starting new HTTPS connection (1): serviceusage.googleapis.com:443
2024-10-30 13:46:38,586 DEBUG    urllib3.connectionpool https://serviceusage.googleapis.com:443 "GET /v1/operations/acf.p2-166772230865-9dd68a8b-be57-4a85-804e-cdbd7b643e9a?alt=json HTTP/1.1" 200 None
2024-10-30 13:46:40,661 DEBUG    urllib3.connectionpool Starting new HTTPS connection (1): serviceusage.googleapis.com:443
2024-10-30 13:46:41,372 DEBUG    urllib3.connectionpool https://serviceusage.googleapis.com:443 "GET /v1/operations/acf.p2-166772230865-9dd68a8b-be57-4a85-804e-cdbd7b643e9a?alt=json HTTP/1.1" 200 None
2024-10-30 13:46:43,704 DEBUG    urllib3.connectionpool Starting new HTTPS connection (1): serviceusage.googleapis.com:443
2024-10-30 13:46:44,632 DEBUG    urllib3.connectionpool https://serviceusage.googleapis.com:443 "GET /v1/operations/acf.p2-166772230865-9dd68a8b-be57-4a85-804e-cdbd7b643e9a?alt=json HTTP/1.1" 200 None
2024-10-30 13:46:44,639 INFO     ___FILE_ONLY___ Operation "operations/acf.p2-166772230865-9dd68a8b-be57-4a85-804e-cdbd7b643e9a" finished successfully.

2024-10-30 13:46:44,646 DEBUG    urllib3.connectionpool Starting new HTTPS connection (1): serviceusage.googleapis.com:443
2024-10-30 13:46:45,655 DEBUG    urllib3.connectionpool https://serviceusage.googleapis.com:443 "GET /v1/projects/proyectotest-1/services/artifactregistry.googleapis.com?alt=json HTTP/1.1" 200 None
2024-10-30 13:46:45,714 DEBUG    urllib3.connectionpool Starting new HTTPS connection (1): cloudbuild.googleapis.com:443
2024-10-30 13:46:46,575 DEBUG    urllib3.connectionpool https://cloudbuild.googleapis.com:443 "GET /v1/projects/proyectotest-1/locations/us-central1/defaultServiceAccount?alt=json HTTP/1.1" 403 None
2024-10-30 13:46:48,593 INFO     ___FILE_ONLY___ Enabling service [cloudbuild.googleapis.com] on project [proyectotest-1]...

2024-10-30 13:46:48,609 DEBUG    urllib3.connectionpool Starting new HTTPS connection (1): serviceusage.googleapis.com:443
2024-10-30 13:46:50,159 DEBUG    urllib3.connectionpool https://serviceusage.googleapis.com:443 "POST /v1/projects/proyectotest-1/services/cloudbuild.googleapis.com:enable?alt=json HTTP/1.1" 200 None
2024-10-30 13:46:50,165 DEBUG    root            Request returned no response, retrying
2024-10-30 13:46:50,165 DEBUG    root            Retrying request to url https://cloudbuild.googleapis.com/v1/projects/proyectotest-1/locations/us-central1/defaultServiceAccount?alt=json after exception Retry
2024-10-30 13:46:51,817 DEBUG    urllib3.connectionpool Starting new HTTPS connection (1): cloudbuild.googleapis.com:443
2024-10-30 13:46:52,615 DEBUG    urllib3.connectionpool https://cloudbuild.googleapis.com:443 "GET /v1/projects/proyectotest-1/locations/us-central1/defaultServiceAccount?alt=json HTTP/1.1" 403 None
2024-10-30 13:46:52,619 DEBUG    root            Request returned no response, retrying
2024-10-30 13:46:52,619 DEBUG    root            Retrying request to url https://cloudbuild.googleapis.com/v1/projects/proyectotest-1/locations/us-central1/defaultServiceAccount?alt=json after exception Retry
2024-10-30 13:46:55,969 DEBUG    urllib3.connectionpool Starting new HTTPS connection (1): cloudbuild.googleapis.com:443
2024-10-30 13:46:56,813 DEBUG    urllib3.connectionpool https://cloudbuild.googleapis.com:443 "GET /v1/projects/proyectotest-1/locations/us-central1/defaultServiceAccount?alt=json HTTP/1.1" 200 None
2024-10-30 13:46:56,822 DEBUG    urllib3.connectionpool Starting new HTTPS connection (1): cloudresourcemanager.googleapis.com:443
2024-10-30 13:46:57,223 DEBUG    urllib3.connectionpool https://cloudresourcemanager.googleapis.com:443 "GET /v1/projects/proyectotest-1?alt=json HTTP/1.1" 200 None
2024-10-30 13:46:57,232 DEBUG    urllib3.connectionpool Starting new HTTPS connection (1): cloudresourcemanager.googleapis.com:443
2024-10-30 13:46:58,274 DEBUG    urllib3.connectionpool https://cloudresourcemanager.googleapis.com:443 "POST /v1/projects/proyectotest-1:getIamPolicy?alt=json HTTP/1.1" 200 None
2024-10-30 13:46:58,284 DEBUG    urllib3.connectionpool Starting new HTTPS connection (1): cloudfunctions.googleapis.com:443
2024-10-30 13:47:01,870 DEBUG    urllib3.connectionpool https://cloudfunctions.googleapis.com:443 "POST /v1/projects/proyectotest-1/locations/us-central1/functions?alt=json HTTP/1.1" 200 None
2024-10-30 13:47:01,882 INFO     ___FILE_ONLY___ Deploying function (may take a while - up to 2 minutes)...
2024-10-30 13:47:01,884 DEBUG    urllib3.connectionpool Starting new HTTPS connection (1): cloudfunctions.googleapis.com:443
2024-10-30 13:47:02,441 DEBUG    urllib3.connectionpool https://cloudfunctions.googleapis.com:443 "GET /v1/operations/cHJvamVjdHMvcHJveWVjdG90ZXN0LTEvbG9jYXRpb25zL3VzLWNlbnRyYWwxL29wZXJhdGlvbnMvb3BlcmF0aW9uLTE3MzAyOTI0MTkzNDAtNjI1YjExOTAzMjcyMi05NjA1NjE1MS02MzViNDBjMw?alt=json HTTP/1.1" 200 None
2024-10-30 13:47:04,138 DEBUG    urllib3.connectionpool Starting new HTTPS connection (1): cloudfunctions.googleapis.com:443
2024-10-30 13:47:04,408 DEBUG    urllib3.connectionpool https://cloudfunctions.googleapis.com:443 "GET /v1/operations/cHJvamVjdHMvcHJveWVjdG90ZXN0LTEvbG9jYXRpb25zL3VzLWNlbnRyYWwxL29wZXJhdGlvbnMvb3BlcmF0aW9uLTE3MzAyOTI0MTkzNDAtNjI1YjExOTAzMjcyMi05NjA1NjE1MS02MzViNDBjMw?alt=json HTTP/1.1" 200 None
2024-10-30 13:47:05,913 DEBUG    urllib3.connectionpool Starting new HTTPS connection (1): cloudfunctions.googleapis.com:443
2024-10-30 13:47:06,187 DEBUG    urllib3.connectionpool https://cloudfunctions.googleapis.com:443 "GET /v1/operations/cHJvamVjdHMvcHJveWVjdG90ZXN0LTEvbG9jYXRpb25zL3VzLWNlbnRyYWwxL29wZXJhdGlvbnMvb3BlcmF0aW9uLTE3MzAyOTI0MTkzNDAtNjI1YjExOTAzMjcyMi05NjA1NjE1MS02MzViNDBjMw?alt=json HTTP/1.1" 200 None
2024-10-30 13:47:07,675 DEBUG    urllib3.connectionpool Starting new HTTPS connection (1): cloudfunctions.googleapis.com:443
2024-10-30 13:47:07,934 DEBUG    urllib3.connectionpool https://cloudfunctions.googleapis.com:443 "GET /v1/operations/cHJvamVjdHMvcHJveWVjdG90ZXN0LTEvbG9jYXRpb25zL3VzLWNlbnRyYWwxL29wZXJhdGlvbnMvb3BlcmF0aW9uLTE3MzAyOTI0MTkzNDAtNjI1YjExOTAzMjcyMi05NjA1NjE1MS02MzViNDBjMw?alt=json HTTP/1.1" 200 None
2024-10-30 13:47:09,311 DEBUG    urllib3.connectionpool Starting new HTTPS connection (1): cloudfunctions.googleapis.com:443
2024-10-30 13:47:09,574 DEBUG    urllib3.connectionpool https://cloudfunctions.googleapis.com:443 "GET /v1/operations/cHJvamVjdHMvcHJveWVjdG90ZXN0LTEvbG9jYXRpb25zL3VzLWNlbnRyYWwxL29wZXJhdGlvbnMvb3BlcmF0aW9uLTE3MzAyOTI0MTkzNDAtNjI1YjExOTAzMjcyMi05NjA1NjE1MS02MzViNDBjMw?alt=json HTTP/1.1" 200 None
2024-10-30 13:47:11,381 DEBUG    urllib3.connectionpool Starting new HTTPS connection (1): cloudfunctions.googleapis.com:443
2024-10-30 13:47:11,751 DEBUG    urllib3.connectionpool https://cloudfunctions.googleapis.com:443 "GET /v1/operations/cHJvamVjdHMvcHJveWVjdG90ZXN0LTEvbG9jYXRpb25zL3VzLWNlbnRyYWwxL29wZXJhdGlvbnMvb3BlcmF0aW9uLTE3MzAyOTI0MTkzNDAtNjI1YjExOTAzMjcyMi05NjA1NjE1MS02MzViNDBjMw?alt=json HTTP/1.1" 200 None
2024-10-30 13:47:13,674 DEBUG    urllib3.connectionpool Starting new HTTPS connection (1): cloudfunctions.googleapis.com:443
2024-10-30 13:47:14,006 DEBUG    urllib3.connectionpool https://cloudfunctions.googleapis.com:443 "GET /v1/operations/cHJvamVjdHMvcHJveWVjdG90ZXN0LTEvbG9jYXRpb25zL3VzLWNlbnRyYWwxL29wZXJhdGlvbnMvb3BlcmF0aW9uLTE3MzAyOTI0MTkzNDAtNjI1YjExOTAzMjcyMi05NjA1NjE1MS02MzViNDBjMw?alt=json HTTP/1.1" 200 None
2024-10-30 13:47:15,858 DEBUG    urllib3.connectionpool Starting new HTTPS connection (1): cloudfunctions.googleapis.com:443
2024-10-30 13:47:16,154 DEBUG    urllib3.connectionpool https://cloudfunctions.googleapis.com:443 "GET /v1/operations/cHJvamVjdHMvcHJveWVjdG90ZXN0LTEvbG9jYXRpb25zL3VzLWNlbnRyYWwxL29wZXJhdGlvbnMvb3BlcmF0aW9uLTE3MzAyOTI0MTkzNDAtNjI1YjExOTAzMjcyMi05NjA1NjE1MS02MzViNDBjMw?alt=json HTTP/1.1" 200 None
2024-10-30 13:47:17,215 DEBUG    urllib3.connectionpool Starting new HTTPS connection (1): cloudfunctions.googleapis.com:443
2024-10-30 13:47:17,466 DEBUG    urllib3.connectionpool https://cloudfunctions.googleapis.com:443 "GET /v1/operations/cHJvamVjdHMvcHJveWVjdG90ZXN0LTEvbG9jYXRpb25zL3VzLWNlbnRyYWwxL29wZXJhdGlvbnMvb3BlcmF0aW9uLTE3MzAyOTI0MTkzNDAtNjI1YjExOTAzMjcyMi05NjA1NjE1MS02MzViNDBjMw?alt=json HTTP/1.1" 200 None
2024-10-30 13:47:17,472 INFO     ___FILE_ONLY___ 
For Cloud Build Logs, visit: https://console.cloud.google.com/cloud-build/builds;region=us-central1/38997c40-517a-40e0-89bb-e66ae6f31092?project=166772230865

2024-10-30 13:47:18,921 DEBUG    urllib3.connectionpool Starting new HTTPS connection (1): cloudfunctions.googleapis.com:443
2024-10-30 13:47:19,226 DEBUG    urllib3.connectionpool https://cloudfunctions.googleapis.com:443 "GET /v1/operations/cHJvamVjdHMvcHJveWVjdG90ZXN0LTEvbG9jYXRpb25zL3VzLWNlbnRyYWwxL29wZXJhdGlvbnMvb3BlcmF0aW9uLTE3MzAyOTI0MTkzNDAtNjI1YjExOTAzMjcyMi05NjA1NjE1MS02MzViNDBjMw?alt=json HTTP/1.1" 200 None
2024-10-30 13:47:21,067 DEBUG    urllib3.connectionpool Starting new HTTPS connection (1): cloudfunctions.googleapis.com:443
2024-10-30 13:47:21,377 DEBUG    urllib3.connectionpool https://cloudfunctions.googleapis.com:443 "GET /v1/operations/cHJvamVjdHMvcHJveWVjdG90ZXN0LTEvbG9jYXRpb25zL3VzLWNlbnRyYWwxL29wZXJhdGlvbnMvb3BlcmF0aW9uLTE3MzAyOTI0MTkzNDAtNjI1YjExOTAzMjcyMi05NjA1NjE1MS02MzViNDBjMw?alt=json HTTP/1.1" 200 None
2024-10-30 13:47:23,039 DEBUG    urllib3.connectionpool Starting new HTTPS connection (1): cloudfunctions.googleapis.com:443
2024-10-30 13:47:23,425 DEBUG    urllib3.connectionpool https://cloudfunctions.googleapis.com:443 "GET /v1/operations/cHJvamVjdHMvcHJveWVjdG90ZXN0LTEvbG9jYXRpb25zL3VzLWNlbnRyYWwxL29wZXJhdGlvbnMvb3BlcmF0aW9uLTE3MzAyOTI0MTkzNDAtNjI1YjExOTAzMjcyMi05NjA1NjE1MS02MzViNDBjMw?alt=json HTTP/1.1" 200 None
2024-10-30 13:47:24,481 DEBUG    urllib3.connectionpool Starting new HTTPS connection (1): cloudfunctions.googleapis.com:443
2024-10-30 13:47:24,858 DEBUG    urllib3.connectionpool https://cloudfunctions.googleapis.com:443 "GET /v1/operations/cHJvamVjdHMvcHJveWVjdG90ZXN0LTEvbG9jYXRpb25zL3VzLWNlbnRyYWwxL29wZXJhdGlvbnMvb3BlcmF0aW9uLTE3MzAyOTI0MTkzNDAtNjI1YjExOTAzMjcyMi05NjA1NjE1MS02MzViNDBjMw?alt=json HTTP/1.1" 200 None
2024-10-30 13:47:26,063 DEBUG    urllib3.connectionpool Starting new HTTPS connection (1): cloudfunctions.googleapis.com:443
2024-10-30 13:47:26,396 DEBUG    urllib3.connectionpool https://cloudfunctions.googleapis.com:443 "GET /v1/operations/cHJvamVjdHMvcHJveWVjdG90ZXN0LTEvbG9jYXRpb25zL3VzLWNlbnRyYWwxL29wZXJhdGlvbnMvb3BlcmF0aW9uLTE3MzAyOTI0MTkzNDAtNjI1YjExOTAzMjcyMi05NjA1NjE1MS02MzViNDBjMw?alt=json HTTP/1.1" 200 None
2024-10-30 13:47:27,893 DEBUG    urllib3.connectionpool Starting new HTTPS connection (1): cloudfunctions.googleapis.com:443
2024-10-30 13:47:27,899 DEBUG    root            Caught socket error, retrying: HTTPSConnectionPool(host='cloudfunctions.googleapis.com', port=443): Max retries exceeded with url: /v1/operations/cHJvamVjdHMvcHJveWVjdG90ZXN0LTEvbG9jYXRpb25zL3VzLWNlbnRyYWwxL29wZXJhdGlvbnMvb3BlcmF0aW9uLTE3MzAyOTI0MTkzNDAtNjI1YjExOTAzMjcyMi05NjA1NjE1MS02MzViNDBjMw?alt=json (Caused by NewConnectionError('<urllib3.connection.HTTPSConnection object at 0x77a6b0861ed0>: Failed to establish a new connection: [Errno -3] Temporary failure in name resolution'))
2024-10-30 13:47:27,899 DEBUG    root            Retrying request to url https://cloudfunctions.googleapis.com/v1/operations/cHJvamVjdHMvcHJveWVjdG90ZXN0LTEvbG9jYXRpb25zL3VzLWNlbnRyYWwxL29wZXJhdGlvbnMvb3BlcmF0aW9uLTE3MzAyOTI0MTkzNDAtNjI1YjExOTAzMjcyMi05NjA1NjE1MS02MzViNDBjMw?alt=json after exception HTTPSConnectionPool(host='cloudfunctions.googleapis.com', port=443): Max retries exceeded with url: /v1/operations/cHJvamVjdHMvcHJveWVjdG90ZXN0LTEvbG9jYXRpb25zL3VzLWNlbnRyYWwxL29wZXJhdGlvbnMvb3BlcmF0aW9uLTE3MzAyOTI0MTkzNDAtNjI1YjExOTAzMjcyMi05NjA1NjE1MS02MzViNDBjMw?alt=json (Caused by NewConnectionError('<urllib3.connection.HTTPSConnection object at 0x77a6b0861ed0>: Failed to establish a new connection: [Errno -3] Temporary failure in name resolution'))
2024-10-30 13:47:29,937 DEBUG    urllib3.connectionpool Starting new HTTPS connection (1): cloudfunctions.googleapis.com:443
2024-10-30 13:47:30,239 DEBUG    urllib3.connectionpool https://cloudfunctions.googleapis.com:443 "GET /v1/operations/cHJvamVjdHMvcHJveWVjdG90ZXN0LTEvbG9jYXRpb25zL3VzLWNlbnRyYWwxL29wZXJhdGlvbnMvb3BlcmF0aW9uLTE3MzAyOTI0MTkzNDAtNjI1YjExOTAzMjcyMi05NjA1NjE1MS02MzViNDBjMw?alt=json HTTP/1.1" 200 None
2024-10-30 13:47:32,199 DEBUG    urllib3.connectionpool Starting new HTTPS connection (1): cloudfunctions.googleapis.com:443
2024-10-30 13:47:32,451 DEBUG    urllib3.connectionpool https://cloudfunctions.googleapis.com:443 "GET /v1/operations/cHJvamVjdHMvcHJveWVjdG90ZXN0LTEvbG9jYXRpb25zL3VzLWNlbnRyYWwxL29wZXJhdGlvbnMvb3BlcmF0aW9uLTE3MzAyOTI0MTkzNDAtNjI1YjExOTAzMjcyMi05NjA1NjE1MS02MzViNDBjMw?alt=json HTTP/1.1" 200 None
2024-10-30 13:47:34,193 DEBUG    urllib3.connectionpool Starting new HTTPS connection (1): cloudfunctions.googleapis.com:443
2024-10-30 13:47:34,481 DEBUG    urllib3.connectionpool https://cloudfunctions.googleapis.com:443 "GET /v1/operations/cHJvamVjdHMvcHJveWVjdG90ZXN0LTEvbG9jYXRpb25zL3VzLWNlbnRyYWwxL29wZXJhdGlvbnMvb3BlcmF0aW9uLTE3MzAyOTI0MTkzNDAtNjI1YjExOTAzMjcyMi05NjA1NjE1MS02MzViNDBjMw?alt=json HTTP/1.1" 200 None
2024-10-30 13:47:36,464 DEBUG    urllib3.connectionpool Starting new HTTPS connection (1): cloudfunctions.googleapis.com:443
2024-10-30 13:47:36,808 DEBUG    urllib3.connectionpool https://cloudfunctions.googleapis.com:443 "GET /v1/operations/cHJvamVjdHMvcHJveWVjdG90ZXN0LTEvbG9jYXRpb25zL3VzLWNlbnRyYWwxL29wZXJhdGlvbnMvb3BlcmF0aW9uLTE3MzAyOTI0MTkzNDAtNjI1YjExOTAzMjcyMi05NjA1NjE1MS02MzViNDBjMw?alt=json HTTP/1.1" 200 None
2024-10-30 13:47:38,183 DEBUG    urllib3.connectionpool Starting new HTTPS connection (1): cloudfunctions.googleapis.com:443
2024-10-30 13:47:38,548 DEBUG    urllib3.connectionpool https://cloudfunctions.googleapis.com:443 "GET /v1/operations/cHJvamVjdHMvcHJveWVjdG90ZXN0LTEvbG9jYXRpb25zL3VzLWNlbnRyYWwxL29wZXJhdGlvbnMvb3BlcmF0aW9uLTE3MzAyOTI0MTkzNDAtNjI1YjExOTAzMjcyMi05NjA1NjE1MS02MzViNDBjMw?alt=json HTTP/1.1" 200 None
2024-10-30 13:47:39,814 DEBUG    urllib3.connectionpool Starting new HTTPS connection (1): cloudfunctions.googleapis.com:443
2024-10-30 13:47:40,185 DEBUG    urllib3.connectionpool https://cloudfunctions.googleapis.com:443 "GET /v1/operations/cHJvamVjdHMvcHJveWVjdG90ZXN0LTEvbG9jYXRpb25zL3VzLWNlbnRyYWwxL29wZXJhdGlvbnMvb3BlcmF0aW9uLTE3MzAyOTI0MTkzNDAtNjI1YjExOTAzMjcyMi05NjA1NjE1MS02MzViNDBjMw?alt=json HTTP/1.1" 200 None
2024-10-30 13:47:41,652 DEBUG    urllib3.connectionpool Starting new HTTPS connection (1): cloudfunctions.googleapis.com:443
2024-10-30 13:47:42,029 DEBUG    urllib3.connectionpool https://cloudfunctions.googleapis.com:443 "GET /v1/operations/cHJvamVjdHMvcHJveWVjdG90ZXN0LTEvbG9jYXRpb25zL3VzLWNlbnRyYWwxL29wZXJhdGlvbnMvb3BlcmF0aW9uLTE3MzAyOTI0MTkzNDAtNjI1YjExOTAzMjcyMi05NjA1NjE1MS02MzViNDBjMw?alt=json HTTP/1.1" 200 None
2024-10-30 13:47:44,032 DEBUG    urllib3.connectionpool Starting new HTTPS connection (1): cloudfunctions.googleapis.com:443
2024-10-30 13:47:44,384 DEBUG    urllib3.connectionpool https://cloudfunctions.googleapis.com:443 "GET /v1/operations/cHJvamVjdHMvcHJveWVjdG90ZXN0LTEvbG9jYXRpb25zL3VzLWNlbnRyYWwxL29wZXJhdGlvbnMvb3BlcmF0aW9uLTE3MzAyOTI0MTkzNDAtNjI1YjExOTAzMjcyMi05NjA1NjE1MS02MzViNDBjMw?alt=json HTTP/1.1" 200 None
2024-10-30 13:47:46,188 DEBUG    urllib3.connectionpool Starting new HTTPS connection (1): cloudfunctions.googleapis.com:443
2024-10-30 13:47:46,636 DEBUG    urllib3.connectionpool https://cloudfunctions.googleapis.com:443 "GET /v1/operations/cHJvamVjdHMvcHJveWVjdG90ZXN0LTEvbG9jYXRpb25zL3VzLWNlbnRyYWwxL29wZXJhdGlvbnMvb3BlcmF0aW9uLTE3MzAyOTI0MTkzNDAtNjI1YjExOTAzMjcyMi05NjA1NjE1MS02MzViNDBjMw?alt=json HTTP/1.1" 200 None
2024-10-30 13:47:48,483 DEBUG    urllib3.connectionpool Starting new HTTPS connection (1): cloudfunctions.googleapis.com:443
2024-10-30 13:47:48,788 DEBUG    urllib3.connectionpool https://cloudfunctions.googleapis.com:443 "GET /v1/operations/cHJvamVjdHMvcHJveWVjdG90ZXN0LTEvbG9jYXRpb25zL3VzLWNlbnRyYWwxL29wZXJhdGlvbnMvb3BlcmF0aW9uLTE3MzAyOTI0MTkzNDAtNjI1YjExOTAzMjcyMi05NjA1NjE1MS02MzViNDBjMw?alt=json HTTP/1.1" 200 None
2024-10-30 13:47:50,050 DEBUG    urllib3.connectionpool Starting new HTTPS connection (1): cloudfunctions.googleapis.com:443
2024-10-30 13:47:50,426 DEBUG    urllib3.connectionpool https://cloudfunctions.googleapis.com:443 "GET /v1/operations/cHJvamVjdHMvcHJveWVjdG90ZXN0LTEvbG9jYXRpb25zL3VzLWNlbnRyYWwxL29wZXJhdGlvbnMvb3BlcmF0aW9uLTE3MzAyOTI0MTkzNDAtNjI1YjExOTAzMjcyMi05NjA1NjE1MS02MzViNDBjMw?alt=json HTTP/1.1" 200 None
2024-10-30 13:47:52,135 DEBUG    urllib3.connectionpool Starting new HTTPS connection (1): cloudfunctions.googleapis.com:443
2024-10-30 13:47:52,577 DEBUG    urllib3.connectionpool https://cloudfunctions.googleapis.com:443 "GET /v1/operations/cHJvamVjdHMvcHJveWVjdG90ZXN0LTEvbG9jYXRpb25zL3VzLWNlbnRyYWwxL29wZXJhdGlvbnMvb3BlcmF0aW9uLTE3MzAyOTI0MTkzNDAtNjI1YjExOTAzMjcyMi05NjA1NjE1MS02MzViNDBjMw?alt=json HTTP/1.1" 200 None
2024-10-30 13:47:53,738 DEBUG    urllib3.connectionpool Starting new HTTPS connection (1): cloudfunctions.googleapis.com:443
2024-10-30 13:47:54,113 DEBUG    urllib3.connectionpool https://cloudfunctions.googleapis.com:443 "GET /v1/operations/cHJvamVjdHMvcHJveWVjdG90ZXN0LTEvbG9jYXRpb25zL3VzLWNlbnRyYWwxL29wZXJhdGlvbnMvb3BlcmF0aW9uLTE3MzAyOTI0MTkzNDAtNjI1YjExOTAzMjcyMi05NjA1NjE1MS02MzViNDBjMw?alt=json HTTP/1.1" 200 None
2024-10-30 13:47:55,704 DEBUG    urllib3.connectionpool Starting new HTTPS connection (1): cloudfunctions.googleapis.com:443
2024-10-30 13:47:56,058 DEBUG    urllib3.connectionpool https://cloudfunctions.googleapis.com:443 "GET /v1/operations/cHJvamVjdHMvcHJveWVjdG90ZXN0LTEvbG9jYXRpb25zL3VzLWNlbnRyYWwxL29wZXJhdGlvbnMvb3BlcmF0aW9uLTE3MzAyOTI0MTkzNDAtNjI1YjExOTAzMjcyMi05NjA1NjE1MS02MzViNDBjMw?alt=json HTTP/1.1" 200 None
2024-10-30 13:47:57,447 DEBUG    urllib3.connectionpool Starting new HTTPS connection (1): cloudfunctions.googleapis.com:443
2024-10-30 13:47:57,798 DEBUG    urllib3.connectionpool https://cloudfunctions.googleapis.com:443 "GET /v1/operations/cHJvamVjdHMvcHJveWVjdG90ZXN0LTEvbG9jYXRpb25zL3VzLWNlbnRyYWwxL29wZXJhdGlvbnMvb3BlcmF0aW9uLTE3MzAyOTI0MTkzNDAtNjI1YjExOTAzMjcyMi05NjA1NjE1MS02MzViNDBjMw?alt=json HTTP/1.1" 200 None
2024-10-30 13:47:58,968 DEBUG    urllib3.connectionpool Starting new HTTPS connection (1): cloudfunctions.googleapis.com:443
2024-10-30 13:47:59,334 DEBUG    urllib3.connectionpool https://cloudfunctions.googleapis.com:443 "GET /v1/operations/cHJvamVjdHMvcHJveWVjdG90ZXN0LTEvbG9jYXRpb25zL3VzLWNlbnRyYWwxL29wZXJhdGlvbnMvb3BlcmF0aW9uLTE3MzAyOTI0MTkzNDAtNjI1YjExOTAzMjcyMi05NjA1NjE1MS02MzViNDBjMw?alt=json HTTP/1.1" 200 None
2024-10-30 13:48:00,533 DEBUG    urllib3.connectionpool Starting new HTTPS connection (1): cloudfunctions.googleapis.com:443
2024-10-30 13:48:00,871 DEBUG    urllib3.connectionpool https://cloudfunctions.googleapis.com:443 "GET /v1/operations/cHJvamVjdHMvcHJveWVjdG90ZXN0LTEvbG9jYXRpb25zL3VzLWNlbnRyYWwxL29wZXJhdGlvbnMvb3BlcmF0aW9uLTE3MzAyOTI0MTkzNDAtNjI1YjExOTAzMjcyMi05NjA1NjE1MS02MzViNDBjMw?alt=json HTTP/1.1" 200 None
2024-10-30 13:48:02,625 DEBUG    urllib3.connectionpool Starting new HTTPS connection (1): cloudfunctions.googleapis.com:443
2024-10-30 13:48:02,919 DEBUG    urllib3.connectionpool https://cloudfunctions.googleapis.com:443 "GET /v1/operations/cHJvamVjdHMvcHJveWVjdG90ZXN0LTEvbG9jYXRpb25zL3VzLWNlbnRyYWwxL29wZXJhdGlvbnMvb3BlcmF0aW9uLTE3MzAyOTI0MTkzNDAtNjI1YjExOTAzMjcyMi05NjA1NjE1MS02MzViNDBjMw?alt=json HTTP/1.1" 200 None
2024-10-30 13:48:04,281 DEBUG    urllib3.connectionpool Starting new HTTPS connection (1): cloudfunctions.googleapis.com:443
2024-10-30 13:48:04,557 DEBUG    urllib3.connectionpool https://cloudfunctions.googleapis.com:443 "GET /v1/operations/cHJvamVjdHMvcHJveWVjdG90ZXN0LTEvbG9jYXRpb25zL3VzLWNlbnRyYWwxL29wZXJhdGlvbnMvb3BlcmF0aW9uLTE3MzAyOTI0MTkzNDAtNjI1YjExOTAzMjcyMi05NjA1NjE1MS02MzViNDBjMw?alt=json HTTP/1.1" 200 None
2024-10-30 13:48:05,708 DEBUG    urllib3.connectionpool Starting new HTTPS connection (1): cloudfunctions.googleapis.com:443
2024-10-30 13:48:05,977 DEBUG    urllib3.connectionpool https://cloudfunctions.googleapis.com:443 "GET /v1/operations/cHJvamVjdHMvcHJveWVjdG90ZXN0LTEvbG9jYXRpb25zL3VzLWNlbnRyYWwxL29wZXJhdGlvbnMvb3BlcmF0aW9uLTE3MzAyOTI0MTkzNDAtNjI1YjExOTAzMjcyMi05NjA1NjE1MS02MzViNDBjMw?alt=json HTTP/1.1" 200 None
2024-10-30 13:48:07,583 DEBUG    urllib3.connectionpool Starting new HTTPS connection (1): cloudfunctions.googleapis.com:443
2024-10-30 13:48:07,937 DEBUG    urllib3.connectionpool https://cloudfunctions.googleapis.com:443 "GET /v1/operations/cHJvamVjdHMvcHJveWVjdG90ZXN0LTEvbG9jYXRpb25zL3VzLWNlbnRyYWwxL29wZXJhdGlvbnMvb3BlcmF0aW9uLTE3MzAyOTI0MTkzNDAtNjI1YjExOTAzMjcyMi05NjA1NjE1MS02MzViNDBjMw?alt=json HTTP/1.1" 200 None
2024-10-30 13:48:09,753 DEBUG    urllib3.connectionpool Starting new HTTPS connection (1): cloudfunctions.googleapis.com:443
2024-10-30 13:48:10,087 DEBUG    urllib3.connectionpool https://cloudfunctions.googleapis.com:443 "GET /v1/operations/cHJvamVjdHMvcHJveWVjdG90ZXN0LTEvbG9jYXRpb25zL3VzLWNlbnRyYWwxL29wZXJhdGlvbnMvb3BlcmF0aW9uLTE3MzAyOTI0MTkzNDAtNjI1YjExOTAzMjcyMi05NjA1NjE1MS02MzViNDBjMw?alt=json HTTP/1.1" 200 None
2024-10-30 13:48:11,864 DEBUG    urllib3.connectionpool Starting new HTTPS connection (1): cloudfunctions.googleapis.com:443
2024-10-30 13:48:12,237 DEBUG    urllib3.connectionpool https://cloudfunctions.googleapis.com:443 "GET /v1/operations/cHJvamVjdHMvcHJveWVjdG90ZXN0LTEvbG9jYXRpb25zL3VzLWNlbnRyYWwxL29wZXJhdGlvbnMvb3BlcmF0aW9uLTE3MzAyOTI0MTkzNDAtNjI1YjExOTAzMjcyMi05NjA1NjE1MS02MzViNDBjMw?alt=json HTTP/1.1" 200 None
2024-10-30 13:48:13,446 DEBUG    urllib3.connectionpool Starting new HTTPS connection (1): cloudfunctions.googleapis.com:443
2024-10-30 13:48:13,773 DEBUG    urllib3.connectionpool https://cloudfunctions.googleapis.com:443 "GET /v1/operations/cHJvamVjdHMvcHJveWVjdG90ZXN0LTEvbG9jYXRpb25zL3VzLWNlbnRyYWwxL29wZXJhdGlvbnMvb3BlcmF0aW9uLTE3MzAyOTI0MTkzNDAtNjI1YjExOTAzMjcyMi05NjA1NjE1MS02MzViNDBjMw?alt=json HTTP/1.1" 200 None
2024-10-30 13:48:15,380 DEBUG    urllib3.connectionpool Starting new HTTPS connection (1): cloudfunctions.googleapis.com:443
2024-10-30 13:48:15,719 DEBUG    urllib3.connectionpool https://cloudfunctions.googleapis.com:443 "GET /v1/operations/cHJvamVjdHMvcHJveWVjdG90ZXN0LTEvbG9jYXRpb25zL3VzLWNlbnRyYWwxL29wZXJhdGlvbnMvb3BlcmF0aW9uLTE3MzAyOTI0MTkzNDAtNjI1YjExOTAzMjcyMi05NjA1NjE1MS02MzViNDBjMw?alt=json HTTP/1.1" 200 None
2024-10-30 13:48:17,330 DEBUG    urllib3.connectionpool Starting new HTTPS connection (1): cloudfunctions.googleapis.com:443
2024-10-30 13:48:17,664 DEBUG    urllib3.connectionpool https://cloudfunctions.googleapis.com:443 "GET /v1/operations/cHJvamVjdHMvcHJveWVjdG90ZXN0LTEvbG9jYXRpb25zL3VzLWNlbnRyYWwxL29wZXJhdGlvbnMvb3BlcmF0aW9uLTE3MzAyOTI0MTkzNDAtNjI1YjExOTAzMjcyMi05NjA1NjE1MS02MzViNDBjMw?alt=json HTTP/1.1" 200 None
2024-10-30 13:48:18,719 DEBUG    urllib3.connectionpool Starting new HTTPS connection (1): cloudfunctions.googleapis.com:443
2024-10-30 13:48:18,995 DEBUG    urllib3.connectionpool https://cloudfunctions.googleapis.com:443 "GET /v1/operations/cHJvamVjdHMvcHJveWVjdG90ZXN0LTEvbG9jYXRpb25zL3VzLWNlbnRyYWwxL29wZXJhdGlvbnMvb3BlcmF0aW9uLTE3MzAyOTI0MTkzNDAtNjI1YjExOTAzMjcyMi05NjA1NjE1MS02MzViNDBjMw?alt=json HTTP/1.1" 200 None
2024-10-30 13:48:20,167 DEBUG    urllib3.connectionpool Starting new HTTPS connection (1): cloudfunctions.googleapis.com:443
2024-10-30 13:48:20,534 DEBUG    urllib3.connectionpool https://cloudfunctions.googleapis.com:443 "GET /v1/operations/cHJvamVjdHMvcHJveWVjdG90ZXN0LTEvbG9jYXRpb25zL3VzLWNlbnRyYWwxL29wZXJhdGlvbnMvb3BlcmF0aW9uLTE3MzAyOTI0MTkzNDAtNjI1YjExOTAzMjcyMi05NjA1NjE1MS02MzViNDBjMw?alt=json HTTP/1.1" 200 None
2024-10-30 13:48:22,167 DEBUG    urllib3.connectionpool Starting new HTTPS connection (1): cloudfunctions.googleapis.com:443
2024-10-30 13:48:22,477 DEBUG    urllib3.connectionpool https://cloudfunctions.googleapis.com:443 "GET /v1/operations/cHJvamVjdHMvcHJveWVjdG90ZXN0LTEvbG9jYXRpb25zL3VzLWNlbnRyYWwxL29wZXJhdGlvbnMvb3BlcmF0aW9uLTE3MzAyOTI0MTkzNDAtNjI1YjExOTAzMjcyMi05NjA1NjE1MS02MzViNDBjMw?alt=json HTTP/1.1" 200 None
2024-10-30 13:48:24,106 DEBUG    urllib3.connectionpool Starting new HTTPS connection (1): cloudfunctions.googleapis.com:443
2024-10-30 13:48:24,425 DEBUG    urllib3.connectionpool https://cloudfunctions.googleapis.com:443 "GET /v1/operations/cHJvamVjdHMvcHJveWVjdG90ZXN0LTEvbG9jYXRpb25zL3VzLWNlbnRyYWwxL29wZXJhdGlvbnMvb3BlcmF0aW9uLTE3MzAyOTI0MTkzNDAtNjI1YjExOTAzMjcyMi05NjA1NjE1MS02MzViNDBjMw?alt=json HTTP/1.1" 200 None
2024-10-30 13:48:25,565 DEBUG    urllib3.connectionpool Starting new HTTPS connection (1): cloudfunctions.googleapis.com:443
2024-10-30 13:48:25,858 DEBUG    urllib3.connectionpool https://cloudfunctions.googleapis.com:443 "GET /v1/operations/cHJvamVjdHMvcHJveWVjdG90ZXN0LTEvbG9jYXRpb25zL3VzLWNlbnRyYWwxL29wZXJhdGlvbnMvb3BlcmF0aW9uLTE3MzAyOTI0MTkzNDAtNjI1YjExOTAzMjcyMi05NjA1NjE1MS02MzViNDBjMw?alt=json HTTP/1.1" 200 None
2024-10-30 13:48:27,374 DEBUG    urllib3.connectionpool Starting new HTTPS connection (1): cloudfunctions.googleapis.com:443
2024-10-30 13:48:27,699 DEBUG    urllib3.connectionpool https://cloudfunctions.googleapis.com:443 "GET /v1/operations/cHJvamVjdHMvcHJveWVjdG90ZXN0LTEvbG9jYXRpb25zL3VzLWNlbnRyYWwxL29wZXJhdGlvbnMvb3BlcmF0aW9uLTE3MzAyOTI0MTkzNDAtNjI1YjExOTAzMjcyMi05NjA1NjE1MS02MzViNDBjMw?alt=json HTTP/1.1" 200 None
2024-10-30 13:48:28,744 DEBUG    urllib3.connectionpool Starting new HTTPS connection (1): cloudfunctions.googleapis.com:443
2024-10-30 13:48:29,133 DEBUG    urllib3.connectionpool https://cloudfunctions.googleapis.com:443 "GET /v1/operations/cHJvamVjdHMvcHJveWVjdG90ZXN0LTEvbG9jYXRpb25zL3VzLWNlbnRyYWwxL29wZXJhdGlvbnMvb3BlcmF0aW9uLTE3MzAyOTI0MTkzNDAtNjI1YjExOTAzMjcyMi05NjA1NjE1MS02MzViNDBjMw?alt=json HTTP/1.1" 200 None
2024-10-30 13:48:30,327 DEBUG    urllib3.connectionpool Starting new HTTPS connection (1): cloudfunctions.googleapis.com:443
2024-10-30 13:48:30,669 DEBUG    urllib3.connectionpool https://cloudfunctions.googleapis.com:443 "GET /v1/operations/cHJvamVjdHMvcHJveWVjdG90ZXN0LTEvbG9jYXRpb25zL3VzLWNlbnRyYWwxL29wZXJhdGlvbnMvb3BlcmF0aW9uLTE3MzAyOTI0MTkzNDAtNjI1YjExOTAzMjcyMi05NjA1NjE1MS02MzViNDBjMw?alt=json HTTP/1.1" 200 None
2024-10-30 13:48:32,613 DEBUG    urllib3.connectionpool Starting new HTTPS connection (1): cloudfunctions.googleapis.com:443
2024-10-30 13:48:32,922 DEBUG    urllib3.connectionpool https://cloudfunctions.googleapis.com:443 "GET /v1/operations/cHJvamVjdHMvcHJveWVjdG90ZXN0LTEvbG9jYXRpb25zL3VzLWNlbnRyYWwxL29wZXJhdGlvbnMvb3BlcmF0aW9uLTE3MzAyOTI0MTkzNDAtNjI1YjExOTAzMjcyMi05NjA1NjE1MS02MzViNDBjMw?alt=json HTTP/1.1" 200 None
2024-10-30 13:48:33,967 DEBUG    urllib3.connectionpool Starting new HTTPS connection (1): cloudfunctions.googleapis.com:443
2024-10-30 13:48:34,355 DEBUG    urllib3.connectionpool https://cloudfunctions.googleapis.com:443 "GET /v1/operations/cHJvamVjdHMvcHJveWVjdG90ZXN0LTEvbG9jYXRpb25zL3VzLWNlbnRyYWwxL29wZXJhdGlvbnMvb3BlcmF0aW9uLTE3MzAyOTI0MTkzNDAtNjI1YjExOTAzMjcyMi05NjA1NjE1MS02MzViNDBjMw?alt=json HTTP/1.1" 200 None
2024-10-30 13:48:35,588 DEBUG    urllib3.connectionpool Starting new HTTPS connection (1): cloudfunctions.googleapis.com:443
2024-10-30 13:48:35,891 DEBUG    urllib3.connectionpool https://cloudfunctions.googleapis.com:443 "GET /v1/operations/cHJvamVjdHMvcHJveWVjdG90ZXN0LTEvbG9jYXRpb25zL3VzLWNlbnRyYWwxL29wZXJhdGlvbnMvb3BlcmF0aW9uLTE3MzAyOTI0MTkzNDAtNjI1YjExOTAzMjcyMi05NjA1NjE1MS02MzViNDBjMw?alt=json HTTP/1.1" 200 None
2024-10-30 13:48:37,357 DEBUG    urllib3.connectionpool Starting new HTTPS connection (1): cloudfunctions.googleapis.com:443
2024-10-30 13:48:37,734 DEBUG    urllib3.connectionpool https://cloudfunctions.googleapis.com:443 "GET /v1/operations/cHJvamVjdHMvcHJveWVjdG90ZXN0LTEvbG9jYXRpb25zL3VzLWNlbnRyYWwxL29wZXJhdGlvbnMvb3BlcmF0aW9uLTE3MzAyOTI0MTkzNDAtNjI1YjExOTAzMjcyMi05NjA1NjE1MS02MzViNDBjMw?alt=json HTTP/1.1" 200 None
2024-10-30 13:48:39,462 DEBUG    urllib3.connectionpool Starting new HTTPS connection (1): cloudfunctions.googleapis.com:443
2024-10-30 13:48:40,294 DEBUG    urllib3.connectionpool https://cloudfunctions.googleapis.com:443 "GET /v1/operations/cHJvamVjdHMvcHJveWVjdG90ZXN0LTEvbG9jYXRpb25zL3VzLWNlbnRyYWwxL29wZXJhdGlvbnMvb3BlcmF0aW9uLTE3MzAyOTI0MTkzNDAtNjI1YjExOTAzMjcyMi05NjA1NjE1MS02MzViNDBjMw?alt=json HTTP/1.1" 200 None
2024-10-30 13:48:41,425 DEBUG    urllib3.connectionpool Starting new HTTPS connection (1): cloudfunctions.googleapis.com:443
2024-10-30 13:48:41,728 DEBUG    urllib3.connectionpool https://cloudfunctions.googleapis.com:443 "GET /v1/operations/cHJvamVjdHMvcHJveWVjdG90ZXN0LTEvbG9jYXRpb25zL3VzLWNlbnRyYWwxL29wZXJhdGlvbnMvb3BlcmF0aW9uLTE3MzAyOTI0MTkzNDAtNjI1YjExOTAzMjcyMi05NjA1NjE1MS02MzViNDBjMw?alt=json HTTP/1.1" 200 None
2024-10-30 13:48:42,790 DEBUG    urllib3.connectionpool Starting new HTTPS connection (1): cloudfunctions.googleapis.com:443
2024-10-30 13:48:43,264 DEBUG    urllib3.connectionpool https://cloudfunctions.googleapis.com:443 "GET /v1/operations/cHJvamVjdHMvcHJveWVjdG90ZXN0LTEvbG9jYXRpb25zL3VzLWNlbnRyYWwxL29wZXJhdGlvbnMvb3BlcmF0aW9uLTE3MzAyOTI0MTkzNDAtNjI1YjExOTAzMjcyMi05NjA1NjE1MS02MzViNDBjMw?alt=json HTTP/1.1" 200 None
2024-10-30 13:48:44,422 DEBUG    urllib3.connectionpool Starting new HTTPS connection (1): cloudfunctions.googleapis.com:443
2024-10-30 13:48:44,800 DEBUG    urllib3.connectionpool https://cloudfunctions.googleapis.com:443 "GET /v1/operations/cHJvamVjdHMvcHJveWVjdG90ZXN0LTEvbG9jYXRpb25zL3VzLWNlbnRyYWwxL29wZXJhdGlvbnMvb3BlcmF0aW9uLTE3MzAyOTI0MTkzNDAtNjI1YjExOTAzMjcyMi05NjA1NjE1MS02MzViNDBjMw?alt=json HTTP/1.1" 200 None
2024-10-30 13:48:46,265 DEBUG    urllib3.connectionpool Starting new HTTPS connection (1): cloudfunctions.googleapis.com:443
2024-10-30 13:48:46,540 DEBUG    urllib3.connectionpool https://cloudfunctions.googleapis.com:443 "GET /v1/operations/cHJvamVjdHMvcHJveWVjdG90ZXN0LTEvbG9jYXRpb25zL3VzLWNlbnRyYWwxL29wZXJhdGlvbnMvb3BlcmF0aW9uLTE3MzAyOTI0MTkzNDAtNjI1YjExOTAzMjcyMi05NjA1NjE1MS02MzViNDBjMw?alt=json HTTP/1.1" 200 None
2024-10-30 13:48:47,612 DEBUG    urllib3.connectionpool Starting new HTTPS connection (1): cloudfunctions.googleapis.com:443
2024-10-30 13:48:47,974 DEBUG    urllib3.connectionpool https://cloudfunctions.googleapis.com:443 "GET /v1/operations/cHJvamVjdHMvcHJveWVjdG90ZXN0LTEvbG9jYXRpb25zL3VzLWNlbnRyYWwxL29wZXJhdGlvbnMvb3BlcmF0aW9uLTE3MzAyOTI0MTkzNDAtNjI1YjExOTAzMjcyMi05NjA1NjE1MS02MzViNDBjMw?alt=json HTTP/1.1" 200 None
2024-10-30 13:48:49,808 DEBUG    urllib3.connectionpool Starting new HTTPS connection (1): cloudfunctions.googleapis.com:443
2024-10-30 13:48:50,124 DEBUG    urllib3.connectionpool https://cloudfunctions.googleapis.com:443 "GET /v1/operations/cHJvamVjdHMvcHJveWVjdG90ZXN0LTEvbG9jYXRpb25zL3VzLWNlbnRyYWwxL29wZXJhdGlvbnMvb3BlcmF0aW9uLTE3MzAyOTI0MTkzNDAtNjI1YjExOTAzMjcyMi05NjA1NjE1MS02MzViNDBjMw?alt=json HTTP/1.1" 200 None
2024-10-30 13:48:51,412 DEBUG    urllib3.connectionpool Starting new HTTPS connection (1): cloudfunctions.googleapis.com:443
2024-10-30 13:48:51,763 DEBUG    urllib3.connectionpool https://cloudfunctions.googleapis.com:443 "GET /v1/operations/cHJvamVjdHMvcHJveWVjdG90ZXN0LTEvbG9jYXRpb25zL3VzLWNlbnRyYWwxL29wZXJhdGlvbnMvb3BlcmF0aW9uLTE3MzAyOTI0MTkzNDAtNjI1YjExOTAzMjcyMi05NjA1NjE1MS02MzViNDBjMw?alt=json HTTP/1.1" 200 None
2024-10-30 13:48:53,077 DEBUG    urllib3.connectionpool Starting new HTTPS connection (1): cloudfunctions.googleapis.com:443
2024-10-30 13:48:53,401 DEBUG    urllib3.connectionpool https://cloudfunctions.googleapis.com:443 "GET /v1/operations/cHJvamVjdHMvcHJveWVjdG90ZXN0LTEvbG9jYXRpb25zL3VzLWNlbnRyYWwxL29wZXJhdGlvbnMvb3BlcmF0aW9uLTE3MzAyOTI0MTkzNDAtNjI1YjExOTAzMjcyMi05NjA1NjE1MS02MzViNDBjMw?alt=json HTTP/1.1" 200 None
2024-10-30 13:48:54,572 DEBUG    urllib3.connectionpool Starting new HTTPS connection (1): cloudfunctions.googleapis.com:443
2024-10-30 13:48:54,937 DEBUG    urllib3.connectionpool https://cloudfunctions.googleapis.com:443 "GET /v1/operations/cHJvamVjdHMvcHJveWVjdG90ZXN0LTEvbG9jYXRpb25zL3VzLWNlbnRyYWwxL29wZXJhdGlvbnMvb3BlcmF0aW9uLTE3MzAyOTI0MTkzNDAtNjI1YjExOTAzMjcyMi05NjA1NjE1MS02MzViNDBjMw?alt=json HTTP/1.1" 200 None
2024-10-30 13:48:55,979 DEBUG    urllib3.connectionpool Starting new HTTPS connection (1): cloudfunctions.googleapis.com:443
2024-10-30 13:48:56,473 DEBUG    urllib3.connectionpool https://cloudfunctions.googleapis.com:443 "GET /v1/operations/cHJvamVjdHMvcHJveWVjdG90ZXN0LTEvbG9jYXRpb25zL3VzLWNlbnRyYWwxL29wZXJhdGlvbnMvb3BlcmF0aW9uLTE3MzAyOTI0MTkzNDAtNjI1YjExOTAzMjcyMi05NjA1NjE1MS02MzViNDBjMw?alt=json HTTP/1.1" 200 None
2024-10-30 13:48:58,398 DEBUG    urllib3.connectionpool Starting new HTTPS connection (1): cloudfunctions.googleapis.com:443
2024-10-30 13:48:58,726 DEBUG    urllib3.connectionpool https://cloudfunctions.googleapis.com:443 "GET /v1/operations/cHJvamVjdHMvcHJveWVjdG90ZXN0LTEvbG9jYXRpb25zL3VzLWNlbnRyYWwxL29wZXJhdGlvbnMvb3BlcmF0aW9uLTE3MzAyOTI0MTkzNDAtNjI1YjExOTAzMjcyMi05NjA1NjE1MS02MzViNDBjMw?alt=json HTTP/1.1" 200 None
2024-10-30 13:49:00,633 DEBUG    urllib3.connectionpool Starting new HTTPS connection (1): cloudfunctions.googleapis.com:443
2024-10-30 13:49:00,940 DEBUG    urllib3.connectionpool https://cloudfunctions.googleapis.com:443 "GET /v1/operations/cHJvamVjdHMvcHJveWVjdG90ZXN0LTEvbG9jYXRpb25zL3VzLWNlbnRyYWwxL29wZXJhdGlvbnMvb3BlcmF0aW9uLTE3MzAyOTI0MTkzNDAtNjI1YjExOTAzMjcyMi05NjA1NjE1MS02MzViNDBjMw?alt=json HTTP/1.1" 200 None
2024-10-30 13:49:01,987 DEBUG    urllib3.connectionpool Starting new HTTPS connection (1): cloudfunctions.googleapis.com:443
2024-10-30 13:49:02,413 DEBUG    urllib3.connectionpool https://cloudfunctions.googleapis.com:443 "GET /v1/operations/cHJvamVjdHMvcHJveWVjdG90ZXN0LTEvbG9jYXRpb25zL3VzLWNlbnRyYWwxL29wZXJhdGlvbnMvb3BlcmF0aW9uLTE3MzAyOTI0MTkzNDAtNjI1YjExOTAzMjcyMi05NjA1NjE1MS02MzViNDBjMw?alt=json HTTP/1.1" 200 None
2024-10-30 13:49:03,595 DEBUG    urllib3.connectionpool Starting new HTTPS connection (1): cloudfunctions.googleapis.com:443
2024-10-30 13:49:03,949 DEBUG    urllib3.connectionpool https://cloudfunctions.googleapis.com:443 "GET /v1/operations/cHJvamVjdHMvcHJveWVjdG90ZXN0LTEvbG9jYXRpb25zL3VzLWNlbnRyYWwxL29wZXJhdGlvbnMvb3BlcmF0aW9uLTE3MzAyOTI0MTkzNDAtNjI1YjExOTAzMjcyMi05NjA1NjE1MS02MzViNDBjMw?alt=json HTTP/1.1" 200 None
2024-10-30 13:49:05,724 DEBUG    urllib3.connectionpool Starting new HTTPS connection (1): cloudfunctions.googleapis.com:443
2024-10-30 13:49:05,996 DEBUG    urllib3.connectionpool https://cloudfunctions.googleapis.com:443 "GET /v1/operations/cHJvamVjdHMvcHJveWVjdG90ZXN0LTEvbG9jYXRpb25zL3VzLWNlbnRyYWwxL29wZXJhdGlvbnMvb3BlcmF0aW9uLTE3MzAyOTI0MTkzNDAtNjI1YjExOTAzMjcyMi05NjA1NjE1MS02MzViNDBjMw?alt=json HTTP/1.1" 200 None
2024-10-30 13:49:08,002 DEBUG    urllib3.connectionpool Starting new HTTPS connection (1): cloudfunctions.googleapis.com:443
2024-10-30 13:49:08,352 DEBUG    urllib3.connectionpool https://cloudfunctions.googleapis.com:443 "GET /v1/operations/cHJvamVjdHMvcHJveWVjdG90ZXN0LTEvbG9jYXRpb25zL3VzLWNlbnRyYWwxL29wZXJhdGlvbnMvb3BlcmF0aW9uLTE3MzAyOTI0MTkzNDAtNjI1YjExOTAzMjcyMi05NjA1NjE1MS02MzViNDBjMw?alt=json HTTP/1.1" 200 None
2024-10-30 13:49:10,215 DEBUG    urllib3.connectionpool Starting new HTTPS connection (1): cloudfunctions.googleapis.com:443
2024-10-30 13:49:10,603 DEBUG    urllib3.connectionpool https://cloudfunctions.googleapis.com:443 "GET /v1/operations/cHJvamVjdHMvcHJveWVjdG90ZXN0LTEvbG9jYXRpb25zL3VzLWNlbnRyYWwxL29wZXJhdGlvbnMvb3BlcmF0aW9uLTE3MzAyOTI0MTkzNDAtNjI1YjExOTAzMjcyMi05NjA1NjE1MS02MzViNDBjMw?alt=json HTTP/1.1" 200 None
2024-10-30 13:49:12,073 DEBUG    urllib3.connectionpool Starting new HTTPS connection (1): cloudfunctions.googleapis.com:443
2024-10-30 13:49:12,446 DEBUG    urllib3.connectionpool https://cloudfunctions.googleapis.com:443 "GET /v1/operations/cHJvamVjdHMvcHJveWVjdG90ZXN0LTEvbG9jYXRpb25zL3VzLWNlbnRyYWwxL29wZXJhdGlvbnMvb3BlcmF0aW9uLTE3MzAyOTI0MTkzNDAtNjI1YjExOTAzMjcyMi05NjA1NjE1MS02MzViNDBjMw?alt=json HTTP/1.1" 200 None
2024-10-30 13:49:13,483 DEBUG    urllib3.connectionpool Starting new HTTPS connection (1): cloudfunctions.googleapis.com:443
2024-10-30 13:49:13,880 DEBUG    urllib3.connectionpool https://cloudfunctions.googleapis.com:443 "GET /v1/operations/cHJvamVjdHMvcHJveWVjdG90ZXN0LTEvbG9jYXRpb25zL3VzLWNlbnRyYWwxL29wZXJhdGlvbnMvb3BlcmF0aW9uLTE3MzAyOTI0MTkzNDAtNjI1YjExOTAzMjcyMi05NjA1NjE1MS02MzViNDBjMw?alt=json HTTP/1.1" 200 None
2024-10-30 13:49:14,955 DEBUG    urllib3.connectionpool Starting new HTTPS connection (1): cloudfunctions.googleapis.com:443
2024-10-30 13:49:15,314 DEBUG    urllib3.connectionpool https://cloudfunctions.googleapis.com:443 "GET /v1/operations/cHJvamVjdHMvcHJveWVjdG90ZXN0LTEvbG9jYXRpb25zL3VzLWNlbnRyYWwxL29wZXJhdGlvbnMvb3BlcmF0aW9uLTE3MzAyOTI0MTkzNDAtNjI1YjExOTAzMjcyMi05NjA1NjE1MS02MzViNDBjMw?alt=json HTTP/1.1" 200 None
2024-10-30 13:49:16,432 DEBUG    urllib3.connectionpool Starting new HTTPS connection (1): cloudfunctions.googleapis.com:443
2024-10-30 13:49:16,747 DEBUG    urllib3.connectionpool https://cloudfunctions.googleapis.com:443 "GET /v1/operations/cHJvamVjdHMvcHJveWVjdG90ZXN0LTEvbG9jYXRpb25zL3VzLWNlbnRyYWwxL29wZXJhdGlvbnMvb3BlcmF0aW9uLTE3MzAyOTI0MTkzNDAtNjI1YjExOTAzMjcyMi05NjA1NjE1MS02MzViNDBjMw?alt=json HTTP/1.1" 200 None
2024-10-30 13:49:18,578 DEBUG    urllib3.connectionpool Starting new HTTPS connection (1): cloudfunctions.googleapis.com:443
2024-10-30 13:49:18,898 DEBUG    urllib3.connectionpool https://cloudfunctions.googleapis.com:443 "GET /v1/operations/cHJvamVjdHMvcHJveWVjdG90ZXN0LTEvbG9jYXRpb25zL3VzLWNlbnRyYWwxL29wZXJhdGlvbnMvb3BlcmF0aW9uLTE3MzAyOTI0MTkzNDAtNjI1YjExOTAzMjcyMi05NjA1NjE1MS02MzViNDBjMw?alt=json HTTP/1.1" 200 None
2024-10-30 13:49:20,213 DEBUG    urllib3.connectionpool Starting new HTTPS connection (1): cloudfunctions.googleapis.com:443
2024-10-30 13:49:20,537 DEBUG    urllib3.connectionpool https://cloudfunctions.googleapis.com:443 "GET /v1/operations/cHJvamVjdHMvcHJveWVjdG90ZXN0LTEvbG9jYXRpb25zL3VzLWNlbnRyYWwxL29wZXJhdGlvbnMvb3BlcmF0aW9uLTE3MzAyOTI0MTkzNDAtNjI1YjExOTAzMjcyMi05NjA1NjE1MS02MzViNDBjMw?alt=json HTTP/1.1" 200 None
2024-10-30 13:49:21,965 DEBUG    urllib3.connectionpool Starting new HTTPS connection (1): cloudfunctions.googleapis.com:443
2024-10-30 13:49:22,379 DEBUG    urllib3.connectionpool https://cloudfunctions.googleapis.com:443 "GET /v1/operations/cHJvamVjdHMvcHJveWVjdG90ZXN0LTEvbG9jYXRpb25zL3VzLWNlbnRyYWwxL29wZXJhdGlvbnMvb3BlcmF0aW9uLTE3MzAyOTI0MTkzNDAtNjI1YjExOTAzMjcyMi05NjA1NjE1MS02MzViNDBjMw?alt=json HTTP/1.1" 200 None
2024-10-30 13:49:23,834 DEBUG    urllib3.connectionpool Starting new HTTPS connection (1): cloudfunctions.googleapis.com:443
2024-10-30 13:49:24,530 DEBUG    urllib3.connectionpool https://cloudfunctions.googleapis.com:443 "GET /v1/operations/cHJvamVjdHMvcHJveWVjdG90ZXN0LTEvbG9jYXRpb25zL3VzLWNlbnRyYWwxL29wZXJhdGlvbnMvb3BlcmF0aW9uLTE3MzAyOTI0MTkzNDAtNjI1YjExOTAzMjcyMi05NjA1NjE1MS02MzViNDBjMw?alt=json HTTP/1.1" 200 None
2024-10-30 13:49:26,420 DEBUG    urllib3.connectionpool Starting new HTTPS connection (1): cloudfunctions.googleapis.com:443
2024-10-30 13:49:26,782 DEBUG    urllib3.connectionpool https://cloudfunctions.googleapis.com:443 "GET /v1/operations/cHJvamVjdHMvcHJveWVjdG90ZXN0LTEvbG9jYXRpb25zL3VzLWNlbnRyYWwxL29wZXJhdGlvbnMvb3BlcmF0aW9uLTE3MzAyOTI0MTkzNDAtNjI1YjExOTAzMjcyMi05NjA1NjE1MS02MzViNDBjMw?alt=json HTTP/1.1" 200 None
2024-10-30 13:49:28,207 DEBUG    urllib3.connectionpool Starting new HTTPS connection (1): cloudfunctions.googleapis.com:443
2024-10-30 13:49:28,523 DEBUG    urllib3.connectionpool https://cloudfunctions.googleapis.com:443 "GET /v1/operations/cHJvamVjdHMvcHJveWVjdG90ZXN0LTEvbG9jYXRpb25zL3VzLWNlbnRyYWwxL29wZXJhdGlvbnMvb3BlcmF0aW9uLTE3MzAyOTI0MTkzNDAtNjI1YjExOTAzMjcyMi05NjA1NjE1MS02MzViNDBjMw?alt=json HTTP/1.1" 200 None
2024-10-30 13:49:30,119 DEBUG    urllib3.connectionpool Starting new HTTPS connection (1): cloudfunctions.googleapis.com:443
2024-10-30 13:49:30,776 DEBUG    urllib3.connectionpool https://cloudfunctions.googleapis.com:443 "GET /v1/operations/cHJvamVjdHMvcHJveWVjdG90ZXN0LTEvbG9jYXRpb25zL3VzLWNlbnRyYWwxL29wZXJhdGlvbnMvb3BlcmF0aW9uLTE3MzAyOTI0MTkzNDAtNjI1YjExOTAzMjcyMi05NjA1NjE1MS02MzViNDBjMw?alt=json HTTP/1.1" 200 None
2024-10-30 13:49:32,134 DEBUG    urllib3.connectionpool Starting new HTTPS connection (1): cloudfunctions.googleapis.com:443
2024-10-30 13:49:32,517 DEBUG    urllib3.connectionpool https://cloudfunctions.googleapis.com:443 "GET /v1/operations/cHJvamVjdHMvcHJveWVjdG90ZXN0LTEvbG9jYXRpb25zL3VzLWNlbnRyYWwxL29wZXJhdGlvbnMvb3BlcmF0aW9uLTE3MzAyOTI0MTkzNDAtNjI1YjExOTAzMjcyMi05NjA1NjE1MS02MzViNDBjMw?alt=json HTTP/1.1" 200 None
2024-10-30 13:49:33,911 DEBUG    urllib3.connectionpool Starting new HTTPS connection (1): cloudfunctions.googleapis.com:443
2024-10-30 13:49:34,565 DEBUG    urllib3.connectionpool https://cloudfunctions.googleapis.com:443 "GET /v1/operations/cHJvamVjdHMvcHJveWVjdG90ZXN0LTEvbG9jYXRpb25zL3VzLWNlbnRyYWwxL29wZXJhdGlvbnMvb3BlcmF0aW9uLTE3MzAyOTI0MTkzNDAtNjI1YjExOTAzMjcyMi05NjA1NjE1MS02MzViNDBjMw?alt=json HTTP/1.1" 200 None
2024-10-30 13:49:36,192 DEBUG    urllib3.connectionpool Starting new HTTPS connection (1): cloudfunctions.googleapis.com:443
2024-10-30 13:49:37,022 DEBUG    urllib3.connectionpool https://cloudfunctions.googleapis.com:443 "GET /v1/operations/cHJvamVjdHMvcHJveWVjdG90ZXN0LTEvbG9jYXRpb25zL3VzLWNlbnRyYWwxL29wZXJhdGlvbnMvb3BlcmF0aW9uLTE3MzAyOTI0MTkzNDAtNjI1YjExOTAzMjcyMi05NjA1NjE1MS02MzViNDBjMw?alt=json HTTP/1.1" 200 None
2024-10-30 13:49:38,587 DEBUG    urllib3.connectionpool Starting new HTTPS connection (1): cloudfunctions.googleapis.com:443
2024-10-30 13:49:38,865 DEBUG    urllib3.connectionpool https://cloudfunctions.googleapis.com:443 "GET /v1/operations/cHJvamVjdHMvcHJveWVjdG90ZXN0LTEvbG9jYXRpb25zL3VzLWNlbnRyYWwxL29wZXJhdGlvbnMvb3BlcmF0aW9uLTE3MzAyOTI0MTkzNDAtNjI1YjExOTAzMjcyMi05NjA1NjE1MS02MzViNDBjMw?alt=json HTTP/1.1" 200 None
2024-10-30 13:49:40,068 DEBUG    urllib3.connectionpool Starting new HTTPS connection (1): cloudfunctions.googleapis.com:443
2024-10-30 13:49:40,607 DEBUG    urllib3.connectionpool https://cloudfunctions.googleapis.com:443 "GET /v1/operations/cHJvamVjdHMvcHJveWVjdG90ZXN0LTEvbG9jYXRpb25zL3VzLWNlbnRyYWwxL29wZXJhdGlvbnMvb3BlcmF0aW9uLTE3MzAyOTI0MTkzNDAtNjI1YjExOTAzMjcyMi05NjA1NjE1MS02MzViNDBjMw?alt=json HTTP/1.1" 200 None
2024-10-30 13:49:42,556 DEBUG    urllib3.connectionpool Starting new HTTPS connection (1): cloudfunctions.googleapis.com:443
2024-10-30 13:49:43,678 DEBUG    urllib3.connectionpool https://cloudfunctions.googleapis.com:443 "GET /v1/operations/cHJvamVjdHMvcHJveWVjdG90ZXN0LTEvbG9jYXRpb25zL3VzLWNlbnRyYWwxL29wZXJhdGlvbnMvb3BlcmF0aW9uLTE3MzAyOTI0MTkzNDAtNjI1YjExOTAzMjcyMi05NjA1NjE1MS02MzViNDBjMw?alt=json HTTP/1.1" 200 None
2024-10-30 13:49:44,776 DEBUG    urllib3.connectionpool Starting new HTTPS connection (1): cloudfunctions.googleapis.com:443
2024-10-30 13:49:45,522 DEBUG    urllib3.connectionpool https://cloudfunctions.googleapis.com:443 "GET /v1/operations/cHJvamVjdHMvcHJveWVjdG90ZXN0LTEvbG9jYXRpb25zL3VzLWNlbnRyYWwxL29wZXJhdGlvbnMvb3BlcmF0aW9uLTE3MzAyOTI0MTkzNDAtNjI1YjExOTAzMjcyMi05NjA1NjE1MS02MzViNDBjMw?alt=json HTTP/1.1" 200 None
2024-10-30 13:49:46,714 DEBUG    urllib3.connectionpool Starting new HTTPS connection (1): cloudfunctions.googleapis.com:443
2024-10-30 13:49:47,571 DEBUG    urllib3.connectionpool https://cloudfunctions.googleapis.com:443 "GET /v1/operations/cHJvamVjdHMvcHJveWVjdG90ZXN0LTEvbG9jYXRpb25zL3VzLWNlbnRyYWwxL29wZXJhdGlvbnMvb3BlcmF0aW9uLTE3MzAyOTI0MTkzNDAtNjI1YjExOTAzMjcyMi05NjA1NjE1MS02MzViNDBjMw?alt=json HTTP/1.1" 200 None
2024-10-30 13:49:49,178 DEBUG    urllib3.connectionpool Starting new HTTPS connection (1): cloudfunctions.googleapis.com:443
2024-10-30 13:49:50,027 DEBUG    urllib3.connectionpool https://cloudfunctions.googleapis.com:443 "GET /v1/operations/cHJvamVjdHMvcHJveWVjdG90ZXN0LTEvbG9jYXRpb25zL3VzLWNlbnRyYWwxL29wZXJhdGlvbnMvb3BlcmF0aW9uLTE3MzAyOTI0MTkzNDAtNjI1YjExOTAzMjcyMi05NjA1NjE1MS02MzViNDBjMw?alt=json HTTP/1.1" 200 None
2024-10-30 13:49:51,846 DEBUG    urllib3.connectionpool Starting new HTTPS connection (1): cloudfunctions.googleapis.com:443
2024-10-30 13:49:52,690 DEBUG    urllib3.connectionpool https://cloudfunctions.googleapis.com:443 "GET /v1/operations/cHJvamVjdHMvcHJveWVjdG90ZXN0LTEvbG9jYXRpb25zL3VzLWNlbnRyYWwxL29wZXJhdGlvbnMvb3BlcmF0aW9uLTE3MzAyOTI0MTkzNDAtNjI1YjExOTAzMjcyMi05NjA1NjE1MS02MzViNDBjMw?alt=json HTTP/1.1" 200 None
2024-10-30 13:49:54,448 DEBUG    urllib3.connectionpool Starting new HTTPS connection (1): cloudfunctions.googleapis.com:443
2024-10-30 13:49:55,557 DEBUG    urllib3.connectionpool https://cloudfunctions.googleapis.com:443 "GET /v1/operations/cHJvamVjdHMvcHJveWVjdG90ZXN0LTEvbG9jYXRpb25zL3VzLWNlbnRyYWwxL29wZXJhdGlvbnMvb3BlcmF0aW9uLTE3MzAyOTI0MTkzNDAtNjI1YjExOTAzMjcyMi05NjA1NjE1MS02MzViNDBjMw?alt=json HTTP/1.1" 200 None
2024-10-30 13:49:56,808 DEBUG    urllib3.connectionpool Starting new HTTPS connection (1): cloudfunctions.googleapis.com:443
2024-10-30 13:49:57,606 DEBUG    urllib3.connectionpool https://cloudfunctions.googleapis.com:443 "GET /v1/operations/cHJvamVjdHMvcHJveWVjdG90ZXN0LTEvbG9jYXRpb25zL3VzLWNlbnRyYWwxL29wZXJhdGlvbnMvb3BlcmF0aW9uLTE3MzAyOTI0MTkzNDAtNjI1YjExOTAzMjcyMi05NjA1NjE1MS02MzViNDBjMw?alt=json HTTP/1.1" 200 None
2024-10-30 13:49:58,660 DEBUG    urllib3.connectionpool Starting new HTTPS connection (1): cloudfunctions.googleapis.com:443
2024-10-30 13:49:59,450 DEBUG    urllib3.connectionpool https://cloudfunctions.googleapis.com:443 "GET /v1/operations/cHJvamVjdHMvcHJveWVjdG90ZXN0LTEvbG9jYXRpb25zL3VzLWNlbnRyYWwxL29wZXJhdGlvbnMvb3BlcmF0aW9uLTE3MzAyOTI0MTkzNDAtNjI1YjExOTAzMjcyMi05NjA1NjE1MS02MzViNDBjMw?alt=json HTTP/1.1" 200 None
2024-10-30 13:50:00,891 DEBUG    urllib3.connectionpool Starting new HTTPS connection (1): cloudfunctions.googleapis.com:443
2024-10-30 13:50:01,702 DEBUG    urllib3.connectionpool https://cloudfunctions.googleapis.com:443 "GET /v1/operations/cHJvamVjdHMvcHJveWVjdG90ZXN0LTEvbG9jYXRpb25zL3VzLWNlbnRyYWwxL29wZXJhdGlvbnMvb3BlcmF0aW9uLTE3MzAyOTI0MTkzNDAtNjI1YjExOTAzMjcyMi05NjA1NjE1MS02MzViNDBjMw?alt=json HTTP/1.1" 200 None
2024-10-30 13:50:02,940 DEBUG    urllib3.connectionpool Starting new HTTPS connection (1): cloudfunctions.googleapis.com:443
2024-10-30 13:50:03,750 DEBUG    urllib3.connectionpool https://cloudfunctions.googleapis.com:443 "GET /v1/operations/cHJvamVjdHMvcHJveWVjdG90ZXN0LTEvbG9jYXRpb25zL3VzLWNlbnRyYWwxL29wZXJhdGlvbnMvb3BlcmF0aW9uLTE3MzAyOTI0MTkzNDAtNjI1YjExOTAzMjcyMi05NjA1NjE1MS02MzViNDBjMw?alt=json HTTP/1.1" 200 None
2024-10-30 13:50:05,690 DEBUG    urllib3.connectionpool Starting new HTTPS connection (1): cloudfunctions.googleapis.com:443
2024-10-30 13:50:06,513 DEBUG    urllib3.connectionpool https://cloudfunctions.googleapis.com:443 "GET /v1/operations/cHJvamVjdHMvcHJveWVjdG90ZXN0LTEvbG9jYXRpb25zL3VzLWNlbnRyYWwxL29wZXJhdGlvbnMvb3BlcmF0aW9uLTE3MzAyOTI0MTkzNDAtNjI1YjExOTAzMjcyMi05NjA1NjE1MS02MzViNDBjMw?alt=json HTTP/1.1" 200 None
2024-10-30 13:50:07,618 DEBUG    urllib3.connectionpool Starting new HTTPS connection (1): cloudfunctions.googleapis.com:443
2024-10-30 13:50:08,323 DEBUG    urllib3.connectionpool https://cloudfunctions.googleapis.com:443 "GET /v1/operations/cHJvamVjdHMvcHJveWVjdG90ZXN0LTEvbG9jYXRpb25zL3VzLWNlbnRyYWwxL29wZXJhdGlvbnMvb3BlcmF0aW9uLTE3MzAyOTI0MTkzNDAtNjI1YjExOTAzMjcyMi05NjA1NjE1MS02MzViNDBjMw?alt=json HTTP/1.1" 200 None
2024-10-30 13:50:10,105 DEBUG    urllib3.connectionpool Starting new HTTPS connection (1): cloudfunctions.googleapis.com:443
2024-10-30 13:50:11,121 DEBUG    urllib3.connectionpool https://cloudfunctions.googleapis.com:443 "GET /v1/operations/cHJvamVjdHMvcHJveWVjdG90ZXN0LTEvbG9jYXRpb25zL3VzLWNlbnRyYWwxL29wZXJhdGlvbnMvb3BlcmF0aW9uLTE3MzAyOTI0MTkzNDAtNjI1YjExOTAzMjcyMi05NjA1NjE1MS02MzViNDBjMw?alt=json HTTP/1.1" 200 None
2024-10-30 13:50:12,403 DEBUG    urllib3.connectionpool Starting new HTTPS connection (1): cloudfunctions.googleapis.com:443
2024-10-30 13:50:13,170 DEBUG    urllib3.connectionpool https://cloudfunctions.googleapis.com:443 "GET /v1/operations/cHJvamVjdHMvcHJveWVjdG90ZXN0LTEvbG9jYXRpb25zL3VzLWNlbnRyYWwxL29wZXJhdGlvbnMvb3BlcmF0aW9uLTE3MzAyOTI0MTkzNDAtNjI1YjExOTAzMjcyMi05NjA1NjE1MS02MzViNDBjMw?alt=json HTTP/1.1" 200 None
2024-10-30 13:50:15,049 DEBUG    urllib3.connectionpool Starting new HTTPS connection (1): cloudfunctions.googleapis.com:443
2024-10-30 13:50:16,242 DEBUG    urllib3.connectionpool https://cloudfunctions.googleapis.com:443 "GET /v1/operations/cHJvamVjdHMvcHJveWVjdG90ZXN0LTEvbG9jYXRpb25zL3VzLWNlbnRyYWwxL29wZXJhdGlvbnMvb3BlcmF0aW9uLTE3MzAyOTI0MTkzNDAtNjI1YjExOTAzMjcyMi05NjA1NjE1MS02MzViNDBjMw?alt=json HTTP/1.1" 200 None
2024-10-30 13:50:17,489 DEBUG    urllib3.connectionpool Starting new HTTPS connection (1): cloudfunctions.googleapis.com:443
2024-10-30 13:50:18,291 DEBUG    urllib3.connectionpool https://cloudfunctions.googleapis.com:443 "GET /v1/operations/cHJvamVjdHMvcHJveWVjdG90ZXN0LTEvbG9jYXRpb25zL3VzLWNlbnRyYWwxL29wZXJhdGlvbnMvb3BlcmF0aW9uLTE3MzAyOTI0MTkzNDAtNjI1YjExOTAzMjcyMi05NjA1NjE1MS02MzViNDBjMw?alt=json HTTP/1.1" 200 None
2024-10-30 13:50:18,295 DEBUG    root            (gcloud.functions.deploy) OperationError: code=7, message=Gen1 operation for function projects/proyectotest-1/locations/us-central1/functions/ingester-transactions failed: Insufficient permissions to (re)configure a trigger (permission denied for bucket asr-cloud-test-01). Please, give owner permissions to the editor role of the bucket and try again. Please visit https://cloud.google.com/functions/docs/troubleshooting for in-depth troubleshooting documentation..
Traceback (most recent call last):
  File "/usr/bin/../lib/google-cloud-sdk/lib/googlecloudsdk/calliope/cli.py", line 998, in Execute
    resources = calliope_command.Run(cli=self, args=args)
                ^^^^^^^^^^^^^^^^^^^^^^^^^^^^^^^^^^^^^^^^^
  File "/usr/bin/../lib/google-cloud-sdk/lib/googlecloudsdk/calliope/backend.py", line 842, in Run
    resources = command_instance.Run(args)
                ^^^^^^^^^^^^^^^^^^^^^^^^^^
  File "/usr/bin/../lib/google-cloud-sdk/lib/googlecloudsdk/api_lib/functions/v1/util.py", line 387, in CatchHTTPErrorRaiseHTTPExceptionFn
    return func(*args, **kwargs)
           ^^^^^^^^^^^^^^^^^^^^^
  File "/usr/bin/../lib/google-cloud-sdk/lib/googlecloudsdk/command_lib/functions/util.py", line 73, in Run
    return self._RunV1(args)
           ^^^^^^^^^^^^^^^^^
  File "/usr/bin/../lib/google-cloud-sdk/lib/surface/functions/deploy.py", line 138, in _RunV1
    return command_v1.Run(args, track=self.ReleaseTrack())
           ^^^^^^^^^^^^^^^^^^^^^^^^^^^^^^^^^^^^^^^^^^^^^^^
  File "/usr/bin/../lib/google-cloud-sdk/lib/googlecloudsdk/command_lib/functions/v1/deploy/command.py", line 820, in Run
    api_util.WaitForFunctionUpdateOperation(
  File "/usr/bin/../lib/google-cloud-sdk/lib/googlecloudsdk/api_lib/functions/v1/util.py", line 387, in CatchHTTPErrorRaiseHTTPExceptionFn
    return func(*args, **kwargs)
           ^^^^^^^^^^^^^^^^^^^^^
  File "/usr/bin/../lib/google-cloud-sdk/lib/googlecloudsdk/api_lib/functions/v1/util.py", line 459, in WaitForFunctionUpdateOperation
    operations.Wait(
  File "/usr/bin/../lib/google-cloud-sdk/lib/googlecloudsdk/api_lib/functions/v1/operations.py", line 167, in Wait
    _WaitForOperation(client, request, notice, try_set_invoker, on_every_poll)
  File "/usr/bin/../lib/google-cloud-sdk/lib/googlecloudsdk/api_lib/functions/v1/operations.py", line 121, in _WaitForOperation
    retryer.RetryOnResult(
  File "/usr/bin/../lib/google-cloud-sdk/lib/googlecloudsdk/core/util/retry.py", line 239, in RetryOnResult
    result = func(*args, **kwargs)
             ^^^^^^^^^^^^^^^^^^^^^
  File "/usr/bin/../lib/google-cloud-sdk/lib/googlecloudsdk/api_lib/functions/v1/operations.py", line 78, in _GetOperationStatus
    raise exceptions.FunctionsError(OperationErrorToString(op.error))
googlecloudsdk.api_lib.functions.v1.exceptions.FunctionsError: OperationError: code=7, message=Gen1 operation for function projects/proyectotest-1/locations/us-central1/functions/ingester-transactions failed: Insufficient permissions to (re)configure a trigger (permission denied for bucket asr-cloud-test-01). Please, give owner permissions to the editor role of the bucket and try again. Please visit https://cloud.google.com/functions/docs/troubleshooting for in-depth troubleshooting documentation..
2024-10-30 13:50:18,309 ERROR    root            (gcloud.functions.deploy) OperationError: code=7, message=Gen1 operation for function projects/proyectotest-1/locations/us-central1/functions/ingester-transactions failed: Insufficient permissions to (re)configure a trigger (permission denied for bucket asr-cloud-test-01). Please, give owner permissions to the editor role of the bucket and try again. Please visit https://cloud.google.com/functions/docs/troubleshooting for in-depth troubleshooting documentation..
